[0.076s] Invoking command in '/home/alejo/turtlebot3_ws/build/turtlebot3': AMENT_PREFIX_PATH=/home/alejo/turtlebot3_ws/install/turtlebot3_bringup:/home/alejo/turtlebot3_ws/install/turtlebot3_teleop:/home/alejo/turtlebot3_ws/install/turtlebot3_node:/home/alejo/turtlebot3_ws/install/turtlebot3_navigation2:/home/alejo/turtlebot3_ws/install/turtlebot3_example:/home/alejo/turtlebot3_ws/install/turtlebot3_description:/home/alejo/turtlebot3_ws/install/turtlebot3_cartographer:${AMENT_PREFIX_PATH} CMAKE_PREFIX_PATH=/home/alejo/turtlebot3_ws/install/turtlebot3_bringup:/home/alejo/turtlebot3_ws/install/turtlebot3_node:/home/alejo/turtlebot3_ws/install/turtlebot3_navigation2:/home/alejo/turtlebot3_ws/install/turtlebot3_description:/home/alejo/turtlebot3_ws/install/turtlebot3_cartographer:/opt/ros/humble PYTHONPATH=/home/alejo/turtlebot3_ws/build/turtlebot3_teleop:/home/alejo/turtlebot3_ws/install/turtlebot3_teleop/lib/python3.10/site-packages:/home/alejo/turtlebot3_ws/build/turtlebot3_example:/home/alejo/turtlebot3_ws/install/turtlebot3_example/lib/python3.10/site-packages:${PYTHONPATH} /usr/bin/cmake /home/alejo/turtlebot3_ws/src/turtlebot3/turtlebot3 -DAMENT_CMAKE_SYMLINK_INSTALL=1 -DCMAKE_INSTALL_PREFIX=/home/alejo/turtlebot3_ws/install/turtlebot3
[0.218s] -- The C compiler identification is GNU 11.4.0
[0.345s] -- The CXX compiler identification is GNU 11.4.0
[0.364s] -- Detecting C compiler ABI info
[0.474s] -- Detecting C compiler ABI info - done
[0.486s] -- Check for working C compiler: /usr/bin/cc - skipped
[0.486s] -- Detecting C compile features
[0.487s] -- Detecting C compile features - done
[0.490s] -- Detecting CXX compiler ABI info
[0.711s] -- Detecting CXX compiler ABI info - done
[0.720s] -- Check for working CXX compiler: /usr/bin/c++ - skipped
[0.720s] -- Detecting CXX compile features
[0.720s] -- Detecting CXX compile features - done
[0.725s] -- Found ament_cmake: 1.3.7 (/opt/ros/humble/share/ament_cmake/cmake)
[0.997s] -- Found Python3: /usr/bin/python3.10 (found version "3.10.12") found components: Interpreter 
[1.072s] -- Override CMake install command with custom implementation using symlinks instead of copying resources
[1.245s] -- Configuring done
[1.249s] -- Generating done
[1.250s] -- Build files have been written to: /home/alejo/turtlebot3_ws/build/turtlebot3
[1.256s] Invoked command in '/home/alejo/turtlebot3_ws/build/turtlebot3' returned '0': AMENT_PREFIX_PATH=/home/alejo/turtlebot3_ws/install/turtlebot3_bringup:/home/alejo/turtlebot3_ws/install/turtlebot3_teleop:/home/alejo/turtlebot3_ws/install/turtlebot3_node:/home/alejo/turtlebot3_ws/install/turtlebot3_navigation2:/home/alejo/turtlebot3_ws/install/turtlebot3_example:/home/alejo/turtlebot3_ws/install/turtlebot3_description:/home/alejo/turtlebot3_ws/install/turtlebot3_cartographer:${AMENT_PREFIX_PATH} CMAKE_PREFIX_PATH=/home/alejo/turtlebot3_ws/install/turtlebot3_bringup:/home/alejo/turtlebot3_ws/install/turtlebot3_node:/home/alejo/turtlebot3_ws/install/turtlebot3_navigation2:/home/alejo/turtlebot3_ws/install/turtlebot3_description:/home/alejo/turtlebot3_ws/install/turtlebot3_cartographer:/opt/ros/humble PYTHONPATH=/home/alejo/turtlebot3_ws/build/turtlebot3_teleop:/home/alejo/turtlebot3_ws/install/turtlebot3_teleop/lib/python3.10/site-packages:/home/alejo/turtlebot3_ws/build/turtlebot3_example:/home/alejo/turtlebot3_ws/install/turtlebot3_example/lib/python3.10/site-packages:${PYTHONPATH} /usr/bin/cmake /home/alejo/turtlebot3_ws/src/turtlebot3/turtlebot3 -DAMENT_CMAKE_SYMLINK_INSTALL=1 -DCMAKE_INSTALL_PREFIX=/home/alejo/turtlebot3_ws/install/turtlebot3
[1.259s] Invoking command in '/home/alejo/turtlebot3_ws/build/turtlebot3': AMENT_PREFIX_PATH=/home/alejo/turtlebot3_ws/install/turtlebot3_bringup:/home/alejo/turtlebot3_ws/install/turtlebot3_teleop:/home/alejo/turtlebot3_ws/install/turtlebot3_node:/home/alejo/turtlebot3_ws/install/turtlebot3_navigation2:/home/alejo/turtlebot3_ws/install/turtlebot3_example:/home/alejo/turtlebot3_ws/install/turtlebot3_description:/home/alejo/turtlebot3_ws/install/turtlebot3_cartographer:${AMENT_PREFIX_PATH} CMAKE_PREFIX_PATH=/home/alejo/turtlebot3_ws/install/turtlebot3_bringup:/home/alejo/turtlebot3_ws/install/turtlebot3_node:/home/alejo/turtlebot3_ws/install/turtlebot3_navigation2:/home/alejo/turtlebot3_ws/install/turtlebot3_description:/home/alejo/turtlebot3_ws/install/turtlebot3_cartographer:/opt/ros/humble PYTHONPATH=/home/alejo/turtlebot3_ws/build/turtlebot3_teleop:/home/alejo/turtlebot3_ws/install/turtlebot3_teleop/lib/python3.10/site-packages:/home/alejo/turtlebot3_ws/build/turtlebot3_example:/home/alejo/turtlebot3_ws/install/turtlebot3_example/lib/python3.10/site-packages:${PYTHONPATH} /usr/bin/cmake --build /home/alejo/turtlebot3_ws/build/turtlebot3 -- -j8 -l8
[1.328s] Invoked command in '/home/alejo/turtlebot3_ws/build/turtlebot3' returned '0': AMENT_PREFIX_PATH=/home/alejo/turtlebot3_ws/install/turtlebot3_bringup:/home/alejo/turtlebot3_ws/install/turtlebot3_teleop:/home/alejo/turtlebot3_ws/install/turtlebot3_node:/home/alejo/turtlebot3_ws/install/turtlebot3_navigation2:/home/alejo/turtlebot3_ws/install/turtlebot3_example:/home/alejo/turtlebot3_ws/install/turtlebot3_description:/home/alejo/turtlebot3_ws/install/turtlebot3_cartographer:${AMENT_PREFIX_PATH} CMAKE_PREFIX_PATH=/home/alejo/turtlebot3_ws/install/turtlebot3_bringup:/home/alejo/turtlebot3_ws/install/turtlebot3_node:/home/alejo/turtlebot3_ws/install/turtlebot3_navigation2:/home/alejo/turtlebot3_ws/install/turtlebot3_description:/home/alejo/turtlebot3_ws/install/turtlebot3_cartographer:/opt/ros/humble PYTHONPATH=/home/alejo/turtlebot3_ws/build/turtlebot3_teleop:/home/alejo/turtlebot3_ws/install/turtlebot3_teleop/lib/python3.10/site-packages:/home/alejo/turtlebot3_ws/build/turtlebot3_example:/home/alejo/turtlebot3_ws/install/turtlebot3_example/lib/python3.10/site-packages:${PYTHONPATH} /usr/bin/cmake --build /home/alejo/turtlebot3_ws/build/turtlebot3 -- -j8 -l8
[1.369s] Invoking command in '/home/alejo/turtlebot3_ws/build/turtlebot3': AMENT_PREFIX_PATH=/home/alejo/turtlebot3_ws/install/turtlebot3_bringup:/home/alejo/turtlebot3_ws/install/turtlebot3_teleop:/home/alejo/turtlebot3_ws/install/turtlebot3_node:/home/alejo/turtlebot3_ws/install/turtlebot3_navigation2:/home/alejo/turtlebot3_ws/install/turtlebot3_example:/home/alejo/turtlebot3_ws/install/turtlebot3_description:/home/alejo/turtlebot3_ws/install/turtlebot3_cartographer:${AMENT_PREFIX_PATH} CMAKE_PREFIX_PATH=/home/alejo/turtlebot3_ws/install/turtlebot3_bringup:/home/alejo/turtlebot3_ws/install/turtlebot3_node:/home/alejo/turtlebot3_ws/install/turtlebot3_navigation2:/home/alejo/turtlebot3_ws/install/turtlebot3_description:/home/alejo/turtlebot3_ws/install/turtlebot3_cartographer:/opt/ros/humble PYTHONPATH=/home/alejo/turtlebot3_ws/build/turtlebot3_teleop:/home/alejo/turtlebot3_ws/install/turtlebot3_teleop/lib/python3.10/site-packages:/home/alejo/turtlebot3_ws/build/turtlebot3_example:/home/alejo/turtlebot3_ws/install/turtlebot3_example/lib/python3.10/site-packages:${PYTHONPATH} /usr/bin/cmake --install /home/alejo/turtlebot3_ws/build/turtlebot3
[1.389s] -- Install configuration: ""
[1.390s] -- Execute custom install script
[1.391s] -- Symlinking: /home/alejo/turtlebot3_ws/install/turtlebot3/share/ament_index/resource_index/package_run_dependencies/turtlebot3
[1.405s] -- Symlinking: /home/alejo/turtlebot3_ws/install/turtlebot3/share/ament_index/resource_index/parent_prefix_path/turtlebot3
[1.419s] -- Symlinking: /home/alejo/turtlebot3_ws/install/turtlebot3/share/turtlebot3/environment/ament_prefix_path.sh
[1.431s] -- Symlinking: /home/alejo/turtlebot3_ws/install/turtlebot3/share/turtlebot3/environment/ament_prefix_path.dsv
[1.445s] -- Symlinking: /home/alejo/turtlebot3_ws/install/turtlebot3/share/turtlebot3/environment/path.sh
[1.458s] -- Symlinking: /home/alejo/turtlebot3_ws/install/turtlebot3/share/turtlebot3/environment/path.dsv
[1.470s] -- Symlinking: /home/alejo/turtlebot3_ws/install/turtlebot3/share/turtlebot3/local_setup.bash
[1.482s] -- Symlinking: /home/alejo/turtlebot3_ws/install/turtlebot3/share/turtlebot3/local_setup.sh
[1.507s] -- Symlinking: /home/alejo/turtlebot3_ws/install/turtlebot3/share/turtlebot3/local_setup.zsh
[1.533s] -- Symlinking: /home/alejo/turtlebot3_ws/install/turtlebot3/share/turtlebot3/local_setup.dsv
[1.560s] -- Symlinking: /home/alejo/turtlebot3_ws/install/turtlebot3/share/turtlebot3/package.dsv
[1.585s] -- Symlinking: /home/alejo/turtlebot3_ws/install/turtlebot3/share/ament_index/resource_index/packages/turtlebot3
[1.611s] -- Symlinking: /home/alejo/turtlebot3_ws/install/turtlebot3/share/turtlebot3/cmake/turtlebot3Config.cmake
[1.626s] -- Symlinking: /home/alejo/turtlebot3_ws/install/turtlebot3/share/turtlebot3/cmake/turtlebot3Config-version.cmake
[1.638s] -- Symlinking: /home/alejo/turtlebot3_ws/install/turtlebot3/share/turtlebot3/package.xml
[1.671s] Invoked command in '/home/alejo/turtlebot3_ws/build/turtlebot3' returned '0': AMENT_PREFIX_PATH=/home/alejo/turtlebot3_ws/install/turtlebot3_bringup:/home/alejo/turtlebot3_ws/install/turtlebot3_teleop:/home/alejo/turtlebot3_ws/install/turtlebot3_node:/home/alejo/turtlebot3_ws/install/turtlebot3_navigation2:/home/alejo/turtlebot3_ws/install/turtlebot3_example:/home/alejo/turtlebot3_ws/install/turtlebot3_description:/home/alejo/turtlebot3_ws/install/turtlebot3_cartographer:${AMENT_PREFIX_PATH} CMAKE_PREFIX_PATH=/home/alejo/turtlebot3_ws/install/turtlebot3_bringup:/home/alejo/turtlebot3_ws/install/turtlebot3_node:/home/alejo/turtlebot3_ws/install/turtlebot3_navigation2:/home/alejo/turtlebot3_ws/install/turtlebot3_description:/home/alejo/turtlebot3_ws/install/turtlebot3_cartographer:/opt/ros/humble PYTHONPATH=/home/alejo/turtlebot3_ws/build/turtlebot3_teleop:/home/alejo/turtlebot3_ws/install/turtlebot3_teleop/lib/python3.10/site-packages:/home/alejo/turtlebot3_ws/build/turtlebot3_example:/home/alejo/turtlebot3_ws/install/turtlebot3_example/lib/python3.10/site-packages:${PYTHONPATH} /usr/bin/cmake --install /home/alejo/turtlebot3_ws/build/turtlebot3
