[0.610s] Invoking command in '/home/alejo/turtlebot3_ws/build/dynamixel_sdk_examples': CMAKE_PREFIX_PATH=/home/alejo/turtlebot3_ws/install/dynamixel_sdk_custom_interfaces:/home/alejo/turtlebot3_ws/install/dynamixel_sdk:/home/alejo/turtlebot3_ws/install/turtlebot3:/home/alejo/turtlebot3_ws/install/turtlebot3_simulations:/home/alejo/turtlebot3_ws/install/turtlebot3_bringup:/home/alejo/turtlebot3_ws/install/turtlebot3_node:/home/alejo/turtlebot3_ws/install/turtlebot3_navigation2:/home/alejo/turtlebot3_ws/install/turtlebot3_fake_node:/home/alejo/turtlebot3_ws/install/turtlebot3_msgs:/home/alejo/turtlebot3_ws/install/turtlebot3_gazebo:/home/alejo/turtlebot3_ws/install/turtlebot3_description:/home/alejo/turtlebot3_ws/install/turtlebot3_cartographer:/home/alejo/turtlebot3_ws/install/dynamixel_sdk_examples:/home/alejo/turtlebot3_ws/install/turtlebot3_teleop:/home/alejo/turtlebot3_ws/install/turtlebot3_example:/opt/ros/humble LD_LIBRARY_PATH=/home/alejo/turtlebot3_ws/install/dynamixel_sdk_custom_interfaces/lib:/home/alejo/turtlebot3_ws/install/dynamixel_sdk/lib:/home/alejo/turtlebot3_ws/install/turtlebot3_msgs/lib:/usr/lib/x86_64-linux-gnu/gazebo-11/plugins:/opt/ros/humble/opt/rviz_ogre_vendor/lib:/opt/ros/humble/lib/x86_64-linux-gnu:/opt/ros/humble/lib /usr/bin/cmake /home/alejo/turtlebot3_ws/src/DynamixelSDK/dynamixel_sdk_examples -DCMAKE_INSTALL_PREFIX=/home/alejo/turtlebot3_ws/install/dynamixel_sdk_examples
[0.691s] -- Found ament_cmake: 1.3.7 (/opt/ros/humble/share/ament_cmake/cmake)
[0.924s] -- Override CMake install command with custom implementation using symlinks instead of copying resources
[0.995s] -- Found dynamixel_sdk: 3.7.60 (/home/alejo/turtlebot3_ws/install/dynamixel_sdk/share/dynamixel_sdk/cmake)
[1.011s] -- Found dynamixel_sdk_custom_interfaces: 3.7.60 (/home/alejo/turtlebot3_ws/install/dynamixel_sdk_custom_interfaces/share/dynamixel_sdk_custom_interfaces/cmake)
[1.434s] -- Found rosidl_generator_c: 3.1.5 (/opt/ros/humble/share/rosidl_generator_c/cmake)
[1.440s] -- Found rosidl_adapter: 3.1.5 (/opt/ros/humble/share/rosidl_adapter/cmake)
[1.453s] -- Found rosidl_generator_cpp: 3.1.5 (/opt/ros/humble/share/rosidl_generator_cpp/cmake)
[1.477s] -- Using all available rosidl_typesupport_c: rosidl_typesupport_fastrtps_c;rosidl_typesupport_introspection_c
[1.504s] -- Using all available rosidl_typesupport_cpp: rosidl_typesupport_fastrtps_cpp;rosidl_typesupport_introspection_cpp
[1.625s] -- Found rclcpp: 16.0.8 (/opt/ros/humble/share/rclcpp/cmake)
[1.773s] -- Found rmw_implementation_cmake: 6.1.1 (/opt/ros/humble/share/rmw_implementation_cmake/cmake)
[1.777s] -- Found rmw_fastrtps_cpp: 6.2.6 (/opt/ros/humble/share/rmw_fastrtps_cpp/cmake)
[2.103s] -- Using RMW implementation 'rmw_fastrtps_cpp' as default
[2.411s] -- Found ament_lint_auto: 0.12.10 (/opt/ros/humble/share/ament_lint_auto/cmake)
[2.784s] -- Added test 'copyright' to check source files copyright and LICENSE
[2.788s] -- Added test 'cppcheck' to perform static code analysis on C / C++ code
[2.788s] -- Configured cppcheck include dirs: /home/alejo/turtlebot3_ws/src/DynamixelSDK/dynamixel_sdk_examples/include
[2.788s] -- Configured cppcheck exclude dirs and/or files: 
[2.828s] -- Added test 'cpplint' to check C / C++ code against the Google style
[2.828s] -- Configured cpplint exclude dirs and/or files: 
[2.830s] -- Added test 'lint_cmake' to check CMake code style
[2.833s] -- Added test 'uncrustify' to check C / C++ code style
[2.833s] -- Configured uncrustify additional arguments: 
[2.834s] -- Added test 'xmllint' to check XML markup files
[2.850s] -- Configuring done
[3.068s] -- Generating done
[3.071s] -- Build files have been written to: /home/alejo/turtlebot3_ws/build/dynamixel_sdk_examples
