[0.816s] Invoking command in '/home/alejo/turtlebot3_ws/build/dynamixel_sdk': CMAKE_PREFIX_PATH=${CMAKE_PREFIX_PATH}:/home/alejo/turtlebot3_ws/install/turtlebot3_teleop:/home/alejo/turtlebot3_ws/install/turtlebot3_example:/opt/ros/humble /usr/bin/cmake /home/alejo/turtlebot3_ws/src/DynamixelSDK/dynamixel_sdk -DAMENT_CMAKE_SYMLINK_INSTALL=1 -DCMAKE_INSTALL_PREFIX=/home/alejo/turtlebot3_ws/install/dynamixel_sdk
[0.878s] -- Found ament_cmake: 1.3.7 (/opt/ros/humble/share/ament_cmake/cmake)
[1.384s] -- Override CMake install command with custom implementation using symlinks instead of copying resources
[2.590s] -- Configuring done
[2.739s] -- Generating done
[2.757s] -- Build files have been written to: /home/alejo/turtlebot3_ws/build/dynamixel_sdk
[2.769s] Invoked command in '/home/alejo/turtlebot3_ws/build/dynamixel_sdk' returned '0': CMAKE_PREFIX_PATH=${CMAKE_PREFIX_PATH}:/home/alejo/turtlebot3_ws/install/turtlebot3_teleop:/home/alejo/turtlebot3_ws/install/turtlebot3_example:/opt/ros/humble /usr/bin/cmake /home/alejo/turtlebot3_ws/src/DynamixelSDK/dynamixel_sdk -DAMENT_CMAKE_SYMLINK_INSTALL=1 -DCMAKE_INSTALL_PREFIX=/home/alejo/turtlebot3_ws/install/dynamixel_sdk
[2.770s] Invoking command in '/home/alejo/turtlebot3_ws/build/dynamixel_sdk': CMAKE_PREFIX_PATH=${CMAKE_PREFIX_PATH}:/home/alejo/turtlebot3_ws/install/turtlebot3_teleop:/home/alejo/turtlebot3_ws/install/turtlebot3_example:/opt/ros/humble /usr/bin/cmake --build /home/alejo/turtlebot3_ws/build/dynamixel_sdk -- -j8 -l8
[2.879s] [35m[1mConsolidate compiler generated dependencies of target dynamixel_sdk[0m
[2.912s] [100%] Built target dynamixel_sdk
[2.937s] Invoked command in '/home/alejo/turtlebot3_ws/build/dynamixel_sdk' returned '0': CMAKE_PREFIX_PATH=${CMAKE_PREFIX_PATH}:/home/alejo/turtlebot3_ws/install/turtlebot3_teleop:/home/alejo/turtlebot3_ws/install/turtlebot3_example:/opt/ros/humble /usr/bin/cmake --build /home/alejo/turtlebot3_ws/build/dynamixel_sdk -- -j8 -l8
[3.079s] Invoking command in '/home/alejo/turtlebot3_ws/build/dynamixel_sdk': CMAKE_PREFIX_PATH=${CMAKE_PREFIX_PATH}:/home/alejo/turtlebot3_ws/install/turtlebot3_teleop:/home/alejo/turtlebot3_ws/install/turtlebot3_example:/opt/ros/humble /usr/bin/cmake --install /home/alejo/turtlebot3_ws/build/dynamixel_sdk
[3.268s] -- Install configuration: ""
[3.269s] -- Execute custom install script
[3.269s] -- Up-to-date symlink: /home/alejo/turtlebot3_ws/install/dynamixel_sdk/include//dynamixel_sdk/dynamixel_sdk.h
[3.270s] -- Up-to-date symlink: /home/alejo/turtlebot3_ws/install/dynamixel_sdk/include//dynamixel_sdk/group_bulk_read.h
[3.270s] -- Up-to-date symlink: /home/alejo/turtlebot3_ws/install/dynamixel_sdk/include//dynamixel_sdk/group_bulk_write.h
[3.271s] -- Up-to-date symlink: /home/alejo/turtlebot3_ws/install/dynamixel_sdk/include//dynamixel_sdk/group_sync_read.h
[3.271s] -- Up-to-date symlink: /home/alejo/turtlebot3_ws/install/dynamixel_sdk/include//dynamixel_sdk/group_sync_write.h
[3.272s] -- Up-to-date symlink: /home/alejo/turtlebot3_ws/install/dynamixel_sdk/include//dynamixel_sdk/packet_handler.h
[3.272s] -- Up-to-date symlink: /home/alejo/turtlebot3_ws/install/dynamixel_sdk/include//dynamixel_sdk/port_handler.h
[3.272s] -- Up-to-date symlink: /home/alejo/turtlebot3_ws/install/dynamixel_sdk/include//dynamixel_sdk/port_handler_arduino.h
[3.272s] -- Up-to-date symlink: /home/alejo/turtlebot3_ws/install/dynamixel_sdk/include//dynamixel_sdk/port_handler_linux.h
[3.272s] -- Up-to-date symlink: /home/alejo/turtlebot3_ws/install/dynamixel_sdk/include//dynamixel_sdk/port_handler_mac.h
[3.272s] -- Up-to-date symlink: /home/alejo/turtlebot3_ws/install/dynamixel_sdk/include//dynamixel_sdk/port_handler_windows.h
[3.273s] -- Up-to-date symlink: /home/alejo/turtlebot3_ws/install/dynamixel_sdk/include//dynamixel_sdk/protocol1_packet_handler.h
[3.273s] -- Up-to-date symlink: /home/alejo/turtlebot3_ws/install/dynamixel_sdk/include//dynamixel_sdk/protocol2_packet_handler.h
[3.273s] -- Up-to-date symlink: /home/alejo/turtlebot3_ws/install/dynamixel_sdk/lib/libdynamixel_sdk.so
[3.273s] -- Up-to-date symlink: /home/alejo/turtlebot3_ws/install/dynamixel_sdk/share/dynamixel_sdk/environment/library_path.sh
[3.273s] -- Up-to-date symlink: /home/alejo/turtlebot3_ws/install/dynamixel_sdk/share/dynamixel_sdk/environment/library_path.dsv
[3.274s] -- Up-to-date symlink: /home/alejo/turtlebot3_ws/install/dynamixel_sdk/share/ament_index/resource_index/package_run_dependencies/dynamixel_sdk
[3.274s] -- Up-to-date symlink: /home/alejo/turtlebot3_ws/install/dynamixel_sdk/share/ament_index/resource_index/parent_prefix_path/dynamixel_sdk
[3.274s] -- Up-to-date symlink: /home/alejo/turtlebot3_ws/install/dynamixel_sdk/share/dynamixel_sdk/environment/ament_prefix_path.sh
[3.274s] -- Up-to-date symlink: /home/alejo/turtlebot3_ws/install/dynamixel_sdk/share/dynamixel_sdk/environment/ament_prefix_path.dsv
[3.274s] -- Up-to-date symlink: /home/alejo/turtlebot3_ws/install/dynamixel_sdk/share/dynamixel_sdk/environment/path.sh
[3.274s] -- Up-to-date symlink: /home/alejo/turtlebot3_ws/install/dynamixel_sdk/share/dynamixel_sdk/environment/path.dsv
[3.275s] -- Up-to-date symlink: /home/alejo/turtlebot3_ws/install/dynamixel_sdk/share/dynamixel_sdk/local_setup.bash
[3.275s] -- Up-to-date symlink: /home/alejo/turtlebot3_ws/install/dynamixel_sdk/share/dynamixel_sdk/local_setup.sh
[3.275s] -- Up-to-date symlink: /home/alejo/turtlebot3_ws/install/dynamixel_sdk/share/dynamixel_sdk/local_setup.zsh
[3.275s] -- Up-to-date symlink: /home/alejo/turtlebot3_ws/install/dynamixel_sdk/share/dynamixel_sdk/local_setup.dsv
[3.276s] -- Symlinking: /home/alejo/turtlebot3_ws/install/dynamixel_sdk/share/dynamixel_sdk/package.dsv
[3.276s] -- Up-to-date symlink: /home/alejo/turtlebot3_ws/install/dynamixel_sdk/share/ament_index/resource_index/packages/dynamixel_sdk
[3.276s] -- Up-to-date symlink: /home/alejo/turtlebot3_ws/install/dynamixel_sdk/share/dynamixel_sdk/cmake/ament_cmake_export_include_directories-extras.cmake
[3.277s] -- Up-to-date symlink: /home/alejo/turtlebot3_ws/install/dynamixel_sdk/share/dynamixel_sdk/cmake/ament_cmake_export_libraries-extras.cmake
[3.283s] -- Up-to-date symlink: /home/alejo/turtlebot3_ws/install/dynamixel_sdk/share/dynamixel_sdk/cmake/dynamixel_sdkConfig.cmake
[3.284s] -- Up-to-date symlink: /home/alejo/turtlebot3_ws/install/dynamixel_sdk/share/dynamixel_sdk/cmake/dynamixel_sdkConfig-version.cmake
[3.284s] -- Up-to-date symlink: /home/alejo/turtlebot3_ws/install/dynamixel_sdk/share/dynamixel_sdk/package.xml
[3.404s] Invoked command in '/home/alejo/turtlebot3_ws/build/dynamixel_sdk' returned '0': CMAKE_PREFIX_PATH=${CMAKE_PREFIX_PATH}:/home/alejo/turtlebot3_ws/install/turtlebot3_teleop:/home/alejo/turtlebot3_ws/install/turtlebot3_example:/opt/ros/humble /usr/bin/cmake --install /home/alejo/turtlebot3_ws/build/dynamixel_sdk
