[1.667s] Invoking command in '/home/alejo/turtlebot3_ws/src/turtlebot3/turtlebot3_example': CMAKE_PREFIX_PATH=/home/alejo/turtlebot3_ws/install/turtlebot3_msgs:/home/alejo/turtlebot3_ws/install/turtlebot3:/home/alejo/turtlebot3_ws/install/turtlebot3_simulations:/home/alejo/turtlebot3_ws/install/turtlebot3_bringup:/home/alejo/turtlebot3_ws/install/turtlebot3_node:/home/alejo/turtlebot3_ws/install/turtlebot3_navigation2:/home/alejo/turtlebot3_ws/install/turtlebot3_fake_node:/home/alejo/turtlebot3_ws/install/turtlebot3_gazebo:/home/alejo/turtlebot3_ws/install/turtlebot3_description:/home/alejo/turtlebot3_ws/install/turtlebot3_cartographer:/home/alejo/turtlebot3_ws/install/navegacion:/home/alejo/turtlebot3_ws/install/dynamixel_sdk_examples:/home/alejo/turtlebot3_ws/install/dynamixel_sdk_custom_interfaces:/home/alejo/turtlebot3_ws/install/dynamixel_sdk PYTHONPATH=/home/alejo/turtlebot3_ws/build/turtlebot3_example/prefix_override:/home/alejo/turtlebot3_ws/install/turtlebot3_example/lib/python3.10/site-packages:${PYTHONPATH} /usr/bin/python3 setup.py egg_info --egg-base ../../../build/turtlebot3_example build --build-base /home/alejo/turtlebot3_ws/build/turtlebot3_example/build install --record /home/alejo/turtlebot3_ws/build/turtlebot3_example/install.log --single-version-externally-managed
[2.141s] running egg_info
[2.142s] writing ../../../build/turtlebot3_example/turtlebot3_example.egg-info/PKG-INFO
[2.143s] writing dependency_links to ../../../build/turtlebot3_example/turtlebot3_example.egg-info/dependency_links.txt
[2.143s] writing entry points to ../../../build/turtlebot3_example/turtlebot3_example.egg-info/entry_points.txt
[2.143s] writing requirements to ../../../build/turtlebot3_example/turtlebot3_example.egg-info/requires.txt
[2.144s] writing top-level names to ../../../build/turtlebot3_example/turtlebot3_example.egg-info/top_level.txt
[2.147s] reading manifest file '../../../build/turtlebot3_example/turtlebot3_example.egg-info/SOURCES.txt'
[2.149s] writing manifest file '../../../build/turtlebot3_example/turtlebot3_example.egg-info/SOURCES.txt'
[2.150s] running build
[2.150s] running build_py
[2.153s] running install
[2.153s] running install_lib
[2.157s] running install_data
[2.159s] running install_egg_info
[2.163s] removing '/home/alejo/turtlebot3_ws/install/turtlebot3_example/lib/python3.10/site-packages/turtlebot3_example-2.1.5-py3.10.egg-info' (and everything under it)
[2.163s] Copying ../../../build/turtlebot3_example/turtlebot3_example.egg-info to /home/alejo/turtlebot3_ws/install/turtlebot3_example/lib/python3.10/site-packages/turtlebot3_example-2.1.5-py3.10.egg-info
[2.164s] running install_scripts
[2.208s] Installing turtlebot3_obstacle_detection script to /home/alejo/turtlebot3_ws/install/turtlebot3_example/lib/turtlebot3_example
[2.209s] Installing turtlebot3_patrol_client script to /home/alejo/turtlebot3_ws/install/turtlebot3_example/lib/turtlebot3_example
[2.209s] Installing turtlebot3_patrol_server script to /home/alejo/turtlebot3_ws/install/turtlebot3_example/lib/turtlebot3_example
[2.210s] Installing turtlebot3_position_control script to /home/alejo/turtlebot3_ws/install/turtlebot3_example/lib/turtlebot3_example
[2.213s] writing list of installed files to '/home/alejo/turtlebot3_ws/build/turtlebot3_example/install.log'
[2.446s] Invoked command in '/home/alejo/turtlebot3_ws/src/turtlebot3/turtlebot3_example' returned '0': CMAKE_PREFIX_PATH=/home/alejo/turtlebot3_ws/install/turtlebot3_msgs:/home/alejo/turtlebot3_ws/install/turtlebot3:/home/alejo/turtlebot3_ws/install/turtlebot3_simulations:/home/alejo/turtlebot3_ws/install/turtlebot3_bringup:/home/alejo/turtlebot3_ws/install/turtlebot3_node:/home/alejo/turtlebot3_ws/install/turtlebot3_navigation2:/home/alejo/turtlebot3_ws/install/turtlebot3_fake_node:/home/alejo/turtlebot3_ws/install/turtlebot3_gazebo:/home/alejo/turtlebot3_ws/install/turtlebot3_description:/home/alejo/turtlebot3_ws/install/turtlebot3_cartographer:/home/alejo/turtlebot3_ws/install/navegacion:/home/alejo/turtlebot3_ws/install/dynamixel_sdk_examples:/home/alejo/turtlebot3_ws/install/dynamixel_sdk_custom_interfaces:/home/alejo/turtlebot3_ws/install/dynamixel_sdk PYTHONPATH=/home/alejo/turtlebot3_ws/build/turtlebot3_example/prefix_override:/home/alejo/turtlebot3_ws/install/turtlebot3_example/lib/python3.10/site-packages:${PYTHONPATH} /usr/bin/python3 setup.py egg_info --egg-base ../../../build/turtlebot3_example build --build-base /home/alejo/turtlebot3_ws/build/turtlebot3_example/build install --record /home/alejo/turtlebot3_ws/build/turtlebot3_example/install.log --single-version-externally-managed
