[0.944s] Invoking command in '/home/alejo/turtlebot3_ws/build/turtlebot3_example': PYTHONPATH=/home/alejo/turtlebot3_ws/build/turtlebot3_example/prefix_override:/home/alejo/turtlebot3_ws/install/turtlebot3_example/lib/python3.10/site-packages:${PYTHONPATH} /usr/bin/python3 setup.py develop --editable --build-directory /home/alejo/turtlebot3_ws/build/turtlebot3_example/build --no-deps install_data
[1.271s] running develop
[1.460s] running egg_info
[1.461s] writing turtlebot3_example.egg-info/PKG-INFO
[1.461s] writing dependency_links to turtlebot3_example.egg-info/dependency_links.txt
[1.461s] writing entry points to turtlebot3_example.egg-info/entry_points.txt
[1.461s] writing requirements to turtlebot3_example.egg-info/requires.txt
[1.462s] writing top-level names to turtlebot3_example.egg-info/top_level.txt
[1.464s] reading manifest file 'turtlebot3_example.egg-info/SOURCES.txt'
[1.464s] writing manifest file 'turtlebot3_example.egg-info/SOURCES.txt'
[1.466s] running build_ext
[1.466s] Creating /home/alejo/turtlebot3_ws/install/turtlebot3_example/lib/python3.10/site-packages/turtlebot3-example.egg-link (link to .)
[1.467s] Installing turtlebot3_obstacle_detection script to /home/alejo/turtlebot3_ws/install/turtlebot3_example/lib/turtlebot3_example
[1.467s] Installing turtlebot3_patrol_client script to /home/alejo/turtlebot3_ws/install/turtlebot3_example/lib/turtlebot3_example
[1.468s] Installing turtlebot3_patrol_server script to /home/alejo/turtlebot3_ws/install/turtlebot3_example/lib/turtlebot3_example
[1.468s] Installing turtlebot3_position_control script to /home/alejo/turtlebot3_ws/install/turtlebot3_example/lib/turtlebot3_example
[1.468s] 
[1.468s] Installed /home/alejo/turtlebot3_ws/build/turtlebot3_example
[1.468s] running install_data
[1.514s] Invoked command in '/home/alejo/turtlebot3_ws/build/turtlebot3_example' returned '0': PYTHONPATH=/home/alejo/turtlebot3_ws/build/turtlebot3_example/prefix_override:/home/alejo/turtlebot3_ws/install/turtlebot3_example/lib/python3.10/site-packages:${PYTHONPATH} /usr/bin/python3 setup.py develop --editable --build-directory /home/alejo/turtlebot3_ws/build/turtlebot3_example/build --no-deps install_data
