[0.391s] Invoking command in '/home/alejo/turtlebot3_ws/build/turtlebot3_gazebo': CMAKE_PREFIX_PATH=${CMAKE_PREFIX_PATH}:/home/alejo/turtlebot3_ws/install/turtlebot3_teleop:/home/alejo/turtlebot3_ws/install/turtlebot3_example:/opt/ros/humble /usr/bin/cmake /home/alejo/turtlebot3_ws/src/turtlebot3_simulations/turtlebot3_gazebo -DAMENT_CMAKE_SYMLINK_INSTALL=1 -DCMAKE_INSTALL_PREFIX=/home/alejo/turtlebot3_ws/install/turtlebot3_gazebo
[0.488s] -- Found ament_cmake: 1.3.7 (/opt/ros/humble/share/ament_cmake/cmake)
[0.929s] -- Override CMake install command with custom implementation using symlinks instead of copying resources
[1.168s] [33mCMake Warning (dev) at /usr/share/cmake-3.22/Modules/FindPackageHandleStandardArgs.cmake:438 (message):
[1.169s]   The package name passed to `find_package_handle_standard_args` (PkgConfig)
[1.169s]   does not match the name of the calling package (gazebo).  This can lead to
[1.169s]   problems in calling code that expects `find_package` result variables
[1.170s]   (e.g., `_FOUND`) to follow a certain pattern.
[1.170s] Call Stack (most recent call first):
[1.170s]   /usr/share/cmake-3.22/Modules/FindPkgConfig.cmake:99 (find_package_handle_standard_args)
[1.170s]   /usr/lib/x86_64-linux-gnu/cmake/gazebo/gazebo-config.cmake:72 (include)
[1.170s]   CMakeLists.txt:23 (find_package)
[1.170s] This warning is for project developers.  Use -Wno-dev to suppress it.
[1.172s] [0m
[2.621s] -- Found DART: /usr/include (Required is at least version "6.6") found components: dart 
[3.142s] -- Found Protobuf: /usr/lib/x86_64-linux-gnu/libprotobuf.so (found version "3.12.4") 
[3.192s] -- Looking for ignition-math6 -- found version 6.15.1
[3.453s] -- Searching for dependencies of ignition-math6
[3.524s] -- Looking for OGRE...
[3.621s] -- Found Ogre Ghadamon (1.9.0)
[3.668s] -- Found OGRE: optimized;/usr/lib/x86_64-linux-gnu/libOgreMain.so;debug;/usr/lib/x86_64-linux-gnu/libOgreMain.so
[3.693s] -- Looking for OGRE_Paging...
[3.693s] -- Found OGRE_Paging: optimized;/usr/lib/x86_64-linux-gnu/libOgrePaging.so;debug;/usr/lib/x86_64-linux-gnu/libOgrePaging.so
[3.694s] -- Looking for OGRE_Terrain...
[3.694s] -- Found OGRE_Terrain: optimized;/usr/lib/x86_64-linux-gnu/libOgreTerrain.so;debug;/usr/lib/x86_64-linux-gnu/libOgreTerrain.so
[3.694s] -- Looking for OGRE_Property...
[3.694s] -- Found OGRE_Property: optimized;/usr/lib/x86_64-linux-gnu/libOgreProperty.so;debug;/usr/lib/x86_64-linux-gnu/libOgreProperty.so
[3.694s] -- Looking for OGRE_RTShaderSystem...
[3.694s] -- Found OGRE_RTShaderSystem: optimized;/usr/lib/x86_64-linux-gnu/libOgreRTShaderSystem.so;debug;/usr/lib/x86_64-linux-gnu/libOgreRTShaderSystem.so
[3.694s] -- Looking for OGRE_Volume...
[3.695s] -- Found OGRE_Volume: optimized;/usr/lib/x86_64-linux-gnu/libOgreVolume.so;debug;/usr/lib/x86_64-linux-gnu/libOgreVolume.so
[3.695s] -- Looking for OGRE_Overlay...
[3.695s] -- Found OGRE_Overlay: optimized;/usr/lib/x86_64-linux-gnu/libOgreOverlay.so;debug;/usr/lib/x86_64-linux-gnu/libOgreOverlay.so
[4.212s] -- Looking for ignition-math6 -- found version 6.15.1
[4.245s] -- Looking for ignition-transport8 -- found version 8.2.1
[4.248s] -- Searching for dependencies of ignition-transport8
[4.324s] -- Found Protobuf: /usr/lib/x86_64-linux-gnu/libprotobuf.so (found suitable version "3.12.4", minimum required is "3") 
[4.357s] -- Config-file not installed for ZeroMQ -- checking for pkg-config
[4.375s] -- Checking for module 'libzmq >= 4'
[4.527s] --   Found libzmq , version 4.3.4
[4.657s] -- Checking for module 'uuid'
[4.759s] --   Found uuid, version 2.37.2
[4.994s] -- Looking for ignition-msgs5 -- found version 5.8.1
[4.995s] -- Searching for dependencies of ignition-msgs5
[5.019s] -- Looking for ignition-math6 -- found version 6.15.1
[5.054s] -- Checking for module 'tinyxml2'
[5.131s] --   Found tinyxml2, version 9.0.0
[5.332s] -- Looking for ignition-msgs5 -- found version 5.8.1
[5.374s] -- Looking for ignition-common3 -- found version 3.14.0
[5.376s] -- Searching for dependencies of ignition-common3
[5.405s] -- Looking for dlfcn.h - found
[5.405s] -- Looking for libdl - found
[5.624s] -- Searching for <ignition-common3> component [graphics]
[5.666s] -- Looking for ignition-common3-graphics -- found version 3.14.0
[5.667s] -- Searching for dependencies of ignition-common3-graphics
[5.668s] -- Looking for ignition-math6 -- found version 6.15.1
[5.688s] -- Looking for ignition-fuel_tools4 -- found version 4.4.0
[5.689s] -- Searching for dependencies of ignition-fuel_tools4
[5.883s] -- Checking for module 'jsoncpp'
[5.923s] --   Found jsoncpp, version 1.9.5
[6.165s] -- Checking for module 'libzip'
[6.205s] --   Found libzip, version 1.7.3
[6.285s] -- Looking for ignition-common3 -- found version 3.14.0
[6.286s] -- Looking for ignition-math6 -- found version 6.15.1
[6.287s] -- Looking for ignition-msgs5 -- found version 5.8.1
[6.323s] -- Found gazebo_ros_pkgs: 3.7.0 (/opt/ros/humble/share/gazebo_ros_pkgs/cmake)
[6.338s] -- Found geometry_msgs: 4.2.3 (/opt/ros/humble/share/geometry_msgs/cmake)
[6.392s] -- Found rosidl_generator_c: 3.1.5 (/opt/ros/humble/share/rosidl_generator_c/cmake)
[6.396s] -- Found rosidl_adapter: 3.1.5 (/opt/ros/humble/share/rosidl_adapter/cmake)
[6.408s] -- Found rosidl_generator_cpp: 3.1.5 (/opt/ros/humble/share/rosidl_generator_cpp/cmake)
[6.428s] -- Using all available rosidl_typesupport_c: rosidl_typesupport_fastrtps_c;rosidl_typesupport_introspection_c
[6.457s] -- Using all available rosidl_typesupport_cpp: rosidl_typesupport_fastrtps_cpp;rosidl_typesupport_introspection_cpp
[6.744s] -- Found nav_msgs: 4.2.3 (/opt/ros/humble/share/nav_msgs/cmake)
[7.038s] -- Found rclcpp: 16.0.8 (/opt/ros/humble/share/rclcpp/cmake)
[7.404s] -- Found rmw_implementation_cmake: 6.1.1 (/opt/ros/humble/share/rmw_implementation_cmake/cmake)
[7.451s] -- Found rmw_fastrtps_cpp: 6.2.6 (/opt/ros/humble/share/rmw_fastrtps_cpp/cmake)
[8.632s] -- Using RMW implementation 'rmw_fastrtps_cpp' as default
[9.126s] -- Found sensor_msgs: 4.2.3 (/opt/ros/humble/share/sensor_msgs/cmake)
[9.528s] -- Found tf2: 0.25.5 (/opt/ros/humble/share/tf2/cmake)
[9.740s] -- Configuring done
[9.856s] -- Generating done
[9.864s] -- Build files have been written to: /home/alejo/turtlebot3_ws/build/turtlebot3_gazebo
[9.891s] Invoked command in '/home/alejo/turtlebot3_ws/build/turtlebot3_gazebo' returned '0': CMAKE_PREFIX_PATH=${CMAKE_PREFIX_PATH}:/home/alejo/turtlebot3_ws/install/turtlebot3_teleop:/home/alejo/turtlebot3_ws/install/turtlebot3_example:/opt/ros/humble /usr/bin/cmake /home/alejo/turtlebot3_ws/src/turtlebot3_simulations/turtlebot3_gazebo -DAMENT_CMAKE_SYMLINK_INSTALL=1 -DCMAKE_INSTALL_PREFIX=/home/alejo/turtlebot3_ws/install/turtlebot3_gazebo
[9.895s] Invoking command in '/home/alejo/turtlebot3_ws/build/turtlebot3_gazebo': CMAKE_PREFIX_PATH=${CMAKE_PREFIX_PATH}:/home/alejo/turtlebot3_ws/install/turtlebot3_teleop:/home/alejo/turtlebot3_ws/install/turtlebot3_example:/opt/ros/humble /usr/bin/cmake --build /home/alejo/turtlebot3_ws/build/turtlebot3_gazebo -- -j8 -l8
[10.004s] [35m[1mConsolidate compiler generated dependencies of target obstacle2[0m
[10.010s] [35m[1mConsolidate compiler generated dependencies of target obstacle1[0m
[10.011s] [35m[1mConsolidate compiler generated dependencies of target turtlebot3_drive[0m
[10.018s] [35m[1mConsolidate compiler generated dependencies of target obstacles[0m
[10.082s] [ 25%] Built target turtlebot3_drive
[10.135s] [ 50%] Built target obstacle2
[10.151s] [ 75%] Built target obstacle1
[10.234s] [100%] Built target obstacles
[10.823s] Invoked command in '/home/alejo/turtlebot3_ws/build/turtlebot3_gazebo' returned '0': CMAKE_PREFIX_PATH=${CMAKE_PREFIX_PATH}:/home/alejo/turtlebot3_ws/install/turtlebot3_teleop:/home/alejo/turtlebot3_ws/install/turtlebot3_example:/opt/ros/humble /usr/bin/cmake --build /home/alejo/turtlebot3_ws/build/turtlebot3_gazebo -- -j8 -l8
[11.619s] Invoking command in '/home/alejo/turtlebot3_ws/build/turtlebot3_gazebo': CMAKE_PREFIX_PATH=${CMAKE_PREFIX_PATH}:/home/alejo/turtlebot3_ws/install/turtlebot3_teleop:/home/alejo/turtlebot3_ws/install/turtlebot3_example:/opt/ros/humble /usr/bin/cmake --install /home/alejo/turtlebot3_ws/build/turtlebot3_gazebo
[11.644s] -- Install configuration: ""
[11.644s] -- Execute custom install script
[11.644s] -- Up-to-date symlink: /home/alejo/turtlebot3_ws/install/turtlebot3_gazebo/lib/turtlebot3_gazebo/turtlebot3_drive
[11.644s] -- Up-to-date symlink: /home/alejo/turtlebot3_ws/install/turtlebot3_gazebo/share/turtlebot3_gazebo//launch/empty_world.launch.py
[11.645s] -- Up-to-date symlink: /home/alejo/turtlebot3_ws/install/turtlebot3_gazebo/share/turtlebot3_gazebo//launch/robot_state_publisher.launch.py
[11.645s] -- Up-to-date symlink: /home/alejo/turtlebot3_ws/install/turtlebot3_gazebo/share/turtlebot3_gazebo//launch/spawn_turtlebot3.launch.py
[11.646s] -- Up-to-date symlink: /home/alejo/turtlebot3_ws/install/turtlebot3_gazebo/share/turtlebot3_gazebo//launch/turtlebot3_dqn_stage1.launch.py
[11.646s] -- Up-to-date symlink: /home/alejo/turtlebot3_ws/install/turtlebot3_gazebo/share/turtlebot3_gazebo//launch/turtlebot3_dqn_stage2.launch.py
[11.646s] -- Up-to-date symlink: /home/alejo/turtlebot3_ws/install/turtlebot3_gazebo/share/turtlebot3_gazebo//launch/turtlebot3_dqn_stage3.launch.py
[11.646s] -- Up-to-date symlink: /home/alejo/turtlebot3_ws/install/turtlebot3_gazebo/share/turtlebot3_gazebo//launch/turtlebot3_dqn_stage4.launch.py
[11.646s] -- Up-to-date symlink: /home/alejo/turtlebot3_ws/install/turtlebot3_gazebo/share/turtlebot3_gazebo//launch/turtlebot3_house.launch.py
[11.654s] -- Up-to-date symlink: /home/alejo/turtlebot3_ws/install/turtlebot3_gazebo/share/turtlebot3_gazebo//launch/turtlebot3_world.launch.py
[11.655s] -- Up-to-date symlink: /home/alejo/turtlebot3_ws/install/turtlebot3_gazebo/share/turtlebot3_gazebo//models/turtlebot3_burger/model-1_4.sdf
[11.655s] -- Up-to-date symlink: /home/alejo/turtlebot3_ws/install/turtlebot3_gazebo/share/turtlebot3_gazebo//models/turtlebot3_burger/model.config
[11.655s] -- Up-to-date symlink: /home/alejo/turtlebot3_ws/install/turtlebot3_gazebo/share/turtlebot3_gazebo//models/turtlebot3_burger/model.sdf
[11.655s] -- Up-to-date symlink: /home/alejo/turtlebot3_ws/install/turtlebot3_gazebo/share/turtlebot3_gazebo//models/turtlebot3_common/meshes/burger_base.dae
[11.655s] -- Up-to-date symlink: /home/alejo/turtlebot3_ws/install/turtlebot3_gazebo/share/turtlebot3_gazebo//models/turtlebot3_common/meshes/lds.dae
[11.655s] -- Up-to-date symlink: /home/alejo/turtlebot3_ws/install/turtlebot3_gazebo/share/turtlebot3_gazebo//models/turtlebot3_common/meshes/r200.dae
[11.656s] -- Up-to-date symlink: /home/alejo/turtlebot3_ws/install/turtlebot3_gazebo/share/turtlebot3_gazebo//models/turtlebot3_common/meshes/tire.dae
[11.656s] -- Up-to-date symlink: /home/alejo/turtlebot3_ws/install/turtlebot3_gazebo/share/turtlebot3_gazebo//models/turtlebot3_common/meshes/waffle_base.dae
[11.656s] -- Up-to-date symlink: /home/alejo/turtlebot3_ws/install/turtlebot3_gazebo/share/turtlebot3_gazebo//models/turtlebot3_common/meshes/waffle_pi_base.dae
[11.656s] -- Up-to-date symlink: /home/alejo/turtlebot3_ws/install/turtlebot3_gazebo/share/turtlebot3_gazebo//models/turtlebot3_common/model.config
[11.656s] -- Up-to-date symlink: /home/alejo/turtlebot3_ws/install/turtlebot3_gazebo/share/turtlebot3_gazebo//models/turtlebot3_dqn_world/goal_box/model.config
[11.656s] -- Up-to-date symlink: /home/alejo/turtlebot3_ws/install/turtlebot3_gazebo/share/turtlebot3_gazebo//models/turtlebot3_dqn_world/goal_box/model.sdf
[11.656s] -- Up-to-date symlink: /home/alejo/turtlebot3_ws/install/turtlebot3_gazebo/share/turtlebot3_gazebo//models/turtlebot3_dqn_world/inner_walls/model.config
[11.657s] -- Up-to-date symlink: /home/alejo/turtlebot3_ws/install/turtlebot3_gazebo/share/turtlebot3_gazebo//models/turtlebot3_dqn_world/inner_walls/model.sdf
[11.657s] -- Up-to-date symlink: /home/alejo/turtlebot3_ws/install/turtlebot3_gazebo/share/turtlebot3_gazebo//models/turtlebot3_dqn_world/model.config
[11.657s] -- Up-to-date symlink: /home/alejo/turtlebot3_ws/install/turtlebot3_gazebo/share/turtlebot3_gazebo//models/turtlebot3_dqn_world/model.sdf
[11.657s] -- Up-to-date symlink: /home/alejo/turtlebot3_ws/install/turtlebot3_gazebo/share/turtlebot3_gazebo//models/turtlebot3_dqn_world/obstacle1/model.config
[11.658s] -- Up-to-date symlink: /home/alejo/turtlebot3_ws/install/turtlebot3_gazebo/share/turtlebot3_gazebo//models/turtlebot3_dqn_world/obstacle1/model.sdf
[11.658s] -- Up-to-date symlink: /home/alejo/turtlebot3_ws/install/turtlebot3_gazebo/share/turtlebot3_gazebo//models/turtlebot3_dqn_world/obstacle2/model.config
[11.658s] -- Up-to-date symlink: /home/alejo/turtlebot3_ws/install/turtlebot3_gazebo/share/turtlebot3_gazebo//models/turtlebot3_dqn_world/obstacle2/model.sdf
[11.659s] -- Up-to-date symlink: /home/alejo/turtlebot3_ws/install/turtlebot3_gazebo/share/turtlebot3_gazebo//models/turtlebot3_dqn_world/obstacle_plugin/CMakeLists.txt
[11.659s] -- Up-to-date symlink: /home/alejo/turtlebot3_ws/install/turtlebot3_gazebo/share/turtlebot3_gazebo//models/turtlebot3_dqn_world/obstacle_plugin/obstacle1.cc
[11.663s] -- Up-to-date symlink: /home/alejo/turtlebot3_ws/install/turtlebot3_gazebo/share/turtlebot3_gazebo//models/turtlebot3_dqn_world/obstacle_plugin/obstacle2.cc
[11.663s] -- Up-to-date symlink: /home/alejo/turtlebot3_ws/install/turtlebot3_gazebo/share/turtlebot3_gazebo//models/turtlebot3_dqn_world/obstacle_plugin/obstacles.cc
[11.664s] -- Up-to-date symlink: /home/alejo/turtlebot3_ws/install/turtlebot3_gazebo/share/turtlebot3_gazebo//models/turtlebot3_dqn_world/obstacles/model.config
[11.666s] -- Up-to-date symlink: /home/alejo/turtlebot3_ws/install/turtlebot3_gazebo/share/turtlebot3_gazebo//models/turtlebot3_dqn_world/obstacles/model.sdf
[11.669s] -- Up-to-date symlink: /home/alejo/turtlebot3_ws/install/turtlebot3_gazebo/share/turtlebot3_gazebo//models/turtlebot3_house/model.config
[11.669s] -- Up-to-date symlink: /home/alejo/turtlebot3_ws/install/turtlebot3_gazebo/share/turtlebot3_gazebo//models/turtlebot3_house/model.sdf
[11.670s] -- Up-to-date symlink: /home/alejo/turtlebot3_ws/install/turtlebot3_gazebo/share/turtlebot3_gazebo//models/turtlebot3_waffle/model-1_4.sdf
[11.671s] -- Up-to-date symlink: /home/alejo/turtlebot3_ws/install/turtlebot3_gazebo/share/turtlebot3_gazebo//models/turtlebot3_waffle/model.config
[11.673s] -- Up-to-date symlink: /home/alejo/turtlebot3_ws/install/turtlebot3_gazebo/share/turtlebot3_gazebo//models/turtlebot3_waffle/model.sdf
[11.673s] -- Up-to-date symlink: /home/alejo/turtlebot3_ws/install/turtlebot3_gazebo/share/turtlebot3_gazebo//models/turtlebot3_waffle_pi/model-1_4_.sdf
[11.673s] -- Up-to-date symlink: /home/alejo/turtlebot3_ws/install/turtlebot3_gazebo/share/turtlebot3_gazebo//models/turtlebot3_waffle_pi/model.config
[11.674s] -- Up-to-date symlink: /home/alejo/turtlebot3_ws/install/turtlebot3_gazebo/share/turtlebot3_gazebo//models/turtlebot3_waffle_pi/model.sdf
[11.674s] -- Up-to-date symlink: /home/alejo/turtlebot3_ws/install/turtlebot3_gazebo/share/turtlebot3_gazebo//models/turtlebot3_world/meshes/hexagon.dae
[11.674s] -- Up-to-date symlink: /home/alejo/turtlebot3_ws/install/turtlebot3_gazebo/share/turtlebot3_gazebo//models/turtlebot3_world/meshes/wall.dae
[11.675s] -- Up-to-date symlink: /home/alejo/turtlebot3_ws/install/turtlebot3_gazebo/share/turtlebot3_gazebo//models/turtlebot3_world/model-1_4.sdf
[11.675s] -- Up-to-date symlink: /home/alejo/turtlebot3_ws/install/turtlebot3_gazebo/share/turtlebot3_gazebo//models/turtlebot3_world/model.config
[11.675s] -- Up-to-date symlink: /home/alejo/turtlebot3_ws/install/turtlebot3_gazebo/share/turtlebot3_gazebo//models/turtlebot3_world/model.sdf
[11.676s] -- Up-to-date symlink: /home/alejo/turtlebot3_ws/install/turtlebot3_gazebo/share/turtlebot3_gazebo//rviz/tb3_gazebo.rviz
[11.676s] -- Up-to-date symlink: /home/alejo/turtlebot3_ws/install/turtlebot3_gazebo/share/turtlebot3_gazebo//urdf/common_properties.urdf
[11.676s] -- Up-to-date symlink: /home/alejo/turtlebot3_ws/install/turtlebot3_gazebo/share/turtlebot3_gazebo//urdf/turtlebot3_burger.urdf
[11.676s] -- Up-to-date symlink: /home/alejo/turtlebot3_ws/install/turtlebot3_gazebo/share/turtlebot3_gazebo//urdf/turtlebot3_waffle.urdf
[11.677s] -- Up-to-date symlink: /home/alejo/turtlebot3_ws/install/turtlebot3_gazebo/share/turtlebot3_gazebo//urdf/turtlebot3_waffle_pi.urdf
[11.677s] -- Up-to-date symlink: /home/alejo/turtlebot3_ws/install/turtlebot3_gazebo/share/turtlebot3_gazebo//worlds/empty_world.world
[11.678s] -- Up-to-date symlink: /home/alejo/turtlebot3_ws/install/turtlebot3_gazebo/share/turtlebot3_gazebo//worlds/turtlebot3_dqn_stage1.world
[11.678s] -- Up-to-date symlink: /home/alejo/turtlebot3_ws/install/turtlebot3_gazebo/share/turtlebot3_gazebo//worlds/turtlebot3_dqn_stage2.world
[11.679s] -- Up-to-date symlink: /home/alejo/turtlebot3_ws/install/turtlebot3_gazebo/share/turtlebot3_gazebo//worlds/turtlebot3_dqn_stage3.world
[11.679s] -- Up-to-date symlink: /home/alejo/turtlebot3_ws/install/turtlebot3_gazebo/share/turtlebot3_gazebo//worlds/turtlebot3_dqn_stage4.world
[11.679s] -- Up-to-date symlink: /home/alejo/turtlebot3_ws/install/turtlebot3_gazebo/share/turtlebot3_gazebo//worlds/turtlebot3_house.world
[11.680s] -- Up-to-date symlink: /home/alejo/turtlebot3_ws/install/turtlebot3_gazebo/share/turtlebot3_gazebo//worlds/turtlebot3_world.world
[11.680s] -- Up-to-date symlink: /home/alejo/turtlebot3_ws/install/turtlebot3_gazebo/include//turtlebot3_gazebo/turtlebot3_drive.hpp
[11.681s] -- Up-to-date symlink: /home/alejo/turtlebot3_ws/install/turtlebot3_gazebo/share/ament_index/resource_index/package_run_dependencies/turtlebot3_gazebo
[11.681s] -- Up-to-date symlink: /home/alejo/turtlebot3_ws/install/turtlebot3_gazebo/share/ament_index/resource_index/parent_prefix_path/turtlebot3_gazebo
[11.682s] -- Up-to-date symlink: /home/alejo/turtlebot3_ws/install/turtlebot3_gazebo/share/turtlebot3_gazebo/environment/ament_prefix_path.sh
[11.682s] -- Up-to-date symlink: /home/alejo/turtlebot3_ws/install/turtlebot3_gazebo/share/turtlebot3_gazebo/environment/ament_prefix_path.dsv
[11.682s] -- Up-to-date symlink: /home/alejo/turtlebot3_ws/install/turtlebot3_gazebo/share/turtlebot3_gazebo/environment/path.sh
[11.682s] -- Up-to-date symlink: /home/alejo/turtlebot3_ws/install/turtlebot3_gazebo/share/turtlebot3_gazebo/environment/path.dsv
[11.683s] -- Up-to-date symlink: /home/alejo/turtlebot3_ws/install/turtlebot3_gazebo/share/turtlebot3_gazebo/local_setup.bash
[11.683s] -- Up-to-date symlink: /home/alejo/turtlebot3_ws/install/turtlebot3_gazebo/share/turtlebot3_gazebo/local_setup.sh
[11.683s] -- Up-to-date symlink: /home/alejo/turtlebot3_ws/install/turtlebot3_gazebo/share/turtlebot3_gazebo/local_setup.zsh
[11.684s] -- Up-to-date symlink: /home/alejo/turtlebot3_ws/install/turtlebot3_gazebo/share/turtlebot3_gazebo/local_setup.dsv
[11.684s] -- Symlinking: /home/alejo/turtlebot3_ws/install/turtlebot3_gazebo/share/turtlebot3_gazebo/package.dsv
[11.749s] -- Up-to-date symlink: /home/alejo/turtlebot3_ws/install/turtlebot3_gazebo/share/ament_index/resource_index/packages/turtlebot3_gazebo
[11.750s] -- Up-to-date symlink: /home/alejo/turtlebot3_ws/install/turtlebot3_gazebo/share/turtlebot3_gazebo/cmake/ament_cmake_export_include_directories-extras.cmake
[11.750s] -- Up-to-date symlink: /home/alejo/turtlebot3_ws/install/turtlebot3_gazebo/share/turtlebot3_gazebo/cmake/ament_cmake_export_dependencies-extras.cmake
[11.750s] -- Up-to-date symlink: /home/alejo/turtlebot3_ws/install/turtlebot3_gazebo/share/turtlebot3_gazebo/cmake/turtlebot3_gazeboConfig.cmake
[11.750s] -- Up-to-date symlink: /home/alejo/turtlebot3_ws/install/turtlebot3_gazebo/share/turtlebot3_gazebo/cmake/turtlebot3_gazeboConfig-version.cmake
[11.751s] -- Up-to-date symlink: /home/alejo/turtlebot3_ws/install/turtlebot3_gazebo/share/turtlebot3_gazebo/package.xml
[11.758s] Invoked command in '/home/alejo/turtlebot3_ws/build/turtlebot3_gazebo' returned '0': CMAKE_PREFIX_PATH=${CMAKE_PREFIX_PATH}:/home/alejo/turtlebot3_ws/install/turtlebot3_teleop:/home/alejo/turtlebot3_ws/install/turtlebot3_example:/opt/ros/humble /usr/bin/cmake --install /home/alejo/turtlebot3_ws/build/turtlebot3_gazebo
