[0.737s] Invoking command in '/home/alejo/turtlebot3_ws/build/dynamixel_sdk': CMAKE_PREFIX_PATH=${CMAKE_PREFIX_PATH}:/home/alejo/turtlebot3_ws/install/turtlebot3_teleop:/home/alejo/turtlebot3_ws/install/turtlebot3_example:/opt/ros/humble /usr/bin/cmake --build /home/alejo/turtlebot3_ws/build/dynamixel_sdk -- -j8 -l8
[0.911s] [100%] Built target dynamixel_sdk
[1.734s] Invoked command in '/home/alejo/turtlebot3_ws/build/dynamixel_sdk' returned '0': CMAKE_PREFIX_PATH=${CMAKE_PREFIX_PATH}:/home/alejo/turtlebot3_ws/install/turtlebot3_teleop:/home/alejo/turtlebot3_ws/install/turtlebot3_example:/opt/ros/humble /usr/bin/cmake --build /home/alejo/turtlebot3_ws/build/dynamixel_sdk -- -j8 -l8
[1.880s] Invoking command in '/home/alejo/turtlebot3_ws/build/dynamixel_sdk': CMAKE_PREFIX_PATH=${CMAKE_PREFIX_PATH}:/home/alejo/turtlebot3_ws/install/turtlebot3_teleop:/home/alejo/turtlebot3_ws/install/turtlebot3_example:/opt/ros/humble /usr/bin/cmake --install /home/alejo/turtlebot3_ws/build/dynamixel_sdk
[1.898s] -- Install configuration: ""
[1.902s] -- Execute custom install script
[1.904s] -- Up-to-date symlink: /home/alejo/turtlebot3_ws/install/dynamixel_sdk/include//dynamixel_sdk/dynamixel_sdk.h
[1.905s] -- Up-to-date symlink: /home/alejo/turtlebot3_ws/install/dynamixel_sdk/include//dynamixel_sdk/group_bulk_read.h
[1.905s] -- Up-to-date symlink: /home/alejo/turtlebot3_ws/install/dynamixel_sdk/include//dynamixel_sdk/group_bulk_write.h
[1.905s] -- Up-to-date symlink: /home/alejo/turtlebot3_ws/install/dynamixel_sdk/include//dynamixel_sdk/group_sync_read.h
[1.905s] -- Up-to-date symlink: /home/alejo/turtlebot3_ws/install/dynamixel_sdk/include//dynamixel_sdk/group_sync_write.h
[1.906s] -- Up-to-date symlink: /home/alejo/turtlebot3_ws/install/dynamixel_sdk/include//dynamixel_sdk/packet_handler.h
[1.908s] -- Up-to-date symlink: /home/alejo/turtlebot3_ws/install/dynamixel_sdk/include//dynamixel_sdk/port_handler.h
[1.908s] -- Up-to-date symlink: /home/alejo/turtlebot3_ws/install/dynamixel_sdk/include//dynamixel_sdk/port_handler_arduino.h
[1.910s] -- Up-to-date symlink: /home/alejo/turtlebot3_ws/install/dynamixel_sdk/include//dynamixel_sdk/port_handler_linux.h
[1.913s] -- Up-to-date symlink: /home/alejo/turtlebot3_ws/install/dynamixel_sdk/include//dynamixel_sdk/port_handler_mac.h
[1.913s] -- Up-to-date symlink: /home/alejo/turtlebot3_ws/install/dynamixel_sdk/include//dynamixel_sdk/port_handler_windows.h
[1.915s] -- Up-to-date symlink: /home/alejo/turtlebot3_ws/install/dynamixel_sdk/include//dynamixel_sdk/protocol1_packet_handler.h
[1.918s] -- Up-to-date symlink: /home/alejo/turtlebot3_ws/install/dynamixel_sdk/include//dynamixel_sdk/protocol2_packet_handler.h
[1.918s] -- Up-to-date symlink: /home/alejo/turtlebot3_ws/install/dynamixel_sdk/lib/libdynamixel_sdk.so
[1.918s] -- Up-to-date symlink: /home/alejo/turtlebot3_ws/install/dynamixel_sdk/share/dynamixel_sdk/environment/library_path.sh
[1.918s] -- Up-to-date symlink: /home/alejo/turtlebot3_ws/install/dynamixel_sdk/share/dynamixel_sdk/environment/library_path.dsv
[1.918s] -- Up-to-date symlink: /home/alejo/turtlebot3_ws/install/dynamixel_sdk/share/ament_index/resource_index/package_run_dependencies/dynamixel_sdk
[1.919s] -- Up-to-date symlink: /home/alejo/turtlebot3_ws/install/dynamixel_sdk/share/ament_index/resource_index/parent_prefix_path/dynamixel_sdk
[1.919s] -- Up-to-date symlink: /home/alejo/turtlebot3_ws/install/dynamixel_sdk/share/dynamixel_sdk/environment/ament_prefix_path.sh
[1.920s] -- Up-to-date symlink: /home/alejo/turtlebot3_ws/install/dynamixel_sdk/share/dynamixel_sdk/environment/ament_prefix_path.dsv
[1.920s] -- Up-to-date symlink: /home/alejo/turtlebot3_ws/install/dynamixel_sdk/share/dynamixel_sdk/environment/path.sh
[1.921s] -- Up-to-date symlink: /home/alejo/turtlebot3_ws/install/dynamixel_sdk/share/dynamixel_sdk/environment/path.dsv
[1.921s] -- Up-to-date symlink: /home/alejo/turtlebot3_ws/install/dynamixel_sdk/share/dynamixel_sdk/local_setup.bash
[1.922s] -- Up-to-date symlink: /home/alejo/turtlebot3_ws/install/dynamixel_sdk/share/dynamixel_sdk/local_setup.sh
[1.924s] -- Up-to-date symlink: /home/alejo/turtlebot3_ws/install/dynamixel_sdk/share/dynamixel_sdk/local_setup.zsh
[1.924s] -- Up-to-date symlink: /home/alejo/turtlebot3_ws/install/dynamixel_sdk/share/dynamixel_sdk/local_setup.dsv
[1.924s] -- Symlinking: /home/alejo/turtlebot3_ws/install/dynamixel_sdk/share/dynamixel_sdk/package.dsv
[1.950s] -- Up-to-date symlink: /home/alejo/turtlebot3_ws/install/dynamixel_sdk/share/ament_index/resource_index/packages/dynamixel_sdk
[1.950s] -- Up-to-date symlink: /home/alejo/turtlebot3_ws/install/dynamixel_sdk/share/dynamixel_sdk/cmake/ament_cmake_export_include_directories-extras.cmake
[1.951s] -- Up-to-date symlink: /home/alejo/turtlebot3_ws/install/dynamixel_sdk/share/dynamixel_sdk/cmake/ament_cmake_export_libraries-extras.cmake
[1.951s] -- Up-to-date symlink: /home/alejo/turtlebot3_ws/install/dynamixel_sdk/share/dynamixel_sdk/cmake/dynamixel_sdkConfig.cmake
[1.951s] -- Up-to-date symlink: /home/alejo/turtlebot3_ws/install/dynamixel_sdk/share/dynamixel_sdk/cmake/dynamixel_sdkConfig-version.cmake
[1.952s] -- Up-to-date symlink: /home/alejo/turtlebot3_ws/install/dynamixel_sdk/share/dynamixel_sdk/package.xml
[2.292s] Invoked command in '/home/alejo/turtlebot3_ws/build/dynamixel_sdk' returned '0': CMAKE_PREFIX_PATH=${CMAKE_PREFIX_PATH}:/home/alejo/turtlebot3_ws/install/turtlebot3_teleop:/home/alejo/turtlebot3_ws/install/turtlebot3_example:/opt/ros/humble /usr/bin/cmake --install /home/alejo/turtlebot3_ws/build/dynamixel_sdk
