[1.799s] DEBUG:colcon:Command line arguments: ['/usr/bin/colcon', 'list', '-p', '--base-paths', '/home/alejo/turtlebot3_ws']
[1.799s] DEBUG:colcon:Parsed command line arguments: Namespace(log_base=None, log_level=None, verb_name='list', build_base='build', ignore_user_meta=False, metas=['./colcon.meta'], base_paths=['/home/alejo/turtlebot3_ws'], packages_ignore=None, packages_ignore_regex=None, paths=None, packages_up_to=None, packages_up_to_regex=None, packages_above=None, packages_above_and_dependencies=None, packages_above_depth=None, packages_select_by_dep=None, packages_skip_by_dep=None, packages_skip_up_to=None, packages_select_build_failed=False, packages_skip_build_finished=False, packages_select_test_failures=False, packages_skip_test_passed=False, packages_select=None, packages_skip=None, packages_select_regex=None, packages_skip_regex=None, packages_start=None, packages_end=None, allow_overriding=[], topological_order=False, names_only=False, paths_only=True, topological_graph=False, topological_graph_dot=False, topological_graph_density=False, topological_graph_legend=False, topological_graph_dot_cluster=False, topological_graph_dot_include_skipped=False, verb_parser=<colcon_defaults.argument_parser.defaults.DefaultArgumentsDecorator object at 0x7f1e7e6614b0>, verb_extension=<colcon_package_information.verb.list.ListVerb object at 0x7f1e7e66a890>, main=<bound method ListVerb.main of <colcon_package_information.verb.list.ListVerb object at 0x7f1e7e66a890>>)
[1.930s] Level 1:colcon.colcon_core.package_discovery:discover_packages(colcon_meta) check parameters
[1.931s] Level 1:colcon.colcon_core.package_discovery:discover_packages(recursive) check parameters
[1.931s] Level 1:colcon.colcon_core.package_discovery:discover_packages(ignore) check parameters
[1.931s] Level 1:colcon.colcon_core.package_discovery:discover_packages(path) check parameters
[1.931s] Level 1:colcon.colcon_core.package_discovery:discover_packages(recursive) discover
[1.931s] INFO:colcon.colcon_core.package_discovery:Crawling recursively for packages in '/home/alejo/turtlebot3_ws'
[1.931s] Level 1:colcon.colcon_core.package_identification:_identify(/home/alejo/turtlebot3_ws) by extensions ['ignore', 'ignore_ament_install']
[1.931s] Level 1:colcon.colcon_core.package_identification:_identify(/home/alejo/turtlebot3_ws) by extension 'ignore'
[1.932s] Level 1:colcon.colcon_core.package_identification:_identify(/home/alejo/turtlebot3_ws) by extension 'ignore_ament_install'
[1.932s] Level 1:colcon.colcon_core.package_identification:_identify(/home/alejo/turtlebot3_ws) by extensions ['colcon_pkg']
[1.932s] Level 1:colcon.colcon_core.package_identification:_identify(/home/alejo/turtlebot3_ws) by extension 'colcon_pkg'
[1.932s] Level 1:colcon.colcon_core.package_identification:_identify(/home/alejo/turtlebot3_ws) by extensions ['colcon_meta']
[1.932s] Level 1:colcon.colcon_core.package_identification:_identify(/home/alejo/turtlebot3_ws) by extension 'colcon_meta'
[1.932s] Level 1:colcon.colcon_core.package_identification:_identify(/home/alejo/turtlebot3_ws) by extensions ['ros']
[1.932s] Level 1:colcon.colcon_core.package_identification:_identify(/home/alejo/turtlebot3_ws) by extension 'ros'
[1.960s] Level 1:colcon.colcon_core.package_identification:_identify(/home/alejo/turtlebot3_ws) by extensions ['cmake', 'python']
[1.960s] Level 1:colcon.colcon_core.package_identification:_identify(/home/alejo/turtlebot3_ws) by extension 'cmake'
[1.960s] Level 1:colcon.colcon_core.package_identification:_identify(/home/alejo/turtlebot3_ws) by extension 'python'
[1.961s] Level 1:colcon.colcon_core.package_identification:_identify(/home/alejo/turtlebot3_ws) by extensions ['python_setup_py']
[1.961s] Level 1:colcon.colcon_core.package_identification:_identify(/home/alejo/turtlebot3_ws) by extension 'python_setup_py'
[1.961s] Level 1:colcon.colcon_core.package_identification:_identify(/home/alejo/turtlebot3_ws/build) by extensions ['ignore', 'ignore_ament_install']
[1.961s] Level 1:colcon.colcon_core.package_identification:_identify(/home/alejo/turtlebot3_ws/build) by extension 'ignore'
[1.962s] Level 1:colcon.colcon_core.package_identification:_identify(/home/alejo/turtlebot3_ws/build) ignored
[1.962s] Level 1:colcon.colcon_core.package_identification:_identify(/home/alejo/turtlebot3_ws/install) by extensions ['ignore', 'ignore_ament_install']
[1.962s] Level 1:colcon.colcon_core.package_identification:_identify(/home/alejo/turtlebot3_ws/install) by extension 'ignore'
[1.963s] Level 1:colcon.colcon_core.package_identification:_identify(/home/alejo/turtlebot3_ws/install) ignored
[1.963s] Level 1:colcon.colcon_core.package_identification:_identify(/home/alejo/turtlebot3_ws/log) by extensions ['ignore', 'ignore_ament_install']
[1.963s] Level 1:colcon.colcon_core.package_identification:_identify(/home/alejo/turtlebot3_ws/log) by extension 'ignore'
[1.963s] Level 1:colcon.colcon_core.package_identification:_identify(/home/alejo/turtlebot3_ws/log) ignored
[1.963s] Level 1:colcon.colcon_core.package_identification:_identify(/home/alejo/turtlebot3_ws/src) by extensions ['ignore', 'ignore_ament_install']
[1.964s] Level 1:colcon.colcon_core.package_identification:_identify(/home/alejo/turtlebot3_ws/src) by extension 'ignore'
[1.964s] Level 1:colcon.colcon_core.package_identification:_identify(/home/alejo/turtlebot3_ws/src) by extension 'ignore_ament_install'
[1.964s] Level 1:colcon.colcon_core.package_identification:_identify(/home/alejo/turtlebot3_ws/src) by extensions ['colcon_pkg']
[1.964s] Level 1:colcon.colcon_core.package_identification:_identify(/home/alejo/turtlebot3_ws/src) by extension 'colcon_pkg'
[1.964s] Level 1:colcon.colcon_core.package_identification:_identify(/home/alejo/turtlebot3_ws/src) by extensions ['colcon_meta']
[1.964s] Level 1:colcon.colcon_core.package_identification:_identify(/home/alejo/turtlebot3_ws/src) by extension 'colcon_meta'
[1.964s] Level 1:colcon.colcon_core.package_identification:_identify(/home/alejo/turtlebot3_ws/src) by extensions ['ros']
[1.964s] Level 1:colcon.colcon_core.package_identification:_identify(/home/alejo/turtlebot3_ws/src) by extension 'ros'
[1.964s] Level 1:colcon.colcon_core.package_identification:_identify(/home/alejo/turtlebot3_ws/src) by extensions ['cmake', 'python']
[1.964s] Level 1:colcon.colcon_core.package_identification:_identify(/home/alejo/turtlebot3_ws/src) by extension 'cmake'
[1.965s] Level 1:colcon.colcon_core.package_identification:_identify(/home/alejo/turtlebot3_ws/src) by extension 'python'
[1.965s] Level 1:colcon.colcon_core.package_identification:_identify(/home/alejo/turtlebot3_ws/src) by extensions ['python_setup_py']
[1.965s] Level 1:colcon.colcon_core.package_identification:_identify(/home/alejo/turtlebot3_ws/src) by extension 'python_setup_py'
[1.965s] Level 1:colcon.colcon_core.package_identification:_identify(/home/alejo/turtlebot3_ws/src/DynamixelSDK) by extensions ['ignore', 'ignore_ament_install']
[1.965s] Level 1:colcon.colcon_core.package_identification:_identify(/home/alejo/turtlebot3_ws/src/DynamixelSDK) by extension 'ignore'
[1.965s] Level 1:colcon.colcon_core.package_identification:_identify(/home/alejo/turtlebot3_ws/src/DynamixelSDK) by extension 'ignore_ament_install'
[1.965s] Level 1:colcon.colcon_core.package_identification:_identify(/home/alejo/turtlebot3_ws/src/DynamixelSDK) by extensions ['colcon_pkg']
[1.965s] Level 1:colcon.colcon_core.package_identification:_identify(/home/alejo/turtlebot3_ws/src/DynamixelSDK) by extension 'colcon_pkg'
[1.966s] Level 1:colcon.colcon_core.package_identification:_identify(/home/alejo/turtlebot3_ws/src/DynamixelSDK) by extensions ['colcon_meta']
[1.966s] Level 1:colcon.colcon_core.package_identification:_identify(/home/alejo/turtlebot3_ws/src/DynamixelSDK) by extension 'colcon_meta'
[1.966s] Level 1:colcon.colcon_core.package_identification:_identify(/home/alejo/turtlebot3_ws/src/DynamixelSDK) by extensions ['ros']
[1.966s] Level 1:colcon.colcon_core.package_identification:_identify(/home/alejo/turtlebot3_ws/src/DynamixelSDK) by extension 'ros'
[1.966s] Level 1:colcon.colcon_core.package_identification:_identify(/home/alejo/turtlebot3_ws/src/DynamixelSDK) by extensions ['cmake', 'python']
[1.966s] Level 1:colcon.colcon_core.package_identification:_identify(/home/alejo/turtlebot3_ws/src/DynamixelSDK) by extension 'cmake'
[1.966s] Level 1:colcon.colcon_core.package_identification:_identify(/home/alejo/turtlebot3_ws/src/DynamixelSDK) by extension 'python'
[1.966s] Level 1:colcon.colcon_core.package_identification:_identify(/home/alejo/turtlebot3_ws/src/DynamixelSDK) by extensions ['python_setup_py']
[1.966s] Level 1:colcon.colcon_core.package_identification:_identify(/home/alejo/turtlebot3_ws/src/DynamixelSDK) by extension 'python_setup_py'
[1.967s] Level 1:colcon.colcon_core.package_identification:_identify(/home/alejo/turtlebot3_ws/src/DynamixelSDK/dynamixel_sdk) by extensions ['ignore', 'ignore_ament_install']
[1.967s] Level 1:colcon.colcon_core.package_identification:_identify(/home/alejo/turtlebot3_ws/src/DynamixelSDK/dynamixel_sdk) by extension 'ignore'
[1.967s] Level 1:colcon.colcon_core.package_identification:_identify(/home/alejo/turtlebot3_ws/src/DynamixelSDK/dynamixel_sdk) by extension 'ignore_ament_install'
[1.967s] Level 1:colcon.colcon_core.package_identification:_identify(/home/alejo/turtlebot3_ws/src/DynamixelSDK/dynamixel_sdk) by extensions ['colcon_pkg']
[1.967s] Level 1:colcon.colcon_core.package_identification:_identify(/home/alejo/turtlebot3_ws/src/DynamixelSDK/dynamixel_sdk) by extension 'colcon_pkg'
[1.967s] Level 1:colcon.colcon_core.package_identification:_identify(/home/alejo/turtlebot3_ws/src/DynamixelSDK/dynamixel_sdk) by extensions ['colcon_meta']
[1.967s] Level 1:colcon.colcon_core.package_identification:_identify(/home/alejo/turtlebot3_ws/src/DynamixelSDK/dynamixel_sdk) by extension 'colcon_meta'
[1.968s] Level 1:colcon.colcon_core.package_identification:_identify(/home/alejo/turtlebot3_ws/src/DynamixelSDK/dynamixel_sdk) by extensions ['ros']
[1.968s] Level 1:colcon.colcon_core.package_identification:_identify(/home/alejo/turtlebot3_ws/src/DynamixelSDK/dynamixel_sdk) by extension 'ros'
[1.973s] DEBUG:colcon.colcon_core.package_identification:Package '/home/alejo/turtlebot3_ws/src/DynamixelSDK/dynamixel_sdk' with type 'ros.ament_cmake' and name 'dynamixel_sdk'
[1.974s] Level 1:colcon.colcon_core.package_identification:_identify(/home/alejo/turtlebot3_ws/src/DynamixelSDK/dynamixel_sdk_custom_interfaces) by extensions ['ignore', 'ignore_ament_install']
[1.974s] Level 1:colcon.colcon_core.package_identification:_identify(/home/alejo/turtlebot3_ws/src/DynamixelSDK/dynamixel_sdk_custom_interfaces) by extension 'ignore'
[1.974s] Level 1:colcon.colcon_core.package_identification:_identify(/home/alejo/turtlebot3_ws/src/DynamixelSDK/dynamixel_sdk_custom_interfaces) by extension 'ignore_ament_install'
[1.974s] Level 1:colcon.colcon_core.package_identification:_identify(/home/alejo/turtlebot3_ws/src/DynamixelSDK/dynamixel_sdk_custom_interfaces) by extensions ['colcon_pkg']
[1.974s] Level 1:colcon.colcon_core.package_identification:_identify(/home/alejo/turtlebot3_ws/src/DynamixelSDK/dynamixel_sdk_custom_interfaces) by extension 'colcon_pkg'
[1.975s] Level 1:colcon.colcon_core.package_identification:_identify(/home/alejo/turtlebot3_ws/src/DynamixelSDK/dynamixel_sdk_custom_interfaces) by extensions ['colcon_meta']
[1.975s] Level 1:colcon.colcon_core.package_identification:_identify(/home/alejo/turtlebot3_ws/src/DynamixelSDK/dynamixel_sdk_custom_interfaces) by extension 'colcon_meta'
[1.975s] Level 1:colcon.colcon_core.package_identification:_identify(/home/alejo/turtlebot3_ws/src/DynamixelSDK/dynamixel_sdk_custom_interfaces) by extensions ['ros']
[1.975s] Level 1:colcon.colcon_core.package_identification:_identify(/home/alejo/turtlebot3_ws/src/DynamixelSDK/dynamixel_sdk_custom_interfaces) by extension 'ros'
[1.976s] DEBUG:colcon.colcon_core.package_identification:Package '/home/alejo/turtlebot3_ws/src/DynamixelSDK/dynamixel_sdk_custom_interfaces' with type 'ros.ament_cmake' and name 'dynamixel_sdk_custom_interfaces'
[1.977s] Level 1:colcon.colcon_core.package_identification:_identify(/home/alejo/turtlebot3_ws/src/DynamixelSDK/dynamixel_sdk_examples) by extensions ['ignore', 'ignore_ament_install']
[1.977s] Level 1:colcon.colcon_core.package_identification:_identify(/home/alejo/turtlebot3_ws/src/DynamixelSDK/dynamixel_sdk_examples) by extension 'ignore'
[1.977s] Level 1:colcon.colcon_core.package_identification:_identify(/home/alejo/turtlebot3_ws/src/DynamixelSDK/dynamixel_sdk_examples) by extension 'ignore_ament_install'
[1.977s] Level 1:colcon.colcon_core.package_identification:_identify(/home/alejo/turtlebot3_ws/src/DynamixelSDK/dynamixel_sdk_examples) by extensions ['colcon_pkg']
[1.977s] Level 1:colcon.colcon_core.package_identification:_identify(/home/alejo/turtlebot3_ws/src/DynamixelSDK/dynamixel_sdk_examples) by extension 'colcon_pkg'
[1.977s] Level 1:colcon.colcon_core.package_identification:_identify(/home/alejo/turtlebot3_ws/src/DynamixelSDK/dynamixel_sdk_examples) by extensions ['colcon_meta']
[1.977s] Level 1:colcon.colcon_core.package_identification:_identify(/home/alejo/turtlebot3_ws/src/DynamixelSDK/dynamixel_sdk_examples) by extension 'colcon_meta'
[1.978s] Level 1:colcon.colcon_core.package_identification:_identify(/home/alejo/turtlebot3_ws/src/DynamixelSDK/dynamixel_sdk_examples) by extensions ['ros']
[1.978s] Level 1:colcon.colcon_core.package_identification:_identify(/home/alejo/turtlebot3_ws/src/DynamixelSDK/dynamixel_sdk_examples) by extension 'ros'
[1.979s] DEBUG:colcon.colcon_core.package_identification:Package '/home/alejo/turtlebot3_ws/src/DynamixelSDK/dynamixel_sdk_examples' with type 'ros.ament_cmake' and name 'dynamixel_sdk_examples'
[1.980s] Level 1:colcon.colcon_core.package_identification:_identify(/home/alejo/turtlebot3_ws/src/turtlebot3) by extensions ['ignore', 'ignore_ament_install']
[1.980s] Level 1:colcon.colcon_core.package_identification:_identify(/home/alejo/turtlebot3_ws/src/turtlebot3) by extension 'ignore'
[1.980s] Level 1:colcon.colcon_core.package_identification:_identify(/home/alejo/turtlebot3_ws/src/turtlebot3) by extension 'ignore_ament_install'
[1.980s] Level 1:colcon.colcon_core.package_identification:_identify(/home/alejo/turtlebot3_ws/src/turtlebot3) by extensions ['colcon_pkg']
[1.980s] Level 1:colcon.colcon_core.package_identification:_identify(/home/alejo/turtlebot3_ws/src/turtlebot3) by extension 'colcon_pkg'
[1.981s] Level 1:colcon.colcon_core.package_identification:_identify(/home/alejo/turtlebot3_ws/src/turtlebot3) by extensions ['colcon_meta']
[1.981s] Level 1:colcon.colcon_core.package_identification:_identify(/home/alejo/turtlebot3_ws/src/turtlebot3) by extension 'colcon_meta'
[1.981s] Level 1:colcon.colcon_core.package_identification:_identify(/home/alejo/turtlebot3_ws/src/turtlebot3) by extensions ['ros']
[1.981s] Level 1:colcon.colcon_core.package_identification:_identify(/home/alejo/turtlebot3_ws/src/turtlebot3) by extension 'ros'
[1.981s] Level 1:colcon.colcon_core.package_identification:_identify(/home/alejo/turtlebot3_ws/src/turtlebot3) by extensions ['cmake', 'python']
[1.981s] Level 1:colcon.colcon_core.package_identification:_identify(/home/alejo/turtlebot3_ws/src/turtlebot3) by extension 'cmake'
[1.981s] Level 1:colcon.colcon_core.package_identification:_identify(/home/alejo/turtlebot3_ws/src/turtlebot3) by extension 'python'
[1.981s] Level 1:colcon.colcon_core.package_identification:_identify(/home/alejo/turtlebot3_ws/src/turtlebot3) by extensions ['python_setup_py']
[1.981s] Level 1:colcon.colcon_core.package_identification:_identify(/home/alejo/turtlebot3_ws/src/turtlebot3) by extension 'python_setup_py'
[1.982s] Level 1:colcon.colcon_core.package_identification:_identify(/home/alejo/turtlebot3_ws/src/turtlebot3/turtlebot3) by extensions ['ignore', 'ignore_ament_install']
[1.982s] Level 1:colcon.colcon_core.package_identification:_identify(/home/alejo/turtlebot3_ws/src/turtlebot3/turtlebot3) by extension 'ignore'
[1.982s] Level 1:colcon.colcon_core.package_identification:_identify(/home/alejo/turtlebot3_ws/src/turtlebot3/turtlebot3) by extension 'ignore_ament_install'
[1.982s] Level 1:colcon.colcon_core.package_identification:_identify(/home/alejo/turtlebot3_ws/src/turtlebot3/turtlebot3) by extensions ['colcon_pkg']
[1.982s] Level 1:colcon.colcon_core.package_identification:_identify(/home/alejo/turtlebot3_ws/src/turtlebot3/turtlebot3) by extension 'colcon_pkg'
[1.982s] Level 1:colcon.colcon_core.package_identification:_identify(/home/alejo/turtlebot3_ws/src/turtlebot3/turtlebot3) by extensions ['colcon_meta']
[1.982s] Level 1:colcon.colcon_core.package_identification:_identify(/home/alejo/turtlebot3_ws/src/turtlebot3/turtlebot3) by extension 'colcon_meta'
[1.983s] Level 1:colcon.colcon_core.package_identification:_identify(/home/alejo/turtlebot3_ws/src/turtlebot3/turtlebot3) by extensions ['ros']
[1.983s] Level 1:colcon.colcon_core.package_identification:_identify(/home/alejo/turtlebot3_ws/src/turtlebot3/turtlebot3) by extension 'ros'
[1.985s] DEBUG:colcon.colcon_core.package_identification:Package '/home/alejo/turtlebot3_ws/src/turtlebot3/turtlebot3' with type 'ros.ament_cmake' and name 'turtlebot3'
[1.985s] Level 1:colcon.colcon_core.package_identification:_identify(/home/alejo/turtlebot3_ws/src/turtlebot3/turtlebot3_bringup) by extensions ['ignore', 'ignore_ament_install']
[1.985s] Level 1:colcon.colcon_core.package_identification:_identify(/home/alejo/turtlebot3_ws/src/turtlebot3/turtlebot3_bringup) by extension 'ignore'
[1.986s] Level 1:colcon.colcon_core.package_identification:_identify(/home/alejo/turtlebot3_ws/src/turtlebot3/turtlebot3_bringup) by extension 'ignore_ament_install'
[1.986s] Level 1:colcon.colcon_core.package_identification:_identify(/home/alejo/turtlebot3_ws/src/turtlebot3/turtlebot3_bringup) by extensions ['colcon_pkg']
[1.986s] Level 1:colcon.colcon_core.package_identification:_identify(/home/alejo/turtlebot3_ws/src/turtlebot3/turtlebot3_bringup) by extension 'colcon_pkg'
[1.987s] Level 1:colcon.colcon_core.package_identification:_identify(/home/alejo/turtlebot3_ws/src/turtlebot3/turtlebot3_bringup) by extensions ['colcon_meta']
[1.987s] Level 1:colcon.colcon_core.package_identification:_identify(/home/alejo/turtlebot3_ws/src/turtlebot3/turtlebot3_bringup) by extension 'colcon_meta'
[1.987s] Level 1:colcon.colcon_core.package_identification:_identify(/home/alejo/turtlebot3_ws/src/turtlebot3/turtlebot3_bringup) by extensions ['ros']
[1.987s] Level 1:colcon.colcon_core.package_identification:_identify(/home/alejo/turtlebot3_ws/src/turtlebot3/turtlebot3_bringup) by extension 'ros'
[1.989s] DEBUG:colcon.colcon_core.package_identification:Package '/home/alejo/turtlebot3_ws/src/turtlebot3/turtlebot3_bringup' with type 'ros.ament_cmake' and name 'turtlebot3_bringup'
[1.989s] Level 1:colcon.colcon_core.package_identification:_identify(/home/alejo/turtlebot3_ws/src/turtlebot3/turtlebot3_cartographer) by extensions ['ignore', 'ignore_ament_install']
[1.989s] Level 1:colcon.colcon_core.package_identification:_identify(/home/alejo/turtlebot3_ws/src/turtlebot3/turtlebot3_cartographer) by extension 'ignore'
[1.989s] Level 1:colcon.colcon_core.package_identification:_identify(/home/alejo/turtlebot3_ws/src/turtlebot3/turtlebot3_cartographer) by extension 'ignore_ament_install'
[1.990s] Level 1:colcon.colcon_core.package_identification:_identify(/home/alejo/turtlebot3_ws/src/turtlebot3/turtlebot3_cartographer) by extensions ['colcon_pkg']
[1.990s] Level 1:colcon.colcon_core.package_identification:_identify(/home/alejo/turtlebot3_ws/src/turtlebot3/turtlebot3_cartographer) by extension 'colcon_pkg'
[1.990s] Level 1:colcon.colcon_core.package_identification:_identify(/home/alejo/turtlebot3_ws/src/turtlebot3/turtlebot3_cartographer) by extensions ['colcon_meta']
[1.990s] Level 1:colcon.colcon_core.package_identification:_identify(/home/alejo/turtlebot3_ws/src/turtlebot3/turtlebot3_cartographer) by extension 'colcon_meta'
[1.990s] Level 1:colcon.colcon_core.package_identification:_identify(/home/alejo/turtlebot3_ws/src/turtlebot3/turtlebot3_cartographer) by extensions ['ros']
[1.990s] Level 1:colcon.colcon_core.package_identification:_identify(/home/alejo/turtlebot3_ws/src/turtlebot3/turtlebot3_cartographer) by extension 'ros'
[1.991s] DEBUG:colcon.colcon_core.package_identification:Package '/home/alejo/turtlebot3_ws/src/turtlebot3/turtlebot3_cartographer' with type 'ros.ament_cmake' and name 'turtlebot3_cartographer'
[1.992s] Level 1:colcon.colcon_core.package_identification:_identify(/home/alejo/turtlebot3_ws/src/turtlebot3/turtlebot3_description) by extensions ['ignore', 'ignore_ament_install']
[1.992s] Level 1:colcon.colcon_core.package_identification:_identify(/home/alejo/turtlebot3_ws/src/turtlebot3/turtlebot3_description) by extension 'ignore'
[1.992s] Level 1:colcon.colcon_core.package_identification:_identify(/home/alejo/turtlebot3_ws/src/turtlebot3/turtlebot3_description) by extension 'ignore_ament_install'
[1.992s] Level 1:colcon.colcon_core.package_identification:_identify(/home/alejo/turtlebot3_ws/src/turtlebot3/turtlebot3_description) by extensions ['colcon_pkg']
[1.992s] Level 1:colcon.colcon_core.package_identification:_identify(/home/alejo/turtlebot3_ws/src/turtlebot3/turtlebot3_description) by extension 'colcon_pkg'
[1.992s] Level 1:colcon.colcon_core.package_identification:_identify(/home/alejo/turtlebot3_ws/src/turtlebot3/turtlebot3_description) by extensions ['colcon_meta']
[1.992s] Level 1:colcon.colcon_core.package_identification:_identify(/home/alejo/turtlebot3_ws/src/turtlebot3/turtlebot3_description) by extension 'colcon_meta'
[1.993s] Level 1:colcon.colcon_core.package_identification:_identify(/home/alejo/turtlebot3_ws/src/turtlebot3/turtlebot3_description) by extensions ['ros']
[1.993s] Level 1:colcon.colcon_core.package_identification:_identify(/home/alejo/turtlebot3_ws/src/turtlebot3/turtlebot3_description) by extension 'ros'
[1.994s] DEBUG:colcon.colcon_core.package_identification:Package '/home/alejo/turtlebot3_ws/src/turtlebot3/turtlebot3_description' with type 'ros.ament_cmake' and name 'turtlebot3_description'
[1.994s] Level 1:colcon.colcon_core.package_identification:_identify(/home/alejo/turtlebot3_ws/src/turtlebot3/turtlebot3_example) by extensions ['ignore', 'ignore_ament_install']
[1.995s] Level 1:colcon.colcon_core.package_identification:_identify(/home/alejo/turtlebot3_ws/src/turtlebot3/turtlebot3_example) by extension 'ignore'
[1.995s] Level 1:colcon.colcon_core.package_identification:_identify(/home/alejo/turtlebot3_ws/src/turtlebot3/turtlebot3_example) by extension 'ignore_ament_install'
[1.995s] Level 1:colcon.colcon_core.package_identification:_identify(/home/alejo/turtlebot3_ws/src/turtlebot3/turtlebot3_example) by extensions ['colcon_pkg']
[1.995s] Level 1:colcon.colcon_core.package_identification:_identify(/home/alejo/turtlebot3_ws/src/turtlebot3/turtlebot3_example) by extension 'colcon_pkg'
[1.995s] Level 1:colcon.colcon_core.package_identification:_identify(/home/alejo/turtlebot3_ws/src/turtlebot3/turtlebot3_example) by extensions ['colcon_meta']
[1.995s] Level 1:colcon.colcon_core.package_identification:_identify(/home/alejo/turtlebot3_ws/src/turtlebot3/turtlebot3_example) by extension 'colcon_meta'
[1.995s] Level 1:colcon.colcon_core.package_identification:_identify(/home/alejo/turtlebot3_ws/src/turtlebot3/turtlebot3_example) by extensions ['ros']
[1.995s] Level 1:colcon.colcon_core.package_identification:_identify(/home/alejo/turtlebot3_ws/src/turtlebot3/turtlebot3_example) by extension 'ros'
[1.998s] DEBUG:colcon.colcon_core.package_identification:Package '/home/alejo/turtlebot3_ws/src/turtlebot3/turtlebot3_example' with type 'ros.ament_python' and name 'turtlebot3_example'
[1.998s] Level 1:colcon.colcon_core.package_identification:_identify(/home/alejo/turtlebot3_ws/src/turtlebot3/turtlebot3_navigation2) by extensions ['ignore', 'ignore_ament_install']
[1.999s] Level 1:colcon.colcon_core.package_identification:_identify(/home/alejo/turtlebot3_ws/src/turtlebot3/turtlebot3_navigation2) by extension 'ignore'
[1.999s] Level 1:colcon.colcon_core.package_identification:_identify(/home/alejo/turtlebot3_ws/src/turtlebot3/turtlebot3_navigation2) by extension 'ignore_ament_install'
[1.999s] Level 1:colcon.colcon_core.package_identification:_identify(/home/alejo/turtlebot3_ws/src/turtlebot3/turtlebot3_navigation2) by extensions ['colcon_pkg']
[1.999s] Level 1:colcon.colcon_core.package_identification:_identify(/home/alejo/turtlebot3_ws/src/turtlebot3/turtlebot3_navigation2) by extension 'colcon_pkg'
[1.999s] Level 1:colcon.colcon_core.package_identification:_identify(/home/alejo/turtlebot3_ws/src/turtlebot3/turtlebot3_navigation2) by extensions ['colcon_meta']
[1.999s] Level 1:colcon.colcon_core.package_identification:_identify(/home/alejo/turtlebot3_ws/src/turtlebot3/turtlebot3_navigation2) by extension 'colcon_meta'
[1.999s] Level 1:colcon.colcon_core.package_identification:_identify(/home/alejo/turtlebot3_ws/src/turtlebot3/turtlebot3_navigation2) by extensions ['ros']
[2.000s] Level 1:colcon.colcon_core.package_identification:_identify(/home/alejo/turtlebot3_ws/src/turtlebot3/turtlebot3_navigation2) by extension 'ros'
[2.002s] DEBUG:colcon.colcon_core.package_identification:Package '/home/alejo/turtlebot3_ws/src/turtlebot3/turtlebot3_navigation2' with type 'ros.ament_cmake' and name 'turtlebot3_navigation2'
[2.003s] Level 1:colcon.colcon_core.package_identification:_identify(/home/alejo/turtlebot3_ws/src/turtlebot3/turtlebot3_node) by extensions ['ignore', 'ignore_ament_install']
[2.003s] Level 1:colcon.colcon_core.package_identification:_identify(/home/alejo/turtlebot3_ws/src/turtlebot3/turtlebot3_node) by extension 'ignore'
[2.003s] Level 1:colcon.colcon_core.package_identification:_identify(/home/alejo/turtlebot3_ws/src/turtlebot3/turtlebot3_node) by extension 'ignore_ament_install'
[2.004s] Level 1:colcon.colcon_core.package_identification:_identify(/home/alejo/turtlebot3_ws/src/turtlebot3/turtlebot3_node) by extensions ['colcon_pkg']
[2.004s] Level 1:colcon.colcon_core.package_identification:_identify(/home/alejo/turtlebot3_ws/src/turtlebot3/turtlebot3_node) by extension 'colcon_pkg'
[2.004s] Level 1:colcon.colcon_core.package_identification:_identify(/home/alejo/turtlebot3_ws/src/turtlebot3/turtlebot3_node) by extensions ['colcon_meta']
[2.004s] Level 1:colcon.colcon_core.package_identification:_identify(/home/alejo/turtlebot3_ws/src/turtlebot3/turtlebot3_node) by extension 'colcon_meta'
[2.004s] Level 1:colcon.colcon_core.package_identification:_identify(/home/alejo/turtlebot3_ws/src/turtlebot3/turtlebot3_node) by extensions ['ros']
[2.004s] Level 1:colcon.colcon_core.package_identification:_identify(/home/alejo/turtlebot3_ws/src/turtlebot3/turtlebot3_node) by extension 'ros'
[2.007s] DEBUG:colcon.colcon_core.package_identification:Package '/home/alejo/turtlebot3_ws/src/turtlebot3/turtlebot3_node' with type 'ros.ament_cmake' and name 'turtlebot3_node'
[2.008s] Level 1:colcon.colcon_core.package_identification:_identify(/home/alejo/turtlebot3_ws/src/turtlebot3/turtlebot3_teleop) by extensions ['ignore', 'ignore_ament_install']
[2.008s] Level 1:colcon.colcon_core.package_identification:_identify(/home/alejo/turtlebot3_ws/src/turtlebot3/turtlebot3_teleop) by extension 'ignore'
[2.008s] Level 1:colcon.colcon_core.package_identification:_identify(/home/alejo/turtlebot3_ws/src/turtlebot3/turtlebot3_teleop) by extension 'ignore_ament_install'
[2.008s] Level 1:colcon.colcon_core.package_identification:_identify(/home/alejo/turtlebot3_ws/src/turtlebot3/turtlebot3_teleop) by extensions ['colcon_pkg']
[2.008s] Level 1:colcon.colcon_core.package_identification:_identify(/home/alejo/turtlebot3_ws/src/turtlebot3/turtlebot3_teleop) by extension 'colcon_pkg'
[2.009s] Level 1:colcon.colcon_core.package_identification:_identify(/home/alejo/turtlebot3_ws/src/turtlebot3/turtlebot3_teleop) by extensions ['colcon_meta']
[2.009s] Level 1:colcon.colcon_core.package_identification:_identify(/home/alejo/turtlebot3_ws/src/turtlebot3/turtlebot3_teleop) by extension 'colcon_meta'
[2.009s] Level 1:colcon.colcon_core.package_identification:_identify(/home/alejo/turtlebot3_ws/src/turtlebot3/turtlebot3_teleop) by extensions ['ros']
[2.009s] Level 1:colcon.colcon_core.package_identification:_identify(/home/alejo/turtlebot3_ws/src/turtlebot3/turtlebot3_teleop) by extension 'ros'
[2.010s] DEBUG:colcon.colcon_core.package_identification:Package '/home/alejo/turtlebot3_ws/src/turtlebot3/turtlebot3_teleop' with type 'ros.ament_python' and name 'turtlebot3_teleop'
[2.011s] Level 1:colcon.colcon_core.package_identification:_identify(/home/alejo/turtlebot3_ws/src/turtlebot3_msgs) by extensions ['ignore', 'ignore_ament_install']
[2.011s] Level 1:colcon.colcon_core.package_identification:_identify(/home/alejo/turtlebot3_ws/src/turtlebot3_msgs) by extension 'ignore'
[2.011s] Level 1:colcon.colcon_core.package_identification:_identify(/home/alejo/turtlebot3_ws/src/turtlebot3_msgs) by extension 'ignore_ament_install'
[2.012s] Level 1:colcon.colcon_core.package_identification:_identify(/home/alejo/turtlebot3_ws/src/turtlebot3_msgs) by extensions ['colcon_pkg']
[2.012s] Level 1:colcon.colcon_core.package_identification:_identify(/home/alejo/turtlebot3_ws/src/turtlebot3_msgs) by extension 'colcon_pkg'
[2.012s] Level 1:colcon.colcon_core.package_identification:_identify(/home/alejo/turtlebot3_ws/src/turtlebot3_msgs) by extensions ['colcon_meta']
[2.012s] Level 1:colcon.colcon_core.package_identification:_identify(/home/alejo/turtlebot3_ws/src/turtlebot3_msgs) by extension 'colcon_meta'
[2.012s] Level 1:colcon.colcon_core.package_identification:_identify(/home/alejo/turtlebot3_ws/src/turtlebot3_msgs) by extensions ['ros']
[2.012s] Level 1:colcon.colcon_core.package_identification:_identify(/home/alejo/turtlebot3_ws/src/turtlebot3_msgs) by extension 'ros'
[2.014s] DEBUG:colcon.colcon_core.package_identification:Package '/home/alejo/turtlebot3_ws/src/turtlebot3_msgs' with type 'ros.ament_cmake' and name 'turtlebot3_msgs'
[2.014s] Level 1:colcon.colcon_core.package_identification:_identify(/home/alejo/turtlebot3_ws/src/turtlebot3_simulations) by extensions ['ignore', 'ignore_ament_install']
[2.015s] Level 1:colcon.colcon_core.package_identification:_identify(/home/alejo/turtlebot3_ws/src/turtlebot3_simulations) by extension 'ignore'
[2.015s] Level 1:colcon.colcon_core.package_identification:_identify(/home/alejo/turtlebot3_ws/src/turtlebot3_simulations) by extension 'ignore_ament_install'
[2.015s] Level 1:colcon.colcon_core.package_identification:_identify(/home/alejo/turtlebot3_ws/src/turtlebot3_simulations) by extensions ['colcon_pkg']
[2.015s] Level 1:colcon.colcon_core.package_identification:_identify(/home/alejo/turtlebot3_ws/src/turtlebot3_simulations) by extension 'colcon_pkg'
[2.015s] Level 1:colcon.colcon_core.package_identification:_identify(/home/alejo/turtlebot3_ws/src/turtlebot3_simulations) by extensions ['colcon_meta']
[2.015s] Level 1:colcon.colcon_core.package_identification:_identify(/home/alejo/turtlebot3_ws/src/turtlebot3_simulations) by extension 'colcon_meta'
[2.015s] Level 1:colcon.colcon_core.package_identification:_identify(/home/alejo/turtlebot3_ws/src/turtlebot3_simulations) by extensions ['ros']
[2.015s] Level 1:colcon.colcon_core.package_identification:_identify(/home/alejo/turtlebot3_ws/src/turtlebot3_simulations) by extension 'ros'
[2.015s] Level 1:colcon.colcon_core.package_identification:_identify(/home/alejo/turtlebot3_ws/src/turtlebot3_simulations) by extensions ['cmake', 'python']
[2.015s] Level 1:colcon.colcon_core.package_identification:_identify(/home/alejo/turtlebot3_ws/src/turtlebot3_simulations) by extension 'cmake'
[2.016s] Level 1:colcon.colcon_core.package_identification:_identify(/home/alejo/turtlebot3_ws/src/turtlebot3_simulations) by extension 'python'
[2.016s] Level 1:colcon.colcon_core.package_identification:_identify(/home/alejo/turtlebot3_ws/src/turtlebot3_simulations) by extensions ['python_setup_py']
[2.016s] Level 1:colcon.colcon_core.package_identification:_identify(/home/alejo/turtlebot3_ws/src/turtlebot3_simulations) by extension 'python_setup_py'
[2.016s] Level 1:colcon.colcon_core.package_identification:_identify(/home/alejo/turtlebot3_ws/src/turtlebot3_simulations/turtlebot3_fake_node) by extensions ['ignore', 'ignore_ament_install']
[2.016s] Level 1:colcon.colcon_core.package_identification:_identify(/home/alejo/turtlebot3_ws/src/turtlebot3_simulations/turtlebot3_fake_node) by extension 'ignore'
[2.016s] Level 1:colcon.colcon_core.package_identification:_identify(/home/alejo/turtlebot3_ws/src/turtlebot3_simulations/turtlebot3_fake_node) by extension 'ignore_ament_install'
[2.016s] Level 1:colcon.colcon_core.package_identification:_identify(/home/alejo/turtlebot3_ws/src/turtlebot3_simulations/turtlebot3_fake_node) by extensions ['colcon_pkg']
[2.016s] Level 1:colcon.colcon_core.package_identification:_identify(/home/alejo/turtlebot3_ws/src/turtlebot3_simulations/turtlebot3_fake_node) by extension 'colcon_pkg'
[2.016s] Level 1:colcon.colcon_core.package_identification:_identify(/home/alejo/turtlebot3_ws/src/turtlebot3_simulations/turtlebot3_fake_node) by extensions ['colcon_meta']
[2.016s] Level 1:colcon.colcon_core.package_identification:_identify(/home/alejo/turtlebot3_ws/src/turtlebot3_simulations/turtlebot3_fake_node) by extension 'colcon_meta'
[2.016s] Level 1:colcon.colcon_core.package_identification:_identify(/home/alejo/turtlebot3_ws/src/turtlebot3_simulations/turtlebot3_fake_node) by extensions ['ros']
[2.016s] Level 1:colcon.colcon_core.package_identification:_identify(/home/alejo/turtlebot3_ws/src/turtlebot3_simulations/turtlebot3_fake_node) by extension 'ros'
[2.020s] DEBUG:colcon.colcon_core.package_identification:Package '/home/alejo/turtlebot3_ws/src/turtlebot3_simulations/turtlebot3_fake_node' with type 'ros.ament_cmake' and name 'turtlebot3_fake_node'
[2.020s] Level 1:colcon.colcon_core.package_identification:_identify(/home/alejo/turtlebot3_ws/src/turtlebot3_simulations/turtlebot3_gazebo) by extensions ['ignore', 'ignore_ament_install']
[2.021s] Level 1:colcon.colcon_core.package_identification:_identify(/home/alejo/turtlebot3_ws/src/turtlebot3_simulations/turtlebot3_gazebo) by extension 'ignore'
[2.021s] Level 1:colcon.colcon_core.package_identification:_identify(/home/alejo/turtlebot3_ws/src/turtlebot3_simulations/turtlebot3_gazebo) by extension 'ignore_ament_install'
[2.021s] Level 1:colcon.colcon_core.package_identification:_identify(/home/alejo/turtlebot3_ws/src/turtlebot3_simulations/turtlebot3_gazebo) by extensions ['colcon_pkg']
[2.021s] Level 1:colcon.colcon_core.package_identification:_identify(/home/alejo/turtlebot3_ws/src/turtlebot3_simulations/turtlebot3_gazebo) by extension 'colcon_pkg'
[2.021s] Level 1:colcon.colcon_core.package_identification:_identify(/home/alejo/turtlebot3_ws/src/turtlebot3_simulations/turtlebot3_gazebo) by extensions ['colcon_meta']
[2.021s] Level 1:colcon.colcon_core.package_identification:_identify(/home/alejo/turtlebot3_ws/src/turtlebot3_simulations/turtlebot3_gazebo) by extension 'colcon_meta'
[2.021s] Level 1:colcon.colcon_core.package_identification:_identify(/home/alejo/turtlebot3_ws/src/turtlebot3_simulations/turtlebot3_gazebo) by extensions ['ros']
[2.021s] Level 1:colcon.colcon_core.package_identification:_identify(/home/alejo/turtlebot3_ws/src/turtlebot3_simulations/turtlebot3_gazebo) by extension 'ros'
[2.023s] DEBUG:colcon.colcon_core.package_identification:Package '/home/alejo/turtlebot3_ws/src/turtlebot3_simulations/turtlebot3_gazebo' with type 'ros.ament_cmake' and name 'turtlebot3_gazebo'
[2.023s] Level 1:colcon.colcon_core.package_identification:_identify(/home/alejo/turtlebot3_ws/src/turtlebot3_simulations/turtlebot3_simulations) by extensions ['ignore', 'ignore_ament_install']
[2.023s] Level 1:colcon.colcon_core.package_identification:_identify(/home/alejo/turtlebot3_ws/src/turtlebot3_simulations/turtlebot3_simulations) by extension 'ignore'
[2.023s] Level 1:colcon.colcon_core.package_identification:_identify(/home/alejo/turtlebot3_ws/src/turtlebot3_simulations/turtlebot3_simulations) by extension 'ignore_ament_install'
[2.023s] Level 1:colcon.colcon_core.package_identification:_identify(/home/alejo/turtlebot3_ws/src/turtlebot3_simulations/turtlebot3_simulations) by extensions ['colcon_pkg']
[2.023s] Level 1:colcon.colcon_core.package_identification:_identify(/home/alejo/turtlebot3_ws/src/turtlebot3_simulations/turtlebot3_simulations) by extension 'colcon_pkg'
[2.024s] Level 1:colcon.colcon_core.package_identification:_identify(/home/alejo/turtlebot3_ws/src/turtlebot3_simulations/turtlebot3_simulations) by extensions ['colcon_meta']
[2.024s] Level 1:colcon.colcon_core.package_identification:_identify(/home/alejo/turtlebot3_ws/src/turtlebot3_simulations/turtlebot3_simulations) by extension 'colcon_meta'
[2.024s] Level 1:colcon.colcon_core.package_identification:_identify(/home/alejo/turtlebot3_ws/src/turtlebot3_simulations/turtlebot3_simulations) by extensions ['ros']
[2.024s] Level 1:colcon.colcon_core.package_identification:_identify(/home/alejo/turtlebot3_ws/src/turtlebot3_simulations/turtlebot3_simulations) by extension 'ros'
[2.025s] DEBUG:colcon.colcon_core.package_identification:Package '/home/alejo/turtlebot3_ws/src/turtlebot3_simulations/turtlebot3_simulations' with type 'ros.ament_cmake' and name 'turtlebot3_simulations'
[2.025s] Level 1:colcon.colcon_core.package_discovery:discover_packages(recursive) using defaults
