[0.784s] Invoking command in '/home/alejo/turtlebot3_ws/build/dynamixel_sdk': CMAKE_PREFIX_PATH=${CMAKE_PREFIX_PATH}:/home/alejo/turtlebot3_ws/install/turtlebot3_teleop:/home/alejo/turtlebot3_ws/install/turtlebot3_example:/opt/ros/humble /usr/bin/cmake --build /home/alejo/turtlebot3_ws/build/dynamixel_sdk -- -j8 -l8
[0.945s] [100%] Built target dynamixel_sdk
[1.853s] Invoked command in '/home/alejo/turtlebot3_ws/build/dynamixel_sdk' returned '0': CMAKE_PREFIX_PATH=${CMAKE_PREFIX_PATH}:/home/alejo/turtlebot3_ws/install/turtlebot3_teleop:/home/alejo/turtlebot3_ws/install/turtlebot3_example:/opt/ros/humble /usr/bin/cmake --build /home/alejo/turtlebot3_ws/build/dynamixel_sdk -- -j8 -l8
[2.679s] Invoking command in '/home/alejo/turtlebot3_ws/build/dynamixel_sdk': CMAKE_PREFIX_PATH=${CMAKE_PREFIX_PATH}:/home/alejo/turtlebot3_ws/install/turtlebot3_teleop:/home/alejo/turtlebot3_ws/install/turtlebot3_example:/opt/ros/humble /usr/bin/cmake --install /home/alejo/turtlebot3_ws/build/dynamixel_sdk
[2.721s] -- Install configuration: ""
[2.721s] -- Execute custom install script
[2.722s] -- Up-to-date symlink: /home/alejo/turtlebot3_ws/install/dynamixel_sdk/include//dynamixel_sdk/dynamixel_sdk.h
[2.722s] -- Up-to-date symlink: /home/alejo/turtlebot3_ws/install/dynamixel_sdk/include//dynamixel_sdk/group_bulk_read.h
[2.722s] -- Up-to-date symlink: /home/alejo/turtlebot3_ws/install/dynamixel_sdk/include//dynamixel_sdk/group_bulk_write.h
[2.722s] -- Up-to-date symlink: /home/alejo/turtlebot3_ws/install/dynamixel_sdk/include//dynamixel_sdk/group_sync_read.h
[2.722s] -- Up-to-date symlink: /home/alejo/turtlebot3_ws/install/dynamixel_sdk/include//dynamixel_sdk/group_sync_write.h
[2.722s] -- Up-to-date symlink: /home/alejo/turtlebot3_ws/install/dynamixel_sdk/include//dynamixel_sdk/packet_handler.h
[2.722s] -- Up-to-date symlink: /home/alejo/turtlebot3_ws/install/dynamixel_sdk/include//dynamixel_sdk/port_handler.h
[2.723s] -- Up-to-date symlink: /home/alejo/turtlebot3_ws/install/dynamixel_sdk/include//dynamixel_sdk/port_handler_arduino.h
[2.723s] -- Up-to-date symlink: /home/alejo/turtlebot3_ws/install/dynamixel_sdk/include//dynamixel_sdk/port_handler_linux.h
[2.723s] -- Up-to-date symlink: /home/alejo/turtlebot3_ws/install/dynamixel_sdk/include//dynamixel_sdk/port_handler_mac.h
[2.723s] -- Up-to-date symlink: /home/alejo/turtlebot3_ws/install/dynamixel_sdk/include//dynamixel_sdk/port_handler_windows.h
[2.723s] -- Up-to-date symlink: /home/alejo/turtlebot3_ws/install/dynamixel_sdk/include//dynamixel_sdk/protocol1_packet_handler.h
[2.723s] -- Up-to-date symlink: /home/alejo/turtlebot3_ws/install/dynamixel_sdk/include//dynamixel_sdk/protocol2_packet_handler.h
[2.724s] -- Up-to-date symlink: /home/alejo/turtlebot3_ws/install/dynamixel_sdk/lib/libdynamixel_sdk.so
[2.724s] -- Up-to-date symlink: /home/alejo/turtlebot3_ws/install/dynamixel_sdk/share/dynamixel_sdk/environment/library_path.sh
[2.724s] -- Up-to-date symlink: /home/alejo/turtlebot3_ws/install/dynamixel_sdk/share/dynamixel_sdk/environment/library_path.dsv
[2.724s] -- Up-to-date symlink: /home/alejo/turtlebot3_ws/install/dynamixel_sdk/share/ament_index/resource_index/package_run_dependencies/dynamixel_sdk
[2.726s] -- Up-to-date symlink: /home/alejo/turtlebot3_ws/install/dynamixel_sdk/share/ament_index/resource_index/parent_prefix_path/dynamixel_sdk
[2.726s] -- Up-to-date symlink: /home/alejo/turtlebot3_ws/install/dynamixel_sdk/share/dynamixel_sdk/environment/ament_prefix_path.sh
[2.726s] -- Up-to-date symlink: /home/alejo/turtlebot3_ws/install/dynamixel_sdk/share/dynamixel_sdk/environment/ament_prefix_path.dsv
[2.727s] -- Up-to-date symlink: /home/alejo/turtlebot3_ws/install/dynamixel_sdk/share/dynamixel_sdk/environment/path.sh
[2.727s] -- Up-to-date symlink: /home/alejo/turtlebot3_ws/install/dynamixel_sdk/share/dynamixel_sdk/environment/path.dsv
[2.727s] -- Up-to-date symlink: /home/alejo/turtlebot3_ws/install/dynamixel_sdk/share/dynamixel_sdk/local_setup.bash
[2.727s] -- Up-to-date symlink: /home/alejo/turtlebot3_ws/install/dynamixel_sdk/share/dynamixel_sdk/local_setup.sh
[2.727s] -- Up-to-date symlink: /home/alejo/turtlebot3_ws/install/dynamixel_sdk/share/dynamixel_sdk/local_setup.zsh
[2.728s] -- Up-to-date symlink: /home/alejo/turtlebot3_ws/install/dynamixel_sdk/share/dynamixel_sdk/local_setup.dsv
[2.728s] -- Symlinking: /home/alejo/turtlebot3_ws/install/dynamixel_sdk/share/dynamixel_sdk/package.dsv
[2.751s] -- Up-to-date symlink: /home/alejo/turtlebot3_ws/install/dynamixel_sdk/share/ament_index/resource_index/packages/dynamixel_sdk
[2.751s] -- Up-to-date symlink: /home/alejo/turtlebot3_ws/install/dynamixel_sdk/share/dynamixel_sdk/cmake/ament_cmake_export_include_directories-extras.cmake
[2.752s] -- Up-to-date symlink: /home/alejo/turtlebot3_ws/install/dynamixel_sdk/share/dynamixel_sdk/cmake/ament_cmake_export_libraries-extras.cmake
[2.752s] -- Up-to-date symlink: /home/alejo/turtlebot3_ws/install/dynamixel_sdk/share/dynamixel_sdk/cmake/dynamixel_sdkConfig.cmake
[2.752s] -- Up-to-date symlink: /home/alejo/turtlebot3_ws/install/dynamixel_sdk/share/dynamixel_sdk/cmake/dynamixel_sdkConfig-version.cmake
[2.752s] -- Up-to-date symlink: /home/alejo/turtlebot3_ws/install/dynamixel_sdk/share/dynamixel_sdk/package.xml
[3.504s] Invoked command in '/home/alejo/turtlebot3_ws/build/dynamixel_sdk' returned '0': CMAKE_PREFIX_PATH=${CMAKE_PREFIX_PATH}:/home/alejo/turtlebot3_ws/install/turtlebot3_teleop:/home/alejo/turtlebot3_ws/install/turtlebot3_example:/opt/ros/humble /usr/bin/cmake --install /home/alejo/turtlebot3_ws/build/dynamixel_sdk
