[0.882s] Invoking command in '/home/alejo/turtlebot3_ws/build/turtlebot3_msgs': CMAKE_PREFIX_PATH=${CMAKE_PREFIX_PATH}:/home/alejo/turtlebot3_ws/install/turtlebot3_teleop:/home/alejo/turtlebot3_ws/install/turtlebot3_example:/opt/ros/humble /usr/bin/cmake --build /home/alejo/turtlebot3_ws/build/turtlebot3_msgs -- -j8 -l8
[1.057s] [ 11%] Built target turtlebot3_msgs__rosidl_generator_c
[1.073s] [ 12%] Built target turtlebot3_msgs__cpp
[1.123s] [ 12%] Built target ament_cmake_python_symlink_turtlebot3_msgs
[1.179s] [ 23%] Built target turtlebot3_msgs__rosidl_typesupport_fastrtps_c
[1.195s] [ 35%] Built target turtlebot3_msgs__rosidl_typesupport_introspection_c
[1.217s] [ 46%] Built target turtlebot3_msgs__rosidl_typesupport_c
[1.250s] [ 57%] Built target turtlebot3_msgs__rosidl_typesupport_cpp
[1.254s] [ 77%] Built target turtlebot3_msgs__rosidl_typesupport_fastrtps_cpp
[1.256s] [ 80%] Built target turtlebot3_msgs__rosidl_typesupport_introspection_cpp
[1.306s] [ 80%] Built target turtlebot3_msgs
[1.362s] [ 81%] Built target turtlebot3_msgs__py
[1.421s] [ 91%] Built target turtlebot3_msgs__rosidl_generator_py
[1.554s] [ 94%] Built target turtlebot3_msgs__rosidl_typesupport_introspection_c__pyext
[1.576s] [ 97%] Built target turtlebot3_msgs__rosidl_typesupport_fastrtps_c__pyext
[1.581s] [100%] Built target turtlebot3_msgs__rosidl_typesupport_c__pyext
[1.872s] running egg_info
[1.873s] writing turtlebot3_msgs.egg-info/PKG-INFO
[1.874s] writing dependency_links to turtlebot3_msgs.egg-info/dependency_links.txt
[1.875s] writing top-level names to turtlebot3_msgs.egg-info/top_level.txt
[1.879s] reading manifest file 'turtlebot3_msgs.egg-info/SOURCES.txt'
[1.880s] writing manifest file 'turtlebot3_msgs.egg-info/SOURCES.txt'
[1.960s] [100%] Built target ament_cmake_python_build_turtlebot3_msgs_egg
[2.003s] Invoked command in '/home/alejo/turtlebot3_ws/build/turtlebot3_msgs' returned '0': CMAKE_PREFIX_PATH=${CMAKE_PREFIX_PATH}:/home/alejo/turtlebot3_ws/install/turtlebot3_teleop:/home/alejo/turtlebot3_ws/install/turtlebot3_example:/opt/ros/humble /usr/bin/cmake --build /home/alejo/turtlebot3_ws/build/turtlebot3_msgs -- -j8 -l8
[2.791s] Invoking command in '/home/alejo/turtlebot3_ws/build/turtlebot3_msgs': CMAKE_PREFIX_PATH=${CMAKE_PREFIX_PATH}:/home/alejo/turtlebot3_ws/install/turtlebot3_teleop:/home/alejo/turtlebot3_ws/install/turtlebot3_example:/opt/ros/humble /usr/bin/cmake --install /home/alejo/turtlebot3_ws/build/turtlebot3_msgs
[3.269s] -- Install configuration: ""
[3.270s] -- Execute custom install script
[3.271s] -- Up-to-date symlink: /home/alejo/turtlebot3_ws/install/turtlebot3_msgs/share/ament_index/resource_index/rosidl_interfaces/turtlebot3_msgs
[3.271s] -- Up-to-date symlink: /home/alejo/turtlebot3_ws/install/turtlebot3_msgs/include/turtlebot3_msgs/turtlebot3_msgs/action/detail/patrol__functions.h
[3.271s] -- Up-to-date symlink: /home/alejo/turtlebot3_ws/install/turtlebot3_msgs/include/turtlebot3_msgs/turtlebot3_msgs/action/detail/patrol__struct.h
[3.272s] -- Up-to-date symlink: /home/alejo/turtlebot3_ws/install/turtlebot3_msgs/include/turtlebot3_msgs/turtlebot3_msgs/action/detail/patrol__type_support.h
[3.272s] -- Up-to-date symlink: /home/alejo/turtlebot3_ws/install/turtlebot3_msgs/include/turtlebot3_msgs/turtlebot3_msgs/action/patrol.h
[3.273s] -- Up-to-date symlink: /home/alejo/turtlebot3_ws/install/turtlebot3_msgs/include/turtlebot3_msgs/turtlebot3_msgs/msg/detail/sensor_state__functions.h
[3.273s] -- Up-to-date symlink: /home/alejo/turtlebot3_ws/install/turtlebot3_msgs/include/turtlebot3_msgs/turtlebot3_msgs/msg/detail/sensor_state__struct.h
[3.274s] -- Up-to-date symlink: /home/alejo/turtlebot3_ws/install/turtlebot3_msgs/include/turtlebot3_msgs/turtlebot3_msgs/msg/detail/sensor_state__type_support.h
[3.274s] -- Up-to-date symlink: /home/alejo/turtlebot3_ws/install/turtlebot3_msgs/include/turtlebot3_msgs/turtlebot3_msgs/msg/detail/sound__functions.h
[3.275s] -- Up-to-date symlink: /home/alejo/turtlebot3_ws/install/turtlebot3_msgs/include/turtlebot3_msgs/turtlebot3_msgs/msg/detail/sound__struct.h
[3.275s] -- Up-to-date symlink: /home/alejo/turtlebot3_ws/install/turtlebot3_msgs/include/turtlebot3_msgs/turtlebot3_msgs/msg/detail/sound__type_support.h
[3.276s] -- Up-to-date symlink: /home/alejo/turtlebot3_ws/install/turtlebot3_msgs/include/turtlebot3_msgs/turtlebot3_msgs/msg/detail/version_info__functions.h
[3.276s] -- Up-to-date symlink: /home/alejo/turtlebot3_ws/install/turtlebot3_msgs/include/turtlebot3_msgs/turtlebot3_msgs/msg/detail/version_info__struct.h
[3.277s] -- Up-to-date symlink: /home/alejo/turtlebot3_ws/install/turtlebot3_msgs/include/turtlebot3_msgs/turtlebot3_msgs/msg/detail/version_info__type_support.h
[3.277s] -- Up-to-date symlink: /home/alejo/turtlebot3_ws/install/turtlebot3_msgs/include/turtlebot3_msgs/turtlebot3_msgs/msg/rosidl_generator_c__visibility_control.h
[3.278s] -- Up-to-date symlink: /home/alejo/turtlebot3_ws/install/turtlebot3_msgs/include/turtlebot3_msgs/turtlebot3_msgs/msg/sensor_state.h
[3.278s] -- Up-to-date symlink: /home/alejo/turtlebot3_ws/install/turtlebot3_msgs/include/turtlebot3_msgs/turtlebot3_msgs/msg/sound.h
[3.279s] -- Up-to-date symlink: /home/alejo/turtlebot3_ws/install/turtlebot3_msgs/include/turtlebot3_msgs/turtlebot3_msgs/msg/version_info.h
[3.279s] -- Up-to-date symlink: /home/alejo/turtlebot3_ws/install/turtlebot3_msgs/include/turtlebot3_msgs/turtlebot3_msgs/srv/detail/dqn__functions.h
[3.280s] -- Up-to-date symlink: /home/alejo/turtlebot3_ws/install/turtlebot3_msgs/include/turtlebot3_msgs/turtlebot3_msgs/srv/detail/dqn__struct.h
[3.280s] -- Up-to-date symlink: /home/alejo/turtlebot3_ws/install/turtlebot3_msgs/include/turtlebot3_msgs/turtlebot3_msgs/srv/detail/dqn__type_support.h
[3.280s] -- Up-to-date symlink: /home/alejo/turtlebot3_ws/install/turtlebot3_msgs/include/turtlebot3_msgs/turtlebot3_msgs/srv/detail/sound__functions.h
[3.280s] -- Up-to-date symlink: /home/alejo/turtlebot3_ws/install/turtlebot3_msgs/include/turtlebot3_msgs/turtlebot3_msgs/srv/detail/sound__struct.h
[3.281s] -- Up-to-date symlink: /home/alejo/turtlebot3_ws/install/turtlebot3_msgs/include/turtlebot3_msgs/turtlebot3_msgs/srv/detail/sound__type_support.h
[3.281s] -- Up-to-date symlink: /home/alejo/turtlebot3_ws/install/turtlebot3_msgs/include/turtlebot3_msgs/turtlebot3_msgs/srv/dqn.h
[3.282s] -- Up-to-date symlink: /home/alejo/turtlebot3_ws/install/turtlebot3_msgs/include/turtlebot3_msgs/turtlebot3_msgs/srv/sound.h
[3.283s] -- Up-to-date symlink: /home/alejo/turtlebot3_ws/install/turtlebot3_msgs/share/turtlebot3_msgs/environment/library_path.sh
[3.283s] -- Up-to-date symlink: /home/alejo/turtlebot3_ws/install/turtlebot3_msgs/share/turtlebot3_msgs/environment/library_path.dsv
[3.283s] -- Up-to-date symlink: /home/alejo/turtlebot3_ws/install/turtlebot3_msgs/include/turtlebot3_msgs/turtlebot3_msgs/action/detail/patrol__rosidl_typesupport_fastrtps_c.h
[3.284s] -- Up-to-date symlink: /home/alejo/turtlebot3_ws/install/turtlebot3_msgs/include/turtlebot3_msgs/turtlebot3_msgs/msg/detail/sensor_state__rosidl_typesupport_fastrtps_c.h
[3.285s] -- Up-to-date symlink: /home/alejo/turtlebot3_ws/install/turtlebot3_msgs/include/turtlebot3_msgs/turtlebot3_msgs/msg/detail/sound__rosidl_typesupport_fastrtps_c.h
[3.285s] -- Up-to-date symlink: /home/alejo/turtlebot3_ws/install/turtlebot3_msgs/include/turtlebot3_msgs/turtlebot3_msgs/msg/detail/version_info__rosidl_typesupport_fastrtps_c.h
[3.285s] -- Up-to-date symlink: /home/alejo/turtlebot3_ws/install/turtlebot3_msgs/include/turtlebot3_msgs/turtlebot3_msgs/msg/rosidl_typesupport_fastrtps_c__visibility_control.h
[3.286s] -- Up-to-date symlink: /home/alejo/turtlebot3_ws/install/turtlebot3_msgs/include/turtlebot3_msgs/turtlebot3_msgs/srv/detail/dqn__rosidl_typesupport_fastrtps_c.h
[3.286s] -- Up-to-date symlink: /home/alejo/turtlebot3_ws/install/turtlebot3_msgs/include/turtlebot3_msgs/turtlebot3_msgs/srv/detail/sound__rosidl_typesupport_fastrtps_c.h
[3.287s] -- Up-to-date symlink: /home/alejo/turtlebot3_ws/install/turtlebot3_msgs/include/turtlebot3_msgs/turtlebot3_msgs/action/detail/patrol__builder.hpp
[3.287s] -- Up-to-date symlink: /home/alejo/turtlebot3_ws/install/turtlebot3_msgs/include/turtlebot3_msgs/turtlebot3_msgs/action/detail/patrol__struct.hpp
[3.288s] -- Up-to-date symlink: /home/alejo/turtlebot3_ws/install/turtlebot3_msgs/include/turtlebot3_msgs/turtlebot3_msgs/action/detail/patrol__traits.hpp
[3.288s] -- Up-to-date symlink: /home/alejo/turtlebot3_ws/install/turtlebot3_msgs/include/turtlebot3_msgs/turtlebot3_msgs/action/patrol.hpp
[3.288s] -- Up-to-date symlink: /home/alejo/turtlebot3_ws/install/turtlebot3_msgs/include/turtlebot3_msgs/turtlebot3_msgs/msg/detail/sensor_state__builder.hpp
[3.289s] -- Up-to-date symlink: /home/alejo/turtlebot3_ws/install/turtlebot3_msgs/include/turtlebot3_msgs/turtlebot3_msgs/msg/detail/sensor_state__struct.hpp
[3.289s] -- Up-to-date symlink: /home/alejo/turtlebot3_ws/install/turtlebot3_msgs/include/turtlebot3_msgs/turtlebot3_msgs/msg/detail/sensor_state__traits.hpp
[3.289s] -- Up-to-date symlink: /home/alejo/turtlebot3_ws/install/turtlebot3_msgs/include/turtlebot3_msgs/turtlebot3_msgs/msg/detail/sound__builder.hpp
[3.289s] -- Up-to-date symlink: /home/alejo/turtlebot3_ws/install/turtlebot3_msgs/include/turtlebot3_msgs/turtlebot3_msgs/msg/detail/sound__struct.hpp
[3.290s] -- Up-to-date symlink: /home/alejo/turtlebot3_ws/install/turtlebot3_msgs/include/turtlebot3_msgs/turtlebot3_msgs/msg/detail/sound__traits.hpp
[3.290s] -- Up-to-date symlink: /home/alejo/turtlebot3_ws/install/turtlebot3_msgs/include/turtlebot3_msgs/turtlebot3_msgs/msg/detail/version_info__builder.hpp
[3.291s] -- Up-to-date symlink: /home/alejo/turtlebot3_ws/install/turtlebot3_msgs/include/turtlebot3_msgs/turtlebot3_msgs/msg/detail/version_info__struct.hpp
[3.291s] -- Up-to-date symlink: /home/alejo/turtlebot3_ws/install/turtlebot3_msgs/include/turtlebot3_msgs/turtlebot3_msgs/msg/detail/version_info__traits.hpp
[3.292s] -- Up-to-date symlink: /home/alejo/turtlebot3_ws/install/turtlebot3_msgs/include/turtlebot3_msgs/turtlebot3_msgs/msg/sensor_state.hpp
[3.292s] -- Up-to-date symlink: /home/alejo/turtlebot3_ws/install/turtlebot3_msgs/include/turtlebot3_msgs/turtlebot3_msgs/msg/sound.hpp
[3.293s] -- Up-to-date symlink: /home/alejo/turtlebot3_ws/install/turtlebot3_msgs/include/turtlebot3_msgs/turtlebot3_msgs/msg/version_info.hpp
[3.293s] -- Up-to-date symlink: /home/alejo/turtlebot3_ws/install/turtlebot3_msgs/include/turtlebot3_msgs/turtlebot3_msgs/srv/detail/dqn__builder.hpp
[3.293s] -- Up-to-date symlink: /home/alejo/turtlebot3_ws/install/turtlebot3_msgs/include/turtlebot3_msgs/turtlebot3_msgs/srv/detail/dqn__struct.hpp
[3.294s] -- Up-to-date symlink: /home/alejo/turtlebot3_ws/install/turtlebot3_msgs/include/turtlebot3_msgs/turtlebot3_msgs/srv/detail/dqn__traits.hpp
[3.294s] -- Up-to-date symlink: /home/alejo/turtlebot3_ws/install/turtlebot3_msgs/include/turtlebot3_msgs/turtlebot3_msgs/srv/detail/sound__builder.hpp
[3.294s] -- Up-to-date symlink: /home/alejo/turtlebot3_ws/install/turtlebot3_msgs/include/turtlebot3_msgs/turtlebot3_msgs/srv/detail/sound__struct.hpp
[3.295s] -- Up-to-date symlink: /home/alejo/turtlebot3_ws/install/turtlebot3_msgs/include/turtlebot3_msgs/turtlebot3_msgs/srv/detail/sound__traits.hpp
[3.295s] -- Up-to-date symlink: /home/alejo/turtlebot3_ws/install/turtlebot3_msgs/include/turtlebot3_msgs/turtlebot3_msgs/srv/dqn.hpp
[3.295s] -- Up-to-date symlink: /home/alejo/turtlebot3_ws/install/turtlebot3_msgs/include/turtlebot3_msgs/turtlebot3_msgs/srv/sound.hpp
[3.295s] -- Up-to-date symlink: /home/alejo/turtlebot3_ws/install/turtlebot3_msgs/include/turtlebot3_msgs/turtlebot3_msgs/action/detail/patrol__rosidl_typesupport_fastrtps_cpp.hpp
[3.296s] -- Up-to-date symlink: /home/alejo/turtlebot3_ws/install/turtlebot3_msgs/include/turtlebot3_msgs/turtlebot3_msgs/msg/detail/sensor_state__rosidl_typesupport_fastrtps_cpp.hpp
[3.296s] -- Up-to-date symlink: /home/alejo/turtlebot3_ws/install/turtlebot3_msgs/include/turtlebot3_msgs/turtlebot3_msgs/msg/detail/sound__rosidl_typesupport_fastrtps_cpp.hpp
[3.296s] -- Up-to-date symlink: /home/alejo/turtlebot3_ws/install/turtlebot3_msgs/include/turtlebot3_msgs/turtlebot3_msgs/msg/detail/version_info__rosidl_typesupport_fastrtps_cpp.hpp
[3.296s] -- Up-to-date symlink: /home/alejo/turtlebot3_ws/install/turtlebot3_msgs/include/turtlebot3_msgs/turtlebot3_msgs/msg/rosidl_typesupport_fastrtps_cpp__visibility_control.h
[3.296s] -- Up-to-date symlink: /home/alejo/turtlebot3_ws/install/turtlebot3_msgs/include/turtlebot3_msgs/turtlebot3_msgs/srv/detail/dqn__rosidl_typesupport_fastrtps_cpp.hpp
[3.297s] -- Up-to-date symlink: /home/alejo/turtlebot3_ws/install/turtlebot3_msgs/include/turtlebot3_msgs/turtlebot3_msgs/srv/detail/sound__rosidl_typesupport_fastrtps_cpp.hpp
[3.297s] -- Up-to-date symlink: /home/alejo/turtlebot3_ws/install/turtlebot3_msgs/include/turtlebot3_msgs/turtlebot3_msgs/action/detail/patrol__rosidl_typesupport_introspection_c.h
[3.298s] -- Up-to-date symlink: /home/alejo/turtlebot3_ws/install/turtlebot3_msgs/include/turtlebot3_msgs/turtlebot3_msgs/msg/detail/sensor_state__rosidl_typesupport_introspection_c.h
[3.298s] -- Up-to-date symlink: /home/alejo/turtlebot3_ws/install/turtlebot3_msgs/include/turtlebot3_msgs/turtlebot3_msgs/msg/detail/sound__rosidl_typesupport_introspection_c.h
[3.298s] -- Up-to-date symlink: /home/alejo/turtlebot3_ws/install/turtlebot3_msgs/include/turtlebot3_msgs/turtlebot3_msgs/msg/detail/version_info__rosidl_typesupport_introspection_c.h
[3.298s] -- Up-to-date symlink: /home/alejo/turtlebot3_ws/install/turtlebot3_msgs/include/turtlebot3_msgs/turtlebot3_msgs/msg/rosidl_typesupport_introspection_c__visibility_control.h
[3.298s] -- Up-to-date symlink: /home/alejo/turtlebot3_ws/install/turtlebot3_msgs/include/turtlebot3_msgs/turtlebot3_msgs/srv/detail/dqn__rosidl_typesupport_introspection_c.h
[3.298s] -- Up-to-date symlink: /home/alejo/turtlebot3_ws/install/turtlebot3_msgs/include/turtlebot3_msgs/turtlebot3_msgs/srv/detail/sound__rosidl_typesupport_introspection_c.h
[3.298s] -- Up-to-date symlink: /home/alejo/turtlebot3_ws/install/turtlebot3_msgs/include/turtlebot3_msgs/turtlebot3_msgs/action/detail/patrol__rosidl_typesupport_introspection_cpp.hpp
[3.299s] -- Up-to-date symlink: /home/alejo/turtlebot3_ws/install/turtlebot3_msgs/include/turtlebot3_msgs/turtlebot3_msgs/msg/detail/sensor_state__rosidl_typesupport_introspection_cpp.hpp
[3.299s] -- Up-to-date symlink: /home/alejo/turtlebot3_ws/install/turtlebot3_msgs/include/turtlebot3_msgs/turtlebot3_msgs/msg/detail/sound__rosidl_typesupport_introspection_cpp.hpp
[3.300s] -- Up-to-date symlink: /home/alejo/turtlebot3_ws/install/turtlebot3_msgs/include/turtlebot3_msgs/turtlebot3_msgs/msg/detail/version_info__rosidl_typesupport_introspection_cpp.hpp
[3.300s] -- Up-to-date symlink: /home/alejo/turtlebot3_ws/install/turtlebot3_msgs/include/turtlebot3_msgs/turtlebot3_msgs/srv/detail/dqn__rosidl_typesupport_introspection_cpp.hpp
[3.300s] -- Up-to-date symlink: /home/alejo/turtlebot3_ws/install/turtlebot3_msgs/include/turtlebot3_msgs/turtlebot3_msgs/srv/detail/sound__rosidl_typesupport_introspection_cpp.hpp
[3.301s] -- Up-to-date symlink: /home/alejo/turtlebot3_ws/install/turtlebot3_msgs/share/turtlebot3_msgs/environment/pythonpath.sh
[3.333s] -- Up-to-date symlink: /home/alejo/turtlebot3_ws/install/turtlebot3_msgs/share/turtlebot3_msgs/environment/pythonpath.dsv
[3.333s] -- Up-to-date symlink: /home/alejo/turtlebot3_ws/install/turtlebot3_msgs/local/lib/python3.10/dist-packages/turtlebot3_msgs-2.2.3-py3.10.egg-info/PKG-INFO
[3.334s] -- Up-to-date symlink: /home/alejo/turtlebot3_ws/install/turtlebot3_msgs/local/lib/python3.10/dist-packages/turtlebot3_msgs-2.2.3-py3.10.egg-info/SOURCES.txt
[3.334s] -- Up-to-date symlink: /home/alejo/turtlebot3_ws/install/turtlebot3_msgs/local/lib/python3.10/dist-packages/turtlebot3_msgs-2.2.3-py3.10.egg-info/dependency_links.txt
[3.334s] -- Up-to-date symlink: /home/alejo/turtlebot3_ws/install/turtlebot3_msgs/local/lib/python3.10/dist-packages/turtlebot3_msgs-2.2.3-py3.10.egg-info/top_level.txt
[3.334s] -- Up-to-date symlink: /home/alejo/turtlebot3_ws/install/turtlebot3_msgs/local/lib/python3.10/dist-packages/turtlebot3_msgs/__init__.py
[3.334s] -- Up-to-date symlink: /home/alejo/turtlebot3_ws/install/turtlebot3_msgs/local/lib/python3.10/dist-packages/turtlebot3_msgs/_turtlebot3_msgs_s.ep.rosidl_typesupport_c.c
[3.334s] -- Up-to-date symlink: /home/alejo/turtlebot3_ws/install/turtlebot3_msgs/local/lib/python3.10/dist-packages/turtlebot3_msgs/_turtlebot3_msgs_s.ep.rosidl_typesupport_fastrtps_c.c
[3.334s] -- Up-to-date symlink: /home/alejo/turtlebot3_ws/install/turtlebot3_msgs/local/lib/python3.10/dist-packages/turtlebot3_msgs/_turtlebot3_msgs_s.ep.rosidl_typesupport_introspection_c.c
[3.335s] -- Up-to-date symlink: /home/alejo/turtlebot3_ws/install/turtlebot3_msgs/local/lib/python3.10/dist-packages/turtlebot3_msgs/action/__init__.py
[3.335s] -- Up-to-date symlink: /home/alejo/turtlebot3_ws/install/turtlebot3_msgs/local/lib/python3.10/dist-packages/turtlebot3_msgs/action/_patrol.py
[3.335s] -- Up-to-date symlink: /home/alejo/turtlebot3_ws/install/turtlebot3_msgs/local/lib/python3.10/dist-packages/turtlebot3_msgs/action/_patrol_s.c
[3.335s] -- Up-to-date symlink: /home/alejo/turtlebot3_ws/install/turtlebot3_msgs/local/lib/python3.10/dist-packages/turtlebot3_msgs/libturtlebot3_msgs__rosidl_generator_py.so
[3.335s] -- Up-to-date symlink: /home/alejo/turtlebot3_ws/install/turtlebot3_msgs/local/lib/python3.10/dist-packages/turtlebot3_msgs/msg/__init__.py
[3.335s] -- Up-to-date symlink: /home/alejo/turtlebot3_ws/install/turtlebot3_msgs/local/lib/python3.10/dist-packages/turtlebot3_msgs/msg/_sensor_state.py
[3.336s] -- Up-to-date symlink: /home/alejo/turtlebot3_ws/install/turtlebot3_msgs/local/lib/python3.10/dist-packages/turtlebot3_msgs/msg/_sensor_state_s.c
[3.336s] -- Up-to-date symlink: /home/alejo/turtlebot3_ws/install/turtlebot3_msgs/local/lib/python3.10/dist-packages/turtlebot3_msgs/msg/_sound.py
[3.336s] -- Up-to-date symlink: /home/alejo/turtlebot3_ws/install/turtlebot3_msgs/local/lib/python3.10/dist-packages/turtlebot3_msgs/msg/_sound_s.c
[3.337s] -- Up-to-date symlink: /home/alejo/turtlebot3_ws/install/turtlebot3_msgs/local/lib/python3.10/dist-packages/turtlebot3_msgs/msg/_version_info.py
[3.337s] -- Up-to-date symlink: /home/alejo/turtlebot3_ws/install/turtlebot3_msgs/local/lib/python3.10/dist-packages/turtlebot3_msgs/msg/_version_info_s.c
[3.338s] -- Up-to-date symlink: /home/alejo/turtlebot3_ws/install/turtlebot3_msgs/local/lib/python3.10/dist-packages/turtlebot3_msgs/srv/__init__.py
[3.338s] -- Up-to-date symlink: /home/alejo/turtlebot3_ws/install/turtlebot3_msgs/local/lib/python3.10/dist-packages/turtlebot3_msgs/srv/_dqn.py
[3.339s] -- Up-to-date symlink: /home/alejo/turtlebot3_ws/install/turtlebot3_msgs/local/lib/python3.10/dist-packages/turtlebot3_msgs/srv/_dqn_s.c
[3.339s] -- Up-to-date symlink: /home/alejo/turtlebot3_ws/install/turtlebot3_msgs/local/lib/python3.10/dist-packages/turtlebot3_msgs/srv/_sound.py
[3.339s] -- Up-to-date symlink: /home/alejo/turtlebot3_ws/install/turtlebot3_msgs/local/lib/python3.10/dist-packages/turtlebot3_msgs/srv/_sound_s.c
[3.340s] -- Up-to-date symlink: /home/alejo/turtlebot3_ws/install/turtlebot3_msgs/local/lib/python3.10/dist-packages/turtlebot3_msgs/turtlebot3_msgs_s__rosidl_typesupport_c.cpython-310-x86_64-linux-gnu.so
[3.340s] -- Up-to-date symlink: /home/alejo/turtlebot3_ws/install/turtlebot3_msgs/local/lib/python3.10/dist-packages/turtlebot3_msgs/turtlebot3_msgs_s__rosidl_typesupport_fastrtps_c.cpython-310-x86_64-linux-gnu.so
[3.341s] -- Up-to-date symlink: /home/alejo/turtlebot3_ws/install/turtlebot3_msgs/local/lib/python3.10/dist-packages/turtlebot3_msgs/turtlebot3_msgs_s__rosidl_typesupport_introspection_c.cpython-310-x86_64-linux-gnu.so
[3.341s] -- Up-to-date symlink: /home/alejo/turtlebot3_ws/install/turtlebot3_msgs/local/lib/python3.10/dist-packages/turtlebot3_msgs/turtlebot3_msgs_s__rosidl_typesupport_fastrtps_c.cpython-310-x86_64-linux-gnu.so
[3.346s] -- Up-to-date symlink: /home/alejo/turtlebot3_ws/install/turtlebot3_msgs/local/lib/python3.10/dist-packages/turtlebot3_msgs/turtlebot3_msgs_s__rosidl_typesupport_introspection_c.cpython-310-x86_64-linux-gnu.so
[3.347s] -- Up-to-date symlink: /home/alejo/turtlebot3_ws/install/turtlebot3_msgs/local/lib/python3.10/dist-packages/turtlebot3_msgs/turtlebot3_msgs_s__rosidl_typesupport_c.cpython-310-x86_64-linux-gnu.so
[3.347s] -- Up-to-date symlink: /home/alejo/turtlebot3_ws/install/turtlebot3_msgs/share/turtlebot3_msgs/msg/SensorState.idl
[3.347s] -- Up-to-date symlink: /home/alejo/turtlebot3_ws/install/turtlebot3_msgs/share/turtlebot3_msgs/msg/Sound.idl
[3.347s] -- Up-to-date symlink: /home/alejo/turtlebot3_ws/install/turtlebot3_msgs/share/turtlebot3_msgs/msg/VersionInfo.idl
[3.348s] -- Up-to-date symlink: /home/alejo/turtlebot3_ws/install/turtlebot3_msgs/share/turtlebot3_msgs/srv/Sound.idl
[3.348s] -- Up-to-date symlink: /home/alejo/turtlebot3_ws/install/turtlebot3_msgs/share/turtlebot3_msgs/srv/Dqn.idl
[3.368s] -- Up-to-date symlink: /home/alejo/turtlebot3_ws/install/turtlebot3_msgs/share/turtlebot3_msgs/action/Patrol.idl
[3.372s] -- Up-to-date symlink: /home/alejo/turtlebot3_ws/install/turtlebot3_msgs/share/turtlebot3_msgs/msg/SensorState.msg
[3.375s] -- Up-to-date symlink: /home/alejo/turtlebot3_ws/install/turtlebot3_msgs/share/turtlebot3_msgs/msg/Sound.msg
[3.375s] -- Up-to-date symlink: /home/alejo/turtlebot3_ws/install/turtlebot3_msgs/share/turtlebot3_msgs/msg/VersionInfo.msg
[3.376s] -- Up-to-date symlink: /home/alejo/turtlebot3_ws/install/turtlebot3_msgs/share/turtlebot3_msgs/srv/Sound.srv
[3.379s] -- Up-to-date symlink: /home/alejo/turtlebot3_ws/install/turtlebot3_msgs/share/turtlebot3_msgs/srv/Sound_Request.msg
[3.379s] -- Up-to-date symlink: /home/alejo/turtlebot3_ws/install/turtlebot3_msgs/share/turtlebot3_msgs/srv/Sound_Response.msg
[3.379s] -- Up-to-date symlink: /home/alejo/turtlebot3_ws/install/turtlebot3_msgs/share/turtlebot3_msgs/srv/Dqn.srv
[3.380s] -- Up-to-date symlink: /home/alejo/turtlebot3_ws/install/turtlebot3_msgs/share/turtlebot3_msgs/srv/Dqn_Request.msg
[3.380s] -- Up-to-date symlink: /home/alejo/turtlebot3_ws/install/turtlebot3_msgs/share/turtlebot3_msgs/srv/Dqn_Response.msg
[3.381s] -- Up-to-date symlink: /home/alejo/turtlebot3_ws/install/turtlebot3_msgs/share/turtlebot3_msgs/action/Patrol.action
[3.381s] -- Up-to-date symlink: /home/alejo/turtlebot3_ws/install/turtlebot3_msgs/share/ament_index/resource_index/package_run_dependencies/turtlebot3_msgs
[3.382s] -- Up-to-date symlink: /home/alejo/turtlebot3_ws/install/turtlebot3_msgs/share/ament_index/resource_index/parent_prefix_path/turtlebot3_msgs
[3.382s] -- Up-to-date symlink: /home/alejo/turtlebot3_ws/install/turtlebot3_msgs/share/turtlebot3_msgs/environment/ament_prefix_path.sh
[3.383s] -- Up-to-date symlink: /home/alejo/turtlebot3_ws/install/turtlebot3_msgs/share/turtlebot3_msgs/environment/ament_prefix_path.dsv
[3.383s] -- Up-to-date symlink: /home/alejo/turtlebot3_ws/install/turtlebot3_msgs/share/turtlebot3_msgs/environment/path.sh
[3.384s] -- Up-to-date symlink: /home/alejo/turtlebot3_ws/install/turtlebot3_msgs/share/turtlebot3_msgs/environment/path.dsv
[3.384s] -- Up-to-date symlink: /home/alejo/turtlebot3_ws/install/turtlebot3_msgs/share/turtlebot3_msgs/local_setup.bash
[3.385s] -- Up-to-date symlink: /home/alejo/turtlebot3_ws/install/turtlebot3_msgs/share/turtlebot3_msgs/local_setup.sh
[3.385s] -- Up-to-date symlink: /home/alejo/turtlebot3_ws/install/turtlebot3_msgs/share/turtlebot3_msgs/local_setup.zsh
[3.385s] -- Up-to-date symlink: /home/alejo/turtlebot3_ws/install/turtlebot3_msgs/share/turtlebot3_msgs/local_setup.dsv
[3.386s] -- Symlinking: /home/alejo/turtlebot3_ws/install/turtlebot3_msgs/share/turtlebot3_msgs/package.dsv
[3.386s] -- Up-to-date symlink: /home/alejo/turtlebot3_ws/install/turtlebot3_msgs/share/ament_index/resource_index/packages/turtlebot3_msgs
[3.386s] -- Up-to-date symlink: /home/alejo/turtlebot3_ws/install/turtlebot3_msgs/share/turtlebot3_msgs/cmake/rosidl_cmake-extras.cmake
[3.387s] -- Up-to-date symlink: /home/alejo/turtlebot3_ws/install/turtlebot3_msgs/share/turtlebot3_msgs/cmake/ament_cmake_export_dependencies-extras.cmake
[3.388s] -- Up-to-date symlink: /home/alejo/turtlebot3_ws/install/turtlebot3_msgs/share/turtlebot3_msgs/cmake/ament_cmake_export_include_directories-extras.cmake
[3.388s] -- Up-to-date symlink: /home/alejo/turtlebot3_ws/install/turtlebot3_msgs/share/turtlebot3_msgs/cmake/ament_cmake_export_libraries-extras.cmake
[3.388s] -- Up-to-date symlink: /home/alejo/turtlebot3_ws/install/turtlebot3_msgs/share/turtlebot3_msgs/cmake/ament_cmake_export_targets-extras.cmake
[3.388s] -- Up-to-date symlink: /home/alejo/turtlebot3_ws/install/turtlebot3_msgs/share/turtlebot3_msgs/cmake/rosidl_cmake_export_typesupport_targets-extras.cmake
[3.389s] -- Up-to-date symlink: /home/alejo/turtlebot3_ws/install/turtlebot3_msgs/share/turtlebot3_msgs/cmake/rosidl_cmake_export_typesupport_libraries-extras.cmake
[3.389s] -- Up-to-date symlink: /home/alejo/turtlebot3_ws/install/turtlebot3_msgs/share/turtlebot3_msgs/cmake/turtlebot3_msgsConfig.cmake
[3.389s] -- Up-to-date symlink: /home/alejo/turtlebot3_ws/install/turtlebot3_msgs/share/turtlebot3_msgs/cmake/turtlebot3_msgsConfig-version.cmake
[3.389s] -- Up-to-date symlink: /home/alejo/turtlebot3_ws/install/turtlebot3_msgs/share/turtlebot3_msgs/package.xml
[3.389s] -- Up-to-date: /home/alejo/turtlebot3_ws/install/turtlebot3_msgs/lib/libturtlebot3_msgs__rosidl_generator_c.so
[3.389s] -- Up-to-date: /home/alejo/turtlebot3_ws/install/turtlebot3_msgs/lib/libturtlebot3_msgs__rosidl_typesupport_fastrtps_c.so
[3.390s] -- Up-to-date: /home/alejo/turtlebot3_ws/install/turtlebot3_msgs/lib/libturtlebot3_msgs__rosidl_typesupport_fastrtps_cpp.so
[3.390s] -- Up-to-date: /home/alejo/turtlebot3_ws/install/turtlebot3_msgs/lib/libturtlebot3_msgs__rosidl_typesupport_introspection_c.so
[3.390s] -- Up-to-date: /home/alejo/turtlebot3_ws/install/turtlebot3_msgs/lib/libturtlebot3_msgs__rosidl_typesupport_c.so
[3.390s] -- Up-to-date: /home/alejo/turtlebot3_ws/install/turtlebot3_msgs/lib/libturtlebot3_msgs__rosidl_typesupport_introspection_cpp.so
[3.390s] -- Up-to-date: /home/alejo/turtlebot3_ws/install/turtlebot3_msgs/lib/libturtlebot3_msgs__rosidl_typesupport_cpp.so
[3.390s] Listing '/home/alejo/turtlebot3_ws/install/turtlebot3_msgs/local/lib/python3.10/dist-packages/turtlebot3_msgs'...
[3.391s] Listing '/home/alejo/turtlebot3_ws/install/turtlebot3_msgs/local/lib/python3.10/dist-packages/turtlebot3_msgs/action'...
[3.392s] Listing '/home/alejo/turtlebot3_ws/install/turtlebot3_msgs/local/lib/python3.10/dist-packages/turtlebot3_msgs/msg'...
[3.392s] Listing '/home/alejo/turtlebot3_ws/install/turtlebot3_msgs/local/lib/python3.10/dist-packages/turtlebot3_msgs/srv'...
[3.394s] -- Up-to-date: /home/alejo/turtlebot3_ws/install/turtlebot3_msgs/lib/libturtlebot3_msgs__rosidl_generator_py.so
[3.394s] -- Up-to-date: /home/alejo/turtlebot3_ws/install/turtlebot3_msgs/share/turtlebot3_msgs/cmake/export_turtlebot3_msgs__rosidl_generator_cExport.cmake
[3.394s] -- Up-to-date: /home/alejo/turtlebot3_ws/install/turtlebot3_msgs/share/turtlebot3_msgs/cmake/export_turtlebot3_msgs__rosidl_generator_cExport-noconfig.cmake
[3.396s] -- Up-to-date: /home/alejo/turtlebot3_ws/install/turtlebot3_msgs/share/turtlebot3_msgs/cmake/export_turtlebot3_msgs__rosidl_typesupport_fastrtps_cExport.cmake
[3.397s] -- Up-to-date: /home/alejo/turtlebot3_ws/install/turtlebot3_msgs/share/turtlebot3_msgs/cmake/export_turtlebot3_msgs__rosidl_typesupport_fastrtps_cExport-noconfig.cmake
[3.397s] -- Up-to-date: /home/alejo/turtlebot3_ws/install/turtlebot3_msgs/share/turtlebot3_msgs/cmake/export_turtlebot3_msgs__rosidl_generator_cppExport.cmake
[3.400s] -- Up-to-date: /home/alejo/turtlebot3_ws/install/turtlebot3_msgs/share/turtlebot3_msgs/cmake/export_turtlebot3_msgs__rosidl_typesupport_fastrtps_cppExport.cmake
[3.401s] -- Up-to-date: /home/alejo/turtlebot3_ws/install/turtlebot3_msgs/share/turtlebot3_msgs/cmake/export_turtlebot3_msgs__rosidl_typesupport_fastrtps_cppExport-noconfig.cmake
[3.401s] -- Up-to-date: /home/alejo/turtlebot3_ws/install/turtlebot3_msgs/share/turtlebot3_msgs/cmake/turtlebot3_msgs__rosidl_typesupport_introspection_cExport.cmake
[3.402s] -- Up-to-date: /home/alejo/turtlebot3_ws/install/turtlebot3_msgs/share/turtlebot3_msgs/cmake/turtlebot3_msgs__rosidl_typesupport_introspection_cExport-noconfig.cmake
[3.402s] -- Up-to-date: /home/alejo/turtlebot3_ws/install/turtlebot3_msgs/share/turtlebot3_msgs/cmake/turtlebot3_msgs__rosidl_typesupport_cExport.cmake
[3.402s] -- Up-to-date: /home/alejo/turtlebot3_ws/install/turtlebot3_msgs/share/turtlebot3_msgs/cmake/turtlebot3_msgs__rosidl_typesupport_cExport-noconfig.cmake
[3.403s] -- Up-to-date: /home/alejo/turtlebot3_ws/install/turtlebot3_msgs/share/turtlebot3_msgs/cmake/turtlebot3_msgs__rosidl_typesupport_introspection_cppExport.cmake
[3.403s] -- Up-to-date: /home/alejo/turtlebot3_ws/install/turtlebot3_msgs/share/turtlebot3_msgs/cmake/turtlebot3_msgs__rosidl_typesupport_introspection_cppExport-noconfig.cmake
[3.403s] -- Up-to-date: /home/alejo/turtlebot3_ws/install/turtlebot3_msgs/share/turtlebot3_msgs/cmake/turtlebot3_msgs__rosidl_typesupport_cppExport.cmake
[3.404s] -- Up-to-date: /home/alejo/turtlebot3_ws/install/turtlebot3_msgs/share/turtlebot3_msgs/cmake/turtlebot3_msgs__rosidl_typesupport_cppExport-noconfig.cmake
[3.404s] -- Up-to-date: /home/alejo/turtlebot3_ws/install/turtlebot3_msgs/share/turtlebot3_msgs/cmake/export_turtlebot3_msgs__rosidl_generator_pyExport.cmake
[3.404s] -- Up-to-date: /home/alejo/turtlebot3_ws/install/turtlebot3_msgs/share/turtlebot3_msgs/cmake/export_turtlebot3_msgs__rosidl_generator_pyExport-noconfig.cmake
[3.884s] Invoked command in '/home/alejo/turtlebot3_ws/build/turtlebot3_msgs' returned '0': CMAKE_PREFIX_PATH=${CMAKE_PREFIX_PATH}:/home/alejo/turtlebot3_ws/install/turtlebot3_teleop:/home/alejo/turtlebot3_ws/install/turtlebot3_example:/opt/ros/humble /usr/bin/cmake --install /home/alejo/turtlebot3_ws/build/turtlebot3_msgs
