[0.737s] Invoking command in '/home/alejo/turtlebot3_ws/build/dynamixel_sdk_examples': CMAKE_PREFIX_PATH=/home/alejo/turtlebot3_ws/install/dynamixel_sdk_custom_interfaces:/home/alejo/turtlebot3_ws/install/dynamixel_sdk:/home/alejo/turtlebot3_ws/install/turtlebot3:/home/alejo/turtlebot3_ws/install/turtlebot3_simulations:/home/alejo/turtlebot3_ws/install/turtlebot3_bringup:/home/alejo/turtlebot3_ws/install/turtlebot3_node:/home/alejo/turtlebot3_ws/install/turtlebot3_navigation2:/home/alejo/turtlebot3_ws/install/turtlebot3_fake_node:/home/alejo/turtlebot3_ws/install/turtlebot3_msgs:/home/alejo/turtlebot3_ws/install/turtlebot3_gazebo:/home/alejo/turtlebot3_ws/install/turtlebot3_description:/home/alejo/turtlebot3_ws/install/turtlebot3_cartographer:/home/alejo/turtlebot3_ws/install/navegacion:/home/alejo/turtlebot3_ws/install/dynamixel_sdk_examples:/home/alejo/turtlebot3_ws/install/turtlebot3_teleop:/home/alejo/turtlebot3_ws/install/turtlebot3_example:/opt/ros/humble LD_LIBRARY_PATH=/home/alejo/turtlebot3_ws/install/dynamixel_sdk_custom_interfaces/lib:/home/alejo/turtlebot3_ws/install/dynamixel_sdk/lib:/home/alejo/turtlebot3_ws/install/turtlebot3_msgs/lib:/usr/lib/x86_64-linux-gnu/gazebo-11/plugins:/opt/ros/humble/opt/rviz_ogre_vendor/lib:/opt/ros/humble/lib/x86_64-linux-gnu:/opt/ros/humble/lib /usr/bin/cmake /home/alejo/turtlebot3_ws/src/DynamixelSDK/dynamixel_sdk_examples -DCMAKE_INSTALL_PREFIX=/home/alejo/turtlebot3_ws/install/dynamixel_sdk_examples
[0.759s] -- Found ament_cmake: 1.3.7 (/opt/ros/humble/share/ament_cmake/cmake)
[1.050s] -- Override CMake install command with custom implementation using symlinks instead of copying resources
[1.063s] -- Found dynamixel_sdk: 3.7.60 (/home/alejo/turtlebot3_ws/install/dynamixel_sdk/share/dynamixel_sdk/cmake)
[1.066s] -- Found dynamixel_sdk_custom_interfaces: 3.7.60 (/home/alejo/turtlebot3_ws/install/dynamixel_sdk_custom_interfaces/share/dynamixel_sdk_custom_interfaces/cmake)
[1.118s] -- Found rosidl_generator_c: 3.1.5 (/opt/ros/humble/share/rosidl_generator_c/cmake)
[1.124s] -- Found rosidl_adapter: 3.1.5 (/opt/ros/humble/share/rosidl_adapter/cmake)
[1.138s] -- Found rosidl_generator_cpp: 3.1.5 (/opt/ros/humble/share/rosidl_generator_cpp/cmake)
[1.171s] -- Using all available rosidl_typesupport_c: rosidl_typesupport_fastrtps_c;rosidl_typesupport_introspection_c
[1.216s] -- Using all available rosidl_typesupport_cpp: rosidl_typesupport_fastrtps_cpp;rosidl_typesupport_introspection_cpp
[1.371s] -- Found rclcpp: 16.0.8 (/opt/ros/humble/share/rclcpp/cmake)
[1.463s] -- Found rmw_implementation_cmake: 6.1.1 (/opt/ros/humble/share/rmw_implementation_cmake/cmake)
[1.466s] -- Found rmw_fastrtps_cpp: 6.2.6 (/opt/ros/humble/share/rmw_fastrtps_cpp/cmake)
[1.711s] -- Using RMW implementation 'rmw_fastrtps_cpp' as default
[2.138s] -- Found ament_lint_auto: 0.12.10 (/opt/ros/humble/share/ament_lint_auto/cmake)
[2.301s] -- Added test 'copyright' to check source files copyright and LICENSE
[2.302s] -- Added test 'cppcheck' to perform static code analysis on C / C++ code
[2.303s] -- Configured cppcheck include dirs: /home/alejo/turtlebot3_ws/src/DynamixelSDK/dynamixel_sdk_examples/include
[2.303s] -- Configured cppcheck exclude dirs and/or files: 
[2.305s] -- Added test 'cpplint' to check C / C++ code against the Google style
[2.305s] -- Configured cpplint exclude dirs and/or files: 
[2.307s] -- Added test 'lint_cmake' to check CMake code style
[2.308s] -- Added test 'uncrustify' to check C / C++ code style
[2.308s] -- Configured uncrustify additional arguments: 
[2.313s] -- Added test 'xmllint' to check XML markup files
[2.313s] -- Configuring done
[2.331s] -- Generating done
[2.340s] -- Build files have been written to: /home/alejo/turtlebot3_ws/build/dynamixel_sdk_examples
[2.883s] Invoked command in '/home/alejo/turtlebot3_ws/build/dynamixel_sdk_examples' returned '0': CMAKE_PREFIX_PATH=/home/alejo/turtlebot3_ws/install/dynamixel_sdk_custom_interfaces:/home/alejo/turtlebot3_ws/install/dynamixel_sdk:/home/alejo/turtlebot3_ws/install/turtlebot3:/home/alejo/turtlebot3_ws/install/turtlebot3_simulations:/home/alejo/turtlebot3_ws/install/turtlebot3_bringup:/home/alejo/turtlebot3_ws/install/turtlebot3_node:/home/alejo/turtlebot3_ws/install/turtlebot3_navigation2:/home/alejo/turtlebot3_ws/install/turtlebot3_fake_node:/home/alejo/turtlebot3_ws/install/turtlebot3_msgs:/home/alejo/turtlebot3_ws/install/turtlebot3_gazebo:/home/alejo/turtlebot3_ws/install/turtlebot3_description:/home/alejo/turtlebot3_ws/install/turtlebot3_cartographer:/home/alejo/turtlebot3_ws/install/navegacion:/home/alejo/turtlebot3_ws/install/dynamixel_sdk_examples:/home/alejo/turtlebot3_ws/install/turtlebot3_teleop:/home/alejo/turtlebot3_ws/install/turtlebot3_example:/opt/ros/humble LD_LIBRARY_PATH=/home/alejo/turtlebot3_ws/install/dynamixel_sdk_custom_interfaces/lib:/home/alejo/turtlebot3_ws/install/dynamixel_sdk/lib:/home/alejo/turtlebot3_ws/install/turtlebot3_msgs/lib:/usr/lib/x86_64-linux-gnu/gazebo-11/plugins:/opt/ros/humble/opt/rviz_ogre_vendor/lib:/opt/ros/humble/lib/x86_64-linux-gnu:/opt/ros/humble/lib /usr/bin/cmake /home/alejo/turtlebot3_ws/src/DynamixelSDK/dynamixel_sdk_examples -DCMAKE_INSTALL_PREFIX=/home/alejo/turtlebot3_ws/install/dynamixel_sdk_examples
[2.888s] Invoking command in '/home/alejo/turtlebot3_ws/build/dynamixel_sdk_examples': CMAKE_PREFIX_PATH=/home/alejo/turtlebot3_ws/install/dynamixel_sdk_custom_interfaces:/home/alejo/turtlebot3_ws/install/dynamixel_sdk:/home/alejo/turtlebot3_ws/install/turtlebot3:/home/alejo/turtlebot3_ws/install/turtlebot3_simulations:/home/alejo/turtlebot3_ws/install/turtlebot3_bringup:/home/alejo/turtlebot3_ws/install/turtlebot3_node:/home/alejo/turtlebot3_ws/install/turtlebot3_navigation2:/home/alejo/turtlebot3_ws/install/turtlebot3_fake_node:/home/alejo/turtlebot3_ws/install/turtlebot3_msgs:/home/alejo/turtlebot3_ws/install/turtlebot3_gazebo:/home/alejo/turtlebot3_ws/install/turtlebot3_description:/home/alejo/turtlebot3_ws/install/turtlebot3_cartographer:/home/alejo/turtlebot3_ws/install/navegacion:/home/alejo/turtlebot3_ws/install/dynamixel_sdk_examples:/home/alejo/turtlebot3_ws/install/turtlebot3_teleop:/home/alejo/turtlebot3_ws/install/turtlebot3_example:/opt/ros/humble LD_LIBRARY_PATH=/home/alejo/turtlebot3_ws/install/dynamixel_sdk_custom_interfaces/lib:/home/alejo/turtlebot3_ws/install/dynamixel_sdk/lib:/home/alejo/turtlebot3_ws/install/turtlebot3_msgs/lib:/usr/lib/x86_64-linux-gnu/gazebo-11/plugins:/opt/ros/humble/opt/rviz_ogre_vendor/lib:/opt/ros/humble/lib/x86_64-linux-gnu:/opt/ros/humble/lib /usr/bin/cmake --build /home/alejo/turtlebot3_ws/build/dynamixel_sdk_examples -- -j8 -l8
[2.986s] [35m[1mConsolidate compiler generated dependencies of target read_write_node[0m
[3.066s] [100%] Built target read_write_node
[3.115s] Invoked command in '/home/alejo/turtlebot3_ws/build/dynamixel_sdk_examples' returned '0': CMAKE_PREFIX_PATH=/home/alejo/turtlebot3_ws/install/dynamixel_sdk_custom_interfaces:/home/alejo/turtlebot3_ws/install/dynamixel_sdk:/home/alejo/turtlebot3_ws/install/turtlebot3:/home/alejo/turtlebot3_ws/install/turtlebot3_simulations:/home/alejo/turtlebot3_ws/install/turtlebot3_bringup:/home/alejo/turtlebot3_ws/install/turtlebot3_node:/home/alejo/turtlebot3_ws/install/turtlebot3_navigation2:/home/alejo/turtlebot3_ws/install/turtlebot3_fake_node:/home/alejo/turtlebot3_ws/install/turtlebot3_msgs:/home/alejo/turtlebot3_ws/install/turtlebot3_gazebo:/home/alejo/turtlebot3_ws/install/turtlebot3_description:/home/alejo/turtlebot3_ws/install/turtlebot3_cartographer:/home/alejo/turtlebot3_ws/install/navegacion:/home/alejo/turtlebot3_ws/install/dynamixel_sdk_examples:/home/alejo/turtlebot3_ws/install/turtlebot3_teleop:/home/alejo/turtlebot3_ws/install/turtlebot3_example:/opt/ros/humble LD_LIBRARY_PATH=/home/alejo/turtlebot3_ws/install/dynamixel_sdk_custom_interfaces/lib:/home/alejo/turtlebot3_ws/install/dynamixel_sdk/lib:/home/alejo/turtlebot3_ws/install/turtlebot3_msgs/lib:/usr/lib/x86_64-linux-gnu/gazebo-11/plugins:/opt/ros/humble/opt/rviz_ogre_vendor/lib:/opt/ros/humble/lib/x86_64-linux-gnu:/opt/ros/humble/lib /usr/bin/cmake --build /home/alejo/turtlebot3_ws/build/dynamixel_sdk_examples -- -j8 -l8
[3.208s] Invoking command in '/home/alejo/turtlebot3_ws/build/dynamixel_sdk_examples': CMAKE_PREFIX_PATH=/home/alejo/turtlebot3_ws/install/dynamixel_sdk_custom_interfaces:/home/alejo/turtlebot3_ws/install/dynamixel_sdk:/home/alejo/turtlebot3_ws/install/turtlebot3:/home/alejo/turtlebot3_ws/install/turtlebot3_simulations:/home/alejo/turtlebot3_ws/install/turtlebot3_bringup:/home/alejo/turtlebot3_ws/install/turtlebot3_node:/home/alejo/turtlebot3_ws/install/turtlebot3_navigation2:/home/alejo/turtlebot3_ws/install/turtlebot3_fake_node:/home/alejo/turtlebot3_ws/install/turtlebot3_msgs:/home/alejo/turtlebot3_ws/install/turtlebot3_gazebo:/home/alejo/turtlebot3_ws/install/turtlebot3_description:/home/alejo/turtlebot3_ws/install/turtlebot3_cartographer:/home/alejo/turtlebot3_ws/install/navegacion:/home/alejo/turtlebot3_ws/install/dynamixel_sdk_examples:/home/alejo/turtlebot3_ws/install/turtlebot3_teleop:/home/alejo/turtlebot3_ws/install/turtlebot3_example:/opt/ros/humble LD_LIBRARY_PATH=/home/alejo/turtlebot3_ws/install/dynamixel_sdk_custom_interfaces/lib:/home/alejo/turtlebot3_ws/install/dynamixel_sdk/lib:/home/alejo/turtlebot3_ws/install/turtlebot3_msgs/lib:/usr/lib/x86_64-linux-gnu/gazebo-11/plugins:/opt/ros/humble/opt/rviz_ogre_vendor/lib:/opt/ros/humble/lib/x86_64-linux-gnu:/opt/ros/humble/lib /usr/bin/cmake --install /home/alejo/turtlebot3_ws/build/dynamixel_sdk_examples
[3.227s] -- Install configuration: ""
[3.228s] -- Execute custom install script
[3.229s] -- Up-to-date symlink: /home/alejo/turtlebot3_ws/install/dynamixel_sdk_examples/lib/dynamixel_sdk_examples/read_write_node
[3.230s] -- Up-to-date symlink: /home/alejo/turtlebot3_ws/install/dynamixel_sdk_examples/share/ament_index/resource_index/package_run_dependencies/dynamixel_sdk_examples
[3.231s] -- Up-to-date symlink: /home/alejo/turtlebot3_ws/install/dynamixel_sdk_examples/share/ament_index/resource_index/parent_prefix_path/dynamixel_sdk_examples
[3.231s] -- Up-to-date symlink: /home/alejo/turtlebot3_ws/install/dynamixel_sdk_examples/share/dynamixel_sdk_examples/environment/ament_prefix_path.sh
[3.233s] -- Up-to-date symlink: /home/alejo/turtlebot3_ws/install/dynamixel_sdk_examples/share/dynamixel_sdk_examples/environment/ament_prefix_path.dsv
[3.233s] -- Up-to-date symlink: /home/alejo/turtlebot3_ws/install/dynamixel_sdk_examples/share/dynamixel_sdk_examples/environment/path.sh
[3.234s] -- Up-to-date symlink: /home/alejo/turtlebot3_ws/install/dynamixel_sdk_examples/share/dynamixel_sdk_examples/environment/path.dsv
[3.234s] -- Up-to-date symlink: /home/alejo/turtlebot3_ws/install/dynamixel_sdk_examples/share/dynamixel_sdk_examples/local_setup.bash
[3.234s] -- Up-to-date symlink: /home/alejo/turtlebot3_ws/install/dynamixel_sdk_examples/share/dynamixel_sdk_examples/local_setup.sh
[3.234s] -- Up-to-date symlink: /home/alejo/turtlebot3_ws/install/dynamixel_sdk_examples/share/dynamixel_sdk_examples/local_setup.zsh
[3.235s] -- Up-to-date symlink: /home/alejo/turtlebot3_ws/install/dynamixel_sdk_examples/share/dynamixel_sdk_examples/local_setup.dsv
[3.236s] -- Symlinking: /home/alejo/turtlebot3_ws/install/dynamixel_sdk_examples/share/dynamixel_sdk_examples/package.dsv
[3.261s] -- Up-to-date symlink: /home/alejo/turtlebot3_ws/install/dynamixel_sdk_examples/share/ament_index/resource_index/packages/dynamixel_sdk_examples
[3.263s] -- Up-to-date symlink: /home/alejo/turtlebot3_ws/install/dynamixel_sdk_examples/share/dynamixel_sdk_examples/cmake/dynamixel_sdk_examplesConfig.cmake
[3.268s] -- Up-to-date symlink: /home/alejo/turtlebot3_ws/install/dynamixel_sdk_examples/share/dynamixel_sdk_examples/cmake/dynamixel_sdk_examplesConfig-version.cmake
[3.268s] -- Up-to-date symlink: /home/alejo/turtlebot3_ws/install/dynamixel_sdk_examples/share/dynamixel_sdk_examples/package.xml
[3.270s] Invoked command in '/home/alejo/turtlebot3_ws/build/dynamixel_sdk_examples' returned '0': CMAKE_PREFIX_PATH=/home/alejo/turtlebot3_ws/install/dynamixel_sdk_custom_interfaces:/home/alejo/turtlebot3_ws/install/dynamixel_sdk:/home/alejo/turtlebot3_ws/install/turtlebot3:/home/alejo/turtlebot3_ws/install/turtlebot3_simulations:/home/alejo/turtlebot3_ws/install/turtlebot3_bringup:/home/alejo/turtlebot3_ws/install/turtlebot3_node:/home/alejo/turtlebot3_ws/install/turtlebot3_navigation2:/home/alejo/turtlebot3_ws/install/turtlebot3_fake_node:/home/alejo/turtlebot3_ws/install/turtlebot3_msgs:/home/alejo/turtlebot3_ws/install/turtlebot3_gazebo:/home/alejo/turtlebot3_ws/install/turtlebot3_description:/home/alejo/turtlebot3_ws/install/turtlebot3_cartographer:/home/alejo/turtlebot3_ws/install/navegacion:/home/alejo/turtlebot3_ws/install/dynamixel_sdk_examples:/home/alejo/turtlebot3_ws/install/turtlebot3_teleop:/home/alejo/turtlebot3_ws/install/turtlebot3_example:/opt/ros/humble LD_LIBRARY_PATH=/home/alejo/turtlebot3_ws/install/dynamixel_sdk_custom_interfaces/lib:/home/alejo/turtlebot3_ws/install/dynamixel_sdk/lib:/home/alejo/turtlebot3_ws/install/turtlebot3_msgs/lib:/usr/lib/x86_64-linux-gnu/gazebo-11/plugins:/opt/ros/humble/opt/rviz_ogre_vendor/lib:/opt/ros/humble/lib/x86_64-linux-gnu:/opt/ros/humble/lib /usr/bin/cmake --install /home/alejo/turtlebot3_ws/build/dynamixel_sdk_examples
