[0.894s] Invoking command in '/home/alejo/turtlebot3_ws/build/turtlebot3_fake_node': CMAKE_PREFIX_PATH=/home/alejo/turtlebot3_ws/install/turtlebot3_msgs:/home/alejo/turtlebot3_ws/install/turtlebot3:/home/alejo/turtlebot3_ws/install/turtlebot3_simulations:/home/alejo/turtlebot3_ws/install/turtlebot3_bringup:/home/alejo/turtlebot3_ws/install/turtlebot3_node:/home/alejo/turtlebot3_ws/install/turtlebot3_navigation2:/home/alejo/turtlebot3_ws/install/turtlebot3_fake_node:/home/alejo/turtlebot3_ws/install/turtlebot3_gazebo:/home/alejo/turtlebot3_ws/install/turtlebot3_description:/home/alejo/turtlebot3_ws/install/turtlebot3_cartographer:/home/alejo/turtlebot3_ws/install/navegacion:/home/alejo/turtlebot3_ws/install/dynamixel_sdk_examples:/home/alejo/turtlebot3_ws/install/dynamixel_sdk_custom_interfaces:/home/alejo/turtlebot3_ws/install/dynamixel_sdk:/home/alejo/turtlebot3_ws/install/turtlebot3_teleop:/home/alejo/turtlebot3_ws/install/turtlebot3_example:/opt/ros/humble /usr/bin/cmake /home/alejo/turtlebot3_ws/src/turtlebot3_simulations/turtlebot3_fake_node -DAMENT_CMAKE_SYMLINK_INSTALL=1 -DCMAKE_INSTALL_PREFIX=/home/alejo/turtlebot3_ws/install/turtlebot3_fake_node
[0.939s] -- Found ament_cmake: 1.3.7 (/opt/ros/humble/share/ament_cmake/cmake)
[1.385s] -- Override CMake install command with custom implementation using symlinks instead of copying resources
[1.401s] -- Found geometry_msgs: 4.2.3 (/opt/ros/humble/share/geometry_msgs/cmake)
[1.469s] -- Found rosidl_generator_c: 3.1.5 (/opt/ros/humble/share/rosidl_generator_c/cmake)
[1.487s] -- Found rosidl_adapter: 3.1.5 (/opt/ros/humble/share/rosidl_adapter/cmake)
[1.491s] -- Found rosidl_generator_cpp: 3.1.5 (/opt/ros/humble/share/rosidl_generator_cpp/cmake)
[1.523s] -- Using all available rosidl_typesupport_c: rosidl_typesupport_fastrtps_c;rosidl_typesupport_introspection_c
[1.564s] -- Using all available rosidl_typesupport_cpp: rosidl_typesupport_fastrtps_cpp;rosidl_typesupport_introspection_cpp
[1.840s] -- Found nav_msgs: 4.2.3 (/opt/ros/humble/share/nav_msgs/cmake)
[2.010s] -- Found rclcpp: 16.0.8 (/opt/ros/humble/share/rclcpp/cmake)
[2.125s] -- Found rmw_implementation_cmake: 6.1.1 (/opt/ros/humble/share/rmw_implementation_cmake/cmake)
[2.130s] -- Found rmw_fastrtps_cpp: 6.2.6 (/opt/ros/humble/share/rmw_fastrtps_cpp/cmake)
[2.436s] -- Using RMW implementation 'rmw_fastrtps_cpp' as default
[2.701s] -- Found sensor_msgs: 4.2.3 (/opt/ros/humble/share/sensor_msgs/cmake)
[2.907s] -- Found tf2: 0.25.5 (/opt/ros/humble/share/tf2/cmake)
[2.926s] -- Found tf2_msgs: 0.25.5 (/opt/ros/humble/share/tf2_msgs/cmake)
[3.469s] -- Found turtlebot3_msgs: 2.2.3 (/opt/ros/humble/share/turtlebot3_msgs/cmake)
[3.766s] -- Configuring done
[3.800s] -- Generating done
[3.804s] -- Build files have been written to: /home/alejo/turtlebot3_ws/build/turtlebot3_fake_node
[3.829s] Invoked command in '/home/alejo/turtlebot3_ws/build/turtlebot3_fake_node' returned '0': CMAKE_PREFIX_PATH=/home/alejo/turtlebot3_ws/install/turtlebot3_msgs:/home/alejo/turtlebot3_ws/install/turtlebot3:/home/alejo/turtlebot3_ws/install/turtlebot3_simulations:/home/alejo/turtlebot3_ws/install/turtlebot3_bringup:/home/alejo/turtlebot3_ws/install/turtlebot3_node:/home/alejo/turtlebot3_ws/install/turtlebot3_navigation2:/home/alejo/turtlebot3_ws/install/turtlebot3_fake_node:/home/alejo/turtlebot3_ws/install/turtlebot3_gazebo:/home/alejo/turtlebot3_ws/install/turtlebot3_description:/home/alejo/turtlebot3_ws/install/turtlebot3_cartographer:/home/alejo/turtlebot3_ws/install/navegacion:/home/alejo/turtlebot3_ws/install/dynamixel_sdk_examples:/home/alejo/turtlebot3_ws/install/dynamixel_sdk_custom_interfaces:/home/alejo/turtlebot3_ws/install/dynamixel_sdk:/home/alejo/turtlebot3_ws/install/turtlebot3_teleop:/home/alejo/turtlebot3_ws/install/turtlebot3_example:/opt/ros/humble /usr/bin/cmake /home/alejo/turtlebot3_ws/src/turtlebot3_simulations/turtlebot3_fake_node -DAMENT_CMAKE_SYMLINK_INSTALL=1 -DCMAKE_INSTALL_PREFIX=/home/alejo/turtlebot3_ws/install/turtlebot3_fake_node
[3.830s] Invoking command in '/home/alejo/turtlebot3_ws/build/turtlebot3_fake_node': CMAKE_PREFIX_PATH=/home/alejo/turtlebot3_ws/install/turtlebot3_msgs:/home/alejo/turtlebot3_ws/install/turtlebot3:/home/alejo/turtlebot3_ws/install/turtlebot3_simulations:/home/alejo/turtlebot3_ws/install/turtlebot3_bringup:/home/alejo/turtlebot3_ws/install/turtlebot3_node:/home/alejo/turtlebot3_ws/install/turtlebot3_navigation2:/home/alejo/turtlebot3_ws/install/turtlebot3_fake_node:/home/alejo/turtlebot3_ws/install/turtlebot3_gazebo:/home/alejo/turtlebot3_ws/install/turtlebot3_description:/home/alejo/turtlebot3_ws/install/turtlebot3_cartographer:/home/alejo/turtlebot3_ws/install/navegacion:/home/alejo/turtlebot3_ws/install/dynamixel_sdk_examples:/home/alejo/turtlebot3_ws/install/dynamixel_sdk_custom_interfaces:/home/alejo/turtlebot3_ws/install/dynamixel_sdk:/home/alejo/turtlebot3_ws/install/turtlebot3_teleop:/home/alejo/turtlebot3_ws/install/turtlebot3_example:/opt/ros/humble /usr/bin/cmake --build /home/alejo/turtlebot3_ws/build/turtlebot3_fake_node -- -j8 -l8
[3.914s] [35m[1mConsolidate compiler generated dependencies of target turtlebot3_fake_node[0m
[3.957s] [100%] Built target turtlebot3_fake_node
[3.985s] Invoked command in '/home/alejo/turtlebot3_ws/build/turtlebot3_fake_node' returned '0': CMAKE_PREFIX_PATH=/home/alejo/turtlebot3_ws/install/turtlebot3_msgs:/home/alejo/turtlebot3_ws/install/turtlebot3:/home/alejo/turtlebot3_ws/install/turtlebot3_simulations:/home/alejo/turtlebot3_ws/install/turtlebot3_bringup:/home/alejo/turtlebot3_ws/install/turtlebot3_node:/home/alejo/turtlebot3_ws/install/turtlebot3_navigation2:/home/alejo/turtlebot3_ws/install/turtlebot3_fake_node:/home/alejo/turtlebot3_ws/install/turtlebot3_gazebo:/home/alejo/turtlebot3_ws/install/turtlebot3_description:/home/alejo/turtlebot3_ws/install/turtlebot3_cartographer:/home/alejo/turtlebot3_ws/install/navegacion:/home/alejo/turtlebot3_ws/install/dynamixel_sdk_examples:/home/alejo/turtlebot3_ws/install/dynamixel_sdk_custom_interfaces:/home/alejo/turtlebot3_ws/install/dynamixel_sdk:/home/alejo/turtlebot3_ws/install/turtlebot3_teleop:/home/alejo/turtlebot3_ws/install/turtlebot3_example:/opt/ros/humble /usr/bin/cmake --build /home/alejo/turtlebot3_ws/build/turtlebot3_fake_node -- -j8 -l8
[4.038s] Invoking command in '/home/alejo/turtlebot3_ws/build/turtlebot3_fake_node': CMAKE_PREFIX_PATH=/home/alejo/turtlebot3_ws/install/turtlebot3_msgs:/home/alejo/turtlebot3_ws/install/turtlebot3:/home/alejo/turtlebot3_ws/install/turtlebot3_simulations:/home/alejo/turtlebot3_ws/install/turtlebot3_bringup:/home/alejo/turtlebot3_ws/install/turtlebot3_node:/home/alejo/turtlebot3_ws/install/turtlebot3_navigation2:/home/alejo/turtlebot3_ws/install/turtlebot3_fake_node:/home/alejo/turtlebot3_ws/install/turtlebot3_gazebo:/home/alejo/turtlebot3_ws/install/turtlebot3_description:/home/alejo/turtlebot3_ws/install/turtlebot3_cartographer:/home/alejo/turtlebot3_ws/install/navegacion:/home/alejo/turtlebot3_ws/install/dynamixel_sdk_examples:/home/alejo/turtlebot3_ws/install/dynamixel_sdk_custom_interfaces:/home/alejo/turtlebot3_ws/install/dynamixel_sdk:/home/alejo/turtlebot3_ws/install/turtlebot3_teleop:/home/alejo/turtlebot3_ws/install/turtlebot3_example:/opt/ros/humble /usr/bin/cmake --install /home/alejo/turtlebot3_ws/build/turtlebot3_fake_node
[4.049s] -- Install configuration: ""
[4.059s] -- Execute custom install script
[4.060s] -- Up-to-date symlink: /home/alejo/turtlebot3_ws/install/turtlebot3_fake_node/lib/turtlebot3_fake_node/turtlebot3_fake_node
[4.060s] -- Up-to-date symlink: /home/alejo/turtlebot3_ws/install/turtlebot3_fake_node/share/turtlebot3_fake_node/launch/rviz2.launch.py
[4.061s] -- Up-to-date symlink: /home/alejo/turtlebot3_ws/install/turtlebot3_fake_node/share/turtlebot3_fake_node/launch/turtlebot3_fake_node.launch.py
[4.061s] -- Up-to-date symlink: /home/alejo/turtlebot3_ws/install/turtlebot3_fake_node/share/turtlebot3_fake_node/param/burger.yaml
[4.061s] -- Up-to-date symlink: /home/alejo/turtlebot3_ws/install/turtlebot3_fake_node/share/turtlebot3_fake_node/param/waffle.yaml
[4.062s] -- Up-to-date symlink: /home/alejo/turtlebot3_ws/install/turtlebot3_fake_node/share/turtlebot3_fake_node/param/waffle_pi.yaml
[4.062s] -- Up-to-date symlink: /home/alejo/turtlebot3_ws/install/turtlebot3_fake_node/include//turtlebot3_fake_node/turtlebot3_fake_node.hpp
[4.062s] -- Up-to-date symlink: /home/alejo/turtlebot3_ws/install/turtlebot3_fake_node/share/ament_index/resource_index/package_run_dependencies/turtlebot3_fake_node
[4.063s] -- Up-to-date symlink: /home/alejo/turtlebot3_ws/install/turtlebot3_fake_node/share/ament_index/resource_index/parent_prefix_path/turtlebot3_fake_node
[4.063s] -- Up-to-date symlink: /home/alejo/turtlebot3_ws/install/turtlebot3_fake_node/share/turtlebot3_fake_node/environment/ament_prefix_path.sh
[4.063s] -- Up-to-date symlink: /home/alejo/turtlebot3_ws/install/turtlebot3_fake_node/share/turtlebot3_fake_node/environment/ament_prefix_path.dsv
[4.064s] -- Up-to-date symlink: /home/alejo/turtlebot3_ws/install/turtlebot3_fake_node/share/turtlebot3_fake_node/environment/path.sh
[4.064s] -- Up-to-date symlink: /home/alejo/turtlebot3_ws/install/turtlebot3_fake_node/share/turtlebot3_fake_node/environment/path.dsv
[4.064s] -- Up-to-date symlink: /home/alejo/turtlebot3_ws/install/turtlebot3_fake_node/share/turtlebot3_fake_node/local_setup.bash
[4.065s] -- Up-to-date symlink: /home/alejo/turtlebot3_ws/install/turtlebot3_fake_node/share/turtlebot3_fake_node/local_setup.sh
[4.065s] -- Up-to-date symlink: /home/alejo/turtlebot3_ws/install/turtlebot3_fake_node/share/turtlebot3_fake_node/local_setup.zsh
[4.065s] -- Up-to-date symlink: /home/alejo/turtlebot3_ws/install/turtlebot3_fake_node/share/turtlebot3_fake_node/local_setup.dsv
[4.065s] -- Symlinking: /home/alejo/turtlebot3_ws/install/turtlebot3_fake_node/share/turtlebot3_fake_node/package.dsv
[4.096s] -- Up-to-date symlink: /home/alejo/turtlebot3_ws/install/turtlebot3_fake_node/share/ament_index/resource_index/packages/turtlebot3_fake_node
[4.097s] -- Up-to-date symlink: /home/alejo/turtlebot3_ws/install/turtlebot3_fake_node/share/turtlebot3_fake_node/cmake/ament_cmake_export_include_directories-extras.cmake
[4.098s] -- Up-to-date symlink: /home/alejo/turtlebot3_ws/install/turtlebot3_fake_node/share/turtlebot3_fake_node/cmake/ament_cmake_export_dependencies-extras.cmake
[4.098s] -- Up-to-date symlink: /home/alejo/turtlebot3_ws/install/turtlebot3_fake_node/share/turtlebot3_fake_node/cmake/turtlebot3_fake_nodeConfig.cmake
[4.098s] -- Up-to-date symlink: /home/alejo/turtlebot3_ws/install/turtlebot3_fake_node/share/turtlebot3_fake_node/cmake/turtlebot3_fake_nodeConfig-version.cmake
[4.099s] -- Up-to-date symlink: /home/alejo/turtlebot3_ws/install/turtlebot3_fake_node/share/turtlebot3_fake_node/package.xml
[4.106s] Invoked command in '/home/alejo/turtlebot3_ws/build/turtlebot3_fake_node' returned '0': CMAKE_PREFIX_PATH=/home/alejo/turtlebot3_ws/install/turtlebot3_msgs:/home/alejo/turtlebot3_ws/install/turtlebot3:/home/alejo/turtlebot3_ws/install/turtlebot3_simulations:/home/alejo/turtlebot3_ws/install/turtlebot3_bringup:/home/alejo/turtlebot3_ws/install/turtlebot3_node:/home/alejo/turtlebot3_ws/install/turtlebot3_navigation2:/home/alejo/turtlebot3_ws/install/turtlebot3_fake_node:/home/alejo/turtlebot3_ws/install/turtlebot3_gazebo:/home/alejo/turtlebot3_ws/install/turtlebot3_description:/home/alejo/turtlebot3_ws/install/turtlebot3_cartographer:/home/alejo/turtlebot3_ws/install/navegacion:/home/alejo/turtlebot3_ws/install/dynamixel_sdk_examples:/home/alejo/turtlebot3_ws/install/dynamixel_sdk_custom_interfaces:/home/alejo/turtlebot3_ws/install/dynamixel_sdk:/home/alejo/turtlebot3_ws/install/turtlebot3_teleop:/home/alejo/turtlebot3_ws/install/turtlebot3_example:/opt/ros/humble /usr/bin/cmake --install /home/alejo/turtlebot3_ws/build/turtlebot3_fake_node
