-- Found ament_cmake: 1.3.7 (/opt/ros/humble/share/ament_cmake/cmake)
-- Override CMake install command with custom implementation using symlinks instead of copying resources
-- Found rclpy: 3.3.11 (/opt/ros/humble/share/rclpy/cmake)
-- Found ament_lint_auto: 0.12.10 (/opt/ros/humble/share/ament_lint_auto/cmake)
-- Added test 'flake8' to check Python code syntax and style conventions
-- Added test 'lint_cmake' to check CMake code style
-- Added test 'pep257' to check Python code against some of the docstring style conventions in PEP 257
-- Added test 'xmllint' to check XML markup files
-- Configuring done
-- Generating done
-- Build files have been written to: /home/alejo/turtlebot3_ws/build/navegacion
-- Install configuration: ""
-- Execute custom install script
[31mCMake Error at ament_cmake_symlink_install/ament_cmake_symlink_install.cmake:204 (message):
  ament_cmake_symlink_install_programs() can't find
  '/home/alejo/turtlebot3_ws/src/navegacion/odometry.py'
Call Stack (most recent call first):
  ament_cmake_symlink_install/ament_cmake_symlink_install.cmake:314 (ament_cmake_symlink_install_programs)
  cmake_install.cmake:46 (include)

[0m
