[0.218s] Invoking command in '/home/alejo/turtlebot3_ws/build/navegacion': CMAKE_PREFIX_PATH=${CMAKE_PREFIX_PATH}:/home/alejo/turtlebot3_ws/install/turtlebot3_teleop:/home/alejo/turtlebot3_ws/install/turtlebot3_example:/opt/ros/humble /usr/bin/cmake /home/alejo/turtlebot3_ws/src/navegacion -DCMAKE_INSTALL_PREFIX=/home/alejo/turtlebot3_ws/install/navegacion
[0.342s] -- Found ament_cmake: 1.3.7 (/opt/ros/humble/share/ament_cmake/cmake)
[0.550s] -- Override CMake install command with custom implementation using symlinks instead of copying resources
[0.939s] -- Found rclpy: 3.3.11 (/opt/ros/humble/share/rclpy/cmake)
[0.940s] -- Found ament_lint_auto: 0.12.10 (/opt/ros/humble/share/ament_lint_auto/cmake)
[1.184s] -- Added test 'flake8' to check Python code syntax and style conventions
[1.185s] -- Added test 'lint_cmake' to check CMake code style
[1.186s] -- Added test 'pep257' to check Python code against some of the docstring style conventions in PEP 257
[1.188s] -- Added test 'xmllint' to check XML markup files
[1.190s] -- Configuring done
[1.221s] -- Generating done
[1.224s] -- Build files have been written to: /home/alejo/turtlebot3_ws/build/navegacion
[1.230s] Invoked command in '/home/alejo/turtlebot3_ws/build/navegacion' returned '0': CMAKE_PREFIX_PATH=${CMAKE_PREFIX_PATH}:/home/alejo/turtlebot3_ws/install/turtlebot3_teleop:/home/alejo/turtlebot3_ws/install/turtlebot3_example:/opt/ros/humble /usr/bin/cmake /home/alejo/turtlebot3_ws/src/navegacion -DCMAKE_INSTALL_PREFIX=/home/alejo/turtlebot3_ws/install/navegacion
[1.233s] Invoking command in '/home/alejo/turtlebot3_ws/build/navegacion': CMAKE_PREFIX_PATH=${CMAKE_PREFIX_PATH}:/home/alejo/turtlebot3_ws/install/turtlebot3_teleop:/home/alejo/turtlebot3_ws/install/turtlebot3_example:/opt/ros/humble /usr/bin/cmake --build /home/alejo/turtlebot3_ws/build/navegacion -- -j8 -l8
[1.325s] Invoked command in '/home/alejo/turtlebot3_ws/build/navegacion' returned '0': CMAKE_PREFIX_PATH=${CMAKE_PREFIX_PATH}:/home/alejo/turtlebot3_ws/install/turtlebot3_teleop:/home/alejo/turtlebot3_ws/install/turtlebot3_example:/opt/ros/humble /usr/bin/cmake --build /home/alejo/turtlebot3_ws/build/navegacion -- -j8 -l8
[1.381s] Invoking command in '/home/alejo/turtlebot3_ws/build/navegacion': CMAKE_PREFIX_PATH=${CMAKE_PREFIX_PATH}:/home/alejo/turtlebot3_ws/install/turtlebot3_teleop:/home/alejo/turtlebot3_ws/install/turtlebot3_example:/opt/ros/humble /usr/bin/cmake --install /home/alejo/turtlebot3_ws/build/navegacion
[1.395s] -- Install configuration: ""
[1.396s] -- Execute custom install script
[1.396s] [31mCMake Error at ament_cmake_symlink_install/ament_cmake_symlink_install.cmake:204 (message):
[1.397s]   ament_cmake_symlink_install_programs() can't find
[1.397s]   '/home/alejo/turtlebot3_ws/src/navegacion/odometry.py'
[1.397s] Call Stack (most recent call first):
[1.397s]   ament_cmake_symlink_install/ament_cmake_symlink_install.cmake:314 (ament_cmake_symlink_install_programs)
[1.397s]   cmake_install.cmake:46 (include)
[1.397s] 
[1.397s] [0m
[1.400s] Invoked command in '/home/alejo/turtlebot3_ws/build/navegacion' returned '1': CMAKE_PREFIX_PATH=${CMAKE_PREFIX_PATH}:/home/alejo/turtlebot3_ws/install/turtlebot3_teleop:/home/alejo/turtlebot3_ws/install/turtlebot3_example:/opt/ros/humble /usr/bin/cmake --install /home/alejo/turtlebot3_ws/build/navegacion
