[0.725s] Invoking command in '/home/alejo/turtlebot3_ws/build/navegacion': CMAKE_PREFIX_PATH=${CMAKE_PREFIX_PATH}:/home/alejo/turtlebot3_ws/install/turtlebot3_teleop:/home/alejo/turtlebot3_ws/install/turtlebot3_example:/opt/ros/humble /usr/bin/cmake --build /home/alejo/turtlebot3_ws/build/navegacion -- -j8 -l8
[0.860s] -- Found rclpy: 3.3.11 (/opt/ros/humble/share/rclpy/cmake)
[0.860s] -- Found ament_lint_auto: 0.12.10 (/opt/ros/humble/share/ament_lint_auto/cmake)
[1.011s] -- Override CMake install command with custom implementation using symlinks instead of copying resources
[1.123s] -- Added test 'flake8' to check Python code syntax and style conventions
[1.123s] -- Added test 'lint_cmake' to check CMake code style
[1.125s] -- Added test 'pep257' to check Python code against some of the docstring style conventions in PEP 257
[1.125s] -- Added test 'xmllint' to check XML markup files
[1.126s] -- Configuring done
[1.131s] -- Generating done
[1.131s] -- Build files have been written to: /home/alejo/turtlebot3_ws/build/navegacion
[1.581s] Invoked command in '/home/alejo/turtlebot3_ws/build/navegacion' returned '0': CMAKE_PREFIX_PATH=${CMAKE_PREFIX_PATH}:/home/alejo/turtlebot3_ws/install/turtlebot3_teleop:/home/alejo/turtlebot3_ws/install/turtlebot3_example:/opt/ros/humble /usr/bin/cmake --build /home/alejo/turtlebot3_ws/build/navegacion -- -j8 -l8
[2.142s] Invoking command in '/home/alejo/turtlebot3_ws/build/navegacion': CMAKE_PREFIX_PATH=${CMAKE_PREFIX_PATH}:/home/alejo/turtlebot3_ws/install/turtlebot3_teleop:/home/alejo/turtlebot3_ws/install/turtlebot3_example:/opt/ros/humble /usr/bin/cmake --install /home/alejo/turtlebot3_ws/build/navegacion
[2.161s] -- Install configuration: ""
[2.161s] [31mCMake Error at cmake_install.cmake:46 (file):
[2.161s]   file INSTALL cannot find
[2.161s]   "/home/alejo/turtlebot3_ws/src/navegacion/odometry.py": No such file or
[2.162s]   directory.
[2.162s] 
[2.162s] [0m
[2.167s] Invoked command in '/home/alejo/turtlebot3_ws/build/navegacion' returned '1': CMAKE_PREFIX_PATH=${CMAKE_PREFIX_PATH}:/home/alejo/turtlebot3_ws/install/turtlebot3_teleop:/home/alejo/turtlebot3_ws/install/turtlebot3_example:/opt/ros/humble /usr/bin/cmake --install /home/alejo/turtlebot3_ws/build/navegacion
