[0.715s] Invoking command in '/home/alejo/turtlebot3_ws/build/turtlebot3_description': CMAKE_PREFIX_PATH=${CMAKE_PREFIX_PATH}:/home/alejo/turtlebot3_ws/install/turtlebot3_teleop:/home/alejo/turtlebot3_ws/install/turtlebot3_example:/opt/ros/humble /usr/bin/cmake /home/alejo/turtlebot3_ws/src/turtlebot3/turtlebot3_description -DAMENT_CMAKE_SYMLINK_INSTALL=1 -DCMAKE_INSTALL_PREFIX=/home/alejo/turtlebot3_ws/install/turtlebot3_description
[0.791s] -- Found ament_cmake: 1.3.7 (/opt/ros/humble/share/ament_cmake/cmake)
[1.283s] -- Override CMake install command with custom implementation using symlinks instead of copying resources
[1.506s] -- Found urdf: 2.6.0 (/opt/ros/humble/share/urdf/cmake)
[3.260s] -- Configuring done
[3.361s] -- Generating done
[3.364s] -- Build files have been written to: /home/alejo/turtlebot3_ws/build/turtlebot3_description
[3.635s] Invoked command in '/home/alejo/turtlebot3_ws/build/turtlebot3_description' returned '0': CMAKE_PREFIX_PATH=${CMAKE_PREFIX_PATH}:/home/alejo/turtlebot3_ws/install/turtlebot3_teleop:/home/alejo/turtlebot3_ws/install/turtlebot3_example:/opt/ros/humble /usr/bin/cmake /home/alejo/turtlebot3_ws/src/turtlebot3/turtlebot3_description -DAMENT_CMAKE_SYMLINK_INSTALL=1 -DCMAKE_INSTALL_PREFIX=/home/alejo/turtlebot3_ws/install/turtlebot3_description
[3.638s] Invoking command in '/home/alejo/turtlebot3_ws/build/turtlebot3_description': CMAKE_PREFIX_PATH=${CMAKE_PREFIX_PATH}:/home/alejo/turtlebot3_ws/install/turtlebot3_teleop:/home/alejo/turtlebot3_ws/install/turtlebot3_example:/opt/ros/humble /usr/bin/cmake --build /home/alejo/turtlebot3_ws/build/turtlebot3_description -- -j8 -l8
[4.246s] Invoked command in '/home/alejo/turtlebot3_ws/build/turtlebot3_description' returned '0': CMAKE_PREFIX_PATH=${CMAKE_PREFIX_PATH}:/home/alejo/turtlebot3_ws/install/turtlebot3_teleop:/home/alejo/turtlebot3_ws/install/turtlebot3_example:/opt/ros/humble /usr/bin/cmake --build /home/alejo/turtlebot3_ws/build/turtlebot3_description -- -j8 -l8
[4.303s] Invoking command in '/home/alejo/turtlebot3_ws/build/turtlebot3_description': CMAKE_PREFIX_PATH=${CMAKE_PREFIX_PATH}:/home/alejo/turtlebot3_ws/install/turtlebot3_teleop:/home/alejo/turtlebot3_ws/install/turtlebot3_example:/opt/ros/humble /usr/bin/cmake --install /home/alejo/turtlebot3_ws/build/turtlebot3_description
[4.318s] -- Install configuration: ""
[4.318s] -- Execute custom install script
[4.318s] -- Up-to-date symlink: /home/alejo/turtlebot3_ws/install/turtlebot3_description/share/turtlebot3_description/meshes/bases/burger_base.stl
[4.318s] -- Up-to-date symlink: /home/alejo/turtlebot3_ws/install/turtlebot3_description/share/turtlebot3_description/meshes/bases/waffle_base.stl
[4.318s] -- Up-to-date symlink: /home/alejo/turtlebot3_ws/install/turtlebot3_description/share/turtlebot3_description/meshes/bases/waffle_pi_base.stl
[4.319s] -- Up-to-date symlink: /home/alejo/turtlebot3_ws/install/turtlebot3_description/share/turtlebot3_description/meshes/sensors/astra.dae
[4.319s] -- Up-to-date symlink: /home/alejo/turtlebot3_ws/install/turtlebot3_description/share/turtlebot3_description/meshes/sensors/astra.jpg
[4.319s] -- Up-to-date symlink: /home/alejo/turtlebot3_ws/install/turtlebot3_description/share/turtlebot3_description/meshes/sensors/lds.stl
[4.319s] -- Up-to-date symlink: /home/alejo/turtlebot3_ws/install/turtlebot3_description/share/turtlebot3_description/meshes/sensors/r200.dae
[4.319s] -- Up-to-date symlink: /home/alejo/turtlebot3_ws/install/turtlebot3_description/share/turtlebot3_description/meshes/sensors/r200.jpg
[4.320s] -- Up-to-date symlink: /home/alejo/turtlebot3_ws/install/turtlebot3_description/share/turtlebot3_description/meshes/wheels/left_tire.stl
[4.320s] -- Up-to-date symlink: /home/alejo/turtlebot3_ws/install/turtlebot3_description/share/turtlebot3_description/meshes/wheels/right_tire.stl
[4.321s] -- Up-to-date symlink: /home/alejo/turtlebot3_ws/install/turtlebot3_description/share/turtlebot3_description/rviz/model.rviz
[4.321s] -- Up-to-date symlink: /home/alejo/turtlebot3_ws/install/turtlebot3_description/share/turtlebot3_description/urdf/common_properties.urdf
[4.322s] -- Up-to-date symlink: /home/alejo/turtlebot3_ws/install/turtlebot3_description/share/turtlebot3_description/urdf/turtlebot3_burger.urdf
[4.322s] -- Up-to-date symlink: /home/alejo/turtlebot3_ws/install/turtlebot3_description/share/turtlebot3_description/urdf/turtlebot3_waffle.urdf
[4.322s] -- Up-to-date symlink: /home/alejo/turtlebot3_ws/install/turtlebot3_description/share/turtlebot3_description/urdf/turtlebot3_waffle_pi.urdf
[4.323s] -- Up-to-date symlink: /home/alejo/turtlebot3_ws/install/turtlebot3_description/share/ament_index/resource_index/package_run_dependencies/turtlebot3_description
[4.323s] -- Up-to-date symlink: /home/alejo/turtlebot3_ws/install/turtlebot3_description/share/ament_index/resource_index/parent_prefix_path/turtlebot3_description
[4.323s] -- Up-to-date symlink: /home/alejo/turtlebot3_ws/install/turtlebot3_description/share/turtlebot3_description/environment/ament_prefix_path.sh
[4.325s] -- Up-to-date symlink: /home/alejo/turtlebot3_ws/install/turtlebot3_description/share/turtlebot3_description/environment/ament_prefix_path.dsv
[4.325s] -- Up-to-date symlink: /home/alejo/turtlebot3_ws/install/turtlebot3_description/share/turtlebot3_description/environment/path.sh
[4.326s] -- Up-to-date symlink: /home/alejo/turtlebot3_ws/install/turtlebot3_description/share/turtlebot3_description/environment/path.dsv
[4.326s] -- Up-to-date symlink: /home/alejo/turtlebot3_ws/install/turtlebot3_description/share/turtlebot3_description/local_setup.bash
[4.326s] -- Up-to-date symlink: /home/alejo/turtlebot3_ws/install/turtlebot3_description/share/turtlebot3_description/local_setup.sh
[4.326s] -- Up-to-date symlink: /home/alejo/turtlebot3_ws/install/turtlebot3_description/share/turtlebot3_description/local_setup.zsh
[4.326s] -- Up-to-date symlink: /home/alejo/turtlebot3_ws/install/turtlebot3_description/share/turtlebot3_description/local_setup.dsv
[4.326s] -- Symlinking: /home/alejo/turtlebot3_ws/install/turtlebot3_description/share/turtlebot3_description/package.dsv
[4.346s] -- Up-to-date symlink: /home/alejo/turtlebot3_ws/install/turtlebot3_description/share/ament_index/resource_index/packages/turtlebot3_description
[4.346s] -- Up-to-date symlink: /home/alejo/turtlebot3_ws/install/turtlebot3_description/share/turtlebot3_description/cmake/turtlebot3_descriptionConfig.cmake
[4.347s] -- Up-to-date symlink: /home/alejo/turtlebot3_ws/install/turtlebot3_description/share/turtlebot3_description/cmake/turtlebot3_descriptionConfig-version.cmake
[4.347s] -- Up-to-date symlink: /home/alejo/turtlebot3_ws/install/turtlebot3_description/share/turtlebot3_description/package.xml
[4.350s] Invoked command in '/home/alejo/turtlebot3_ws/build/turtlebot3_description' returned '0': CMAKE_PREFIX_PATH=${CMAKE_PREFIX_PATH}:/home/alejo/turtlebot3_ws/install/turtlebot3_teleop:/home/alejo/turtlebot3_ws/install/turtlebot3_example:/opt/ros/humble /usr/bin/cmake --install /home/alejo/turtlebot3_ws/build/turtlebot3_description
