[0.629s] Invoking command in '/home/alejo/turtlebot3_ws/build/navegacion': CMAKE_PREFIX_PATH=${CMAKE_PREFIX_PATH}:/home/alejo/turtlebot3_ws/install/turtlebot3_teleop:/home/alejo/turtlebot3_ws/install/turtlebot3_example:/opt/ros/humble /usr/bin/cmake --build /home/alejo/turtlebot3_ws/build/navegacion -- -j8 -l8
[0.664s] -- Found rclpy: 3.3.11 (/opt/ros/humble/share/rclpy/cmake)
[0.664s] -- Found ament_lint_auto: 0.12.10 (/opt/ros/humble/share/ament_lint_auto/cmake)
[0.902s] -- Override CMake install command with custom implementation using symlinks instead of copying resources
[1.038s] -- Added test 'flake8' to check Python code syntax and style conventions
[1.038s] -- Added test 'lint_cmake' to check CMake code style
[1.039s] -- Added test 'pep257' to check Python code against some of the docstring style conventions in PEP 257
[1.039s] -- Added test 'xmllint' to check XML markup files
[1.041s] -- Configuring done
[1.046s] -- Generating done
[1.047s] -- Build files have been written to: /home/alejo/turtlebot3_ws/build/navegacion
[1.444s] Invoked command in '/home/alejo/turtlebot3_ws/build/navegacion' returned '0': CMAKE_PREFIX_PATH=${CMAKE_PREFIX_PATH}:/home/alejo/turtlebot3_ws/install/turtlebot3_teleop:/home/alejo/turtlebot3_ws/install/turtlebot3_example:/opt/ros/humble /usr/bin/cmake --build /home/alejo/turtlebot3_ws/build/navegacion -- -j8 -l8
[1.985s] Invoking command in '/home/alejo/turtlebot3_ws/build/navegacion': CMAKE_PREFIX_PATH=${CMAKE_PREFIX_PATH}:/home/alejo/turtlebot3_ws/install/turtlebot3_teleop:/home/alejo/turtlebot3_ws/install/turtlebot3_example:/opt/ros/humble /usr/bin/cmake --install /home/alejo/turtlebot3_ws/build/navegacion
[1.993s] -- Install configuration: ""
[1.994s] -- Installing: /home/alejo/turtlebot3_ws/install/navegacion/lib/navegacion/odometry.py
[2.005s] -- Execute custom install script
[2.007s] -- Symlinking: /home/alejo/turtlebot3_ws/install/navegacion/share/navegacion/src/odometry.py
[2.024s] -- Up-to-date symlink: /home/alejo/turtlebot3_ws/install/navegacion/share/ament_index/resource_index/package_run_dependencies/navegacion
[2.024s] -- Up-to-date symlink: /home/alejo/turtlebot3_ws/install/navegacion/share/ament_index/resource_index/parent_prefix_path/navegacion
[2.024s] -- Up-to-date symlink: /home/alejo/turtlebot3_ws/install/navegacion/share/navegacion/environment/ament_prefix_path.sh
[2.025s] -- Up-to-date symlink: /home/alejo/turtlebot3_ws/install/navegacion/share/navegacion/environment/ament_prefix_path.dsv
[2.025s] -- Up-to-date symlink: /home/alejo/turtlebot3_ws/install/navegacion/share/navegacion/environment/path.sh
[2.025s] -- Up-to-date symlink: /home/alejo/turtlebot3_ws/install/navegacion/share/navegacion/environment/path.dsv
[2.025s] -- Up-to-date symlink: /home/alejo/turtlebot3_ws/install/navegacion/share/navegacion/local_setup.bash
[2.026s] -- Up-to-date symlink: /home/alejo/turtlebot3_ws/install/navegacion/share/navegacion/local_setup.sh
[2.026s] -- Up-to-date symlink: /home/alejo/turtlebot3_ws/install/navegacion/share/navegacion/local_setup.zsh
[2.026s] -- Up-to-date symlink: /home/alejo/turtlebot3_ws/install/navegacion/share/navegacion/local_setup.dsv
[2.026s] -- Symlinking: /home/alejo/turtlebot3_ws/install/navegacion/share/navegacion/package.dsv
[2.044s] -- Up-to-date symlink: /home/alejo/turtlebot3_ws/install/navegacion/share/ament_index/resource_index/packages/navegacion
[2.045s] -- Up-to-date symlink: /home/alejo/turtlebot3_ws/install/navegacion/share/navegacion/cmake/navegacionConfig.cmake
[2.045s] -- Up-to-date symlink: /home/alejo/turtlebot3_ws/install/navegacion/share/navegacion/cmake/navegacionConfig-version.cmake
[2.045s] -- Up-to-date symlink: /home/alejo/turtlebot3_ws/install/navegacion/share/navegacion/package.xml
[2.050s] Invoked command in '/home/alejo/turtlebot3_ws/build/navegacion' returned '0': CMAKE_PREFIX_PATH=${CMAKE_PREFIX_PATH}:/home/alejo/turtlebot3_ws/install/turtlebot3_teleop:/home/alejo/turtlebot3_ws/install/turtlebot3_example:/opt/ros/humble /usr/bin/cmake --install /home/alejo/turtlebot3_ws/build/navegacion
