[0.162s] Invoking command in '/home/alejo/turtlebot3_ws/build/turtlebot3_node': CMAKE_PREFIX_PATH=/opt/ros/humble /usr/bin/cmake --build /home/alejo/turtlebot3_ws/build/turtlebot3_node -- -j8 -l8
[0.645s] [35m[1mConsolidate compiler generated dependencies of target turtlebot3_node_lib[0m
[0.722s] [ 85%] Built target turtlebot3_node_lib
[0.743s] [35m[1mConsolidate compiler generated dependencies of target turtlebot3_ros[0m
[0.775s] [100%] Built target turtlebot3_ros
[0.795s] Invoked command in '/home/alejo/turtlebot3_ws/build/turtlebot3_node' returned '0': CMAKE_PREFIX_PATH=/opt/ros/humble /usr/bin/cmake --build /home/alejo/turtlebot3_ws/build/turtlebot3_node -- -j8 -l8
[0.931s] Invoking command in '/home/alejo/turtlebot3_ws/build/turtlebot3_node': CMAKE_PREFIX_PATH=/opt/ros/humble /usr/bin/cmake --install /home/alejo/turtlebot3_ws/build/turtlebot3_node
[0.943s] -- Install configuration: ""
[0.943s] -- Execute custom install script
[0.944s] -- Up-to-date symlink: /home/alejo/turtlebot3_ws/install/turtlebot3_node/share/turtlebot3_node/param/burger.yaml
[0.944s] -- Up-to-date symlink: /home/alejo/turtlebot3_ws/install/turtlebot3_node/share/turtlebot3_node/param/waffle.yaml
[0.944s] -- Up-to-date symlink: /home/alejo/turtlebot3_ws/install/turtlebot3_node/share/turtlebot3_node/param/waffle_pi.yaml
[0.945s] -- Up-to-date symlink: /home/alejo/turtlebot3_ws/install/turtlebot3_node/lib/turtlebot3_node/turtlebot3_ros
[0.945s] -- Up-to-date symlink: /home/alejo/turtlebot3_ws/install/turtlebot3_node/share/ament_index/resource_index/package_run_dependencies/turtlebot3_node
[0.945s] -- Up-to-date symlink: /home/alejo/turtlebot3_ws/install/turtlebot3_node/share/ament_index/resource_index/parent_prefix_path/turtlebot3_node
[0.945s] -- Up-to-date symlink: /home/alejo/turtlebot3_ws/install/turtlebot3_node/share/turtlebot3_node/environment/ament_prefix_path.sh
[0.945s] -- Up-to-date symlink: /home/alejo/turtlebot3_ws/install/turtlebot3_node/share/turtlebot3_node/environment/ament_prefix_path.dsv
[0.946s] -- Up-to-date symlink: /home/alejo/turtlebot3_ws/install/turtlebot3_node/share/turtlebot3_node/environment/path.sh
[0.946s] -- Up-to-date symlink: /home/alejo/turtlebot3_ws/install/turtlebot3_node/share/turtlebot3_node/environment/path.dsv
[0.946s] -- Up-to-date symlink: /home/alejo/turtlebot3_ws/install/turtlebot3_node/share/turtlebot3_node/local_setup.bash
[0.946s] -- Up-to-date symlink: /home/alejo/turtlebot3_ws/install/turtlebot3_node/share/turtlebot3_node/local_setup.sh
[0.946s] -- Up-to-date symlink: /home/alejo/turtlebot3_ws/install/turtlebot3_node/share/turtlebot3_node/local_setup.zsh
[0.947s] -- Up-to-date symlink: /home/alejo/turtlebot3_ws/install/turtlebot3_node/share/turtlebot3_node/local_setup.dsv
[0.947s] -- Symlinking: /home/alejo/turtlebot3_ws/install/turtlebot3_node/share/turtlebot3_node/package.dsv
[0.972s] -- Up-to-date symlink: /home/alejo/turtlebot3_ws/install/turtlebot3_node/share/ament_index/resource_index/packages/turtlebot3_node
[0.972s] -- Up-to-date symlink: /home/alejo/turtlebot3_ws/install/turtlebot3_node/share/turtlebot3_node/cmake/ament_cmake_export_include_directories-extras.cmake
[0.973s] -- Up-to-date symlink: /home/alejo/turtlebot3_ws/install/turtlebot3_node/share/turtlebot3_node/cmake/turtlebot3_nodeConfig.cmake
[0.973s] -- Up-to-date symlink: /home/alejo/turtlebot3_ws/install/turtlebot3_node/share/turtlebot3_node/cmake/turtlebot3_nodeConfig-version.cmake
[0.973s] -- Up-to-date symlink: /home/alejo/turtlebot3_ws/install/turtlebot3_node/share/turtlebot3_node/package.xml
[0.977s] Invoked command in '/home/alejo/turtlebot3_ws/build/turtlebot3_node' returned '0': CMAKE_PREFIX_PATH=/opt/ros/humble /usr/bin/cmake --install /home/alejo/turtlebot3_ws/build/turtlebot3_node
