[0.705s] Invoking command in '/home/alejo/turtlebot3_ws/build/turtlebot3_description': CMAKE_PREFIX_PATH=${CMAKE_PREFIX_PATH}:/home/alejo/turtlebot3_ws/install/turtlebot3_teleop:/home/alejo/turtlebot3_ws/install/turtlebot3_example:/opt/ros/humble /usr/bin/cmake /home/alejo/turtlebot3_ws/src/turtlebot3/turtlebot3_description -DCMAKE_INSTALL_PREFIX=/home/alejo/turtlebot3_ws/install/turtlebot3_description
[0.769s] -- Found ament_cmake: 1.3.7 (/opt/ros/humble/share/ament_cmake/cmake)
[1.314s] -- Override CMake install command with custom implementation using symlinks instead of copying resources
[1.359s] -- Found urdf: 2.6.0 (/opt/ros/humble/share/urdf/cmake)
[1.679s] -- Configuring done
[1.685s] -- Generating done
[1.689s] -- Build files have been written to: /home/alejo/turtlebot3_ws/build/turtlebot3_description
[1.844s] Invoked command in '/home/alejo/turtlebot3_ws/build/turtlebot3_description' returned '0': CMAKE_PREFIX_PATH=${CMAKE_PREFIX_PATH}:/home/alejo/turtlebot3_ws/install/turtlebot3_teleop:/home/alejo/turtlebot3_ws/install/turtlebot3_example:/opt/ros/humble /usr/bin/cmake /home/alejo/turtlebot3_ws/src/turtlebot3/turtlebot3_description -DCMAKE_INSTALL_PREFIX=/home/alejo/turtlebot3_ws/install/turtlebot3_description
[1.845s] Invoking command in '/home/alejo/turtlebot3_ws/build/turtlebot3_description': CMAKE_PREFIX_PATH=${CMAKE_PREFIX_PATH}:/home/alejo/turtlebot3_ws/install/turtlebot3_teleop:/home/alejo/turtlebot3_ws/install/turtlebot3_example:/opt/ros/humble /usr/bin/cmake --build /home/alejo/turtlebot3_ws/build/turtlebot3_description -- -j8 -l8
[1.972s] Invoked command in '/home/alejo/turtlebot3_ws/build/turtlebot3_description' returned '0': CMAKE_PREFIX_PATH=${CMAKE_PREFIX_PATH}:/home/alejo/turtlebot3_ws/install/turtlebot3_teleop:/home/alejo/turtlebot3_ws/install/turtlebot3_example:/opt/ros/humble /usr/bin/cmake --build /home/alejo/turtlebot3_ws/build/turtlebot3_description -- -j8 -l8
[2.117s] Invoking command in '/home/alejo/turtlebot3_ws/build/turtlebot3_description': CMAKE_PREFIX_PATH=${CMAKE_PREFIX_PATH}:/home/alejo/turtlebot3_ws/install/turtlebot3_teleop:/home/alejo/turtlebot3_ws/install/turtlebot3_example:/opt/ros/humble /usr/bin/cmake --install /home/alejo/turtlebot3_ws/build/turtlebot3_description
[2.135s] -- Install configuration: ""
[2.136s] -- Execute custom install script
[2.148s] -- Up-to-date symlink: /home/alejo/turtlebot3_ws/install/turtlebot3_description/share/turtlebot3_description/meshes/bases/burger_base.stl
[2.151s] -- Up-to-date symlink: /home/alejo/turtlebot3_ws/install/turtlebot3_description/share/turtlebot3_description/meshes/bases/waffle_base.stl
[2.152s] -- Up-to-date symlink: /home/alejo/turtlebot3_ws/install/turtlebot3_description/share/turtlebot3_description/meshes/bases/waffle_pi_base.stl
[2.152s] -- Up-to-date symlink: /home/alejo/turtlebot3_ws/install/turtlebot3_description/share/turtlebot3_description/meshes/sensors/astra.dae
[2.152s] -- Up-to-date symlink: /home/alejo/turtlebot3_ws/install/turtlebot3_description/share/turtlebot3_description/meshes/sensors/astra.jpg
[2.152s] -- Up-to-date symlink: /home/alejo/turtlebot3_ws/install/turtlebot3_description/share/turtlebot3_description/meshes/sensors/lds.stl
[2.152s] -- Up-to-date symlink: /home/alejo/turtlebot3_ws/install/turtlebot3_description/share/turtlebot3_description/meshes/sensors/r200.dae
[2.153s] -- Up-to-date symlink: /home/alejo/turtlebot3_ws/install/turtlebot3_description/share/turtlebot3_description/meshes/sensors/r200.jpg
[2.153s] -- Up-to-date symlink: /home/alejo/turtlebot3_ws/install/turtlebot3_description/share/turtlebot3_description/meshes/wheels/left_tire.stl
[2.153s] -- Up-to-date symlink: /home/alejo/turtlebot3_ws/install/turtlebot3_description/share/turtlebot3_description/meshes/wheels/right_tire.stl
[2.153s] -- Up-to-date symlink: /home/alejo/turtlebot3_ws/install/turtlebot3_description/share/turtlebot3_description/rviz/model.rviz
[2.153s] -- Up-to-date symlink: /home/alejo/turtlebot3_ws/install/turtlebot3_description/share/turtlebot3_description/urdf/common_properties.urdf
[2.153s] -- Up-to-date symlink: /home/alejo/turtlebot3_ws/install/turtlebot3_description/share/turtlebot3_description/urdf/turtlebot3_burger.urdf
[2.154s] -- Up-to-date symlink: /home/alejo/turtlebot3_ws/install/turtlebot3_description/share/turtlebot3_description/urdf/turtlebot3_waffle.urdf
[2.154s] -- Up-to-date symlink: /home/alejo/turtlebot3_ws/install/turtlebot3_description/share/turtlebot3_description/urdf/turtlebot3_waffle_pi.urdf
[2.154s] -- Up-to-date symlink: /home/alejo/turtlebot3_ws/install/turtlebot3_description/share/ament_index/resource_index/package_run_dependencies/turtlebot3_description
[2.154s] -- Up-to-date symlink: /home/alejo/turtlebot3_ws/install/turtlebot3_description/share/ament_index/resource_index/parent_prefix_path/turtlebot3_description
[2.154s] -- Up-to-date symlink: /home/alejo/turtlebot3_ws/install/turtlebot3_description/share/turtlebot3_description/environment/ament_prefix_path.sh
[2.154s] -- Up-to-date symlink: /home/alejo/turtlebot3_ws/install/turtlebot3_description/share/turtlebot3_description/environment/ament_prefix_path.dsv
[2.155s] -- Up-to-date symlink: /home/alejo/turtlebot3_ws/install/turtlebot3_description/share/turtlebot3_description/environment/path.sh
[2.155s] -- Up-to-date symlink: /home/alejo/turtlebot3_ws/install/turtlebot3_description/share/turtlebot3_description/environment/path.dsv
[2.155s] -- Up-to-date symlink: /home/alejo/turtlebot3_ws/install/turtlebot3_description/share/turtlebot3_description/local_setup.bash
[2.155s] -- Up-to-date symlink: /home/alejo/turtlebot3_ws/install/turtlebot3_description/share/turtlebot3_description/local_setup.sh
[2.155s] -- Up-to-date symlink: /home/alejo/turtlebot3_ws/install/turtlebot3_description/share/turtlebot3_description/local_setup.zsh
[2.155s] -- Up-to-date symlink: /home/alejo/turtlebot3_ws/install/turtlebot3_description/share/turtlebot3_description/local_setup.dsv
[2.156s] -- Symlinking: /home/alejo/turtlebot3_ws/install/turtlebot3_description/share/turtlebot3_description/package.dsv
[2.187s] -- Up-to-date symlink: /home/alejo/turtlebot3_ws/install/turtlebot3_description/share/ament_index/resource_index/packages/turtlebot3_description
[2.188s] -- Up-to-date symlink: /home/alejo/turtlebot3_ws/install/turtlebot3_description/share/turtlebot3_description/cmake/turtlebot3_descriptionConfig.cmake
[2.188s] -- Up-to-date symlink: /home/alejo/turtlebot3_ws/install/turtlebot3_description/share/turtlebot3_description/cmake/turtlebot3_descriptionConfig-version.cmake
[2.188s] -- Up-to-date symlink: /home/alejo/turtlebot3_ws/install/turtlebot3_description/share/turtlebot3_description/package.xml
[2.209s] Invoked command in '/home/alejo/turtlebot3_ws/build/turtlebot3_description' returned '0': CMAKE_PREFIX_PATH=${CMAKE_PREFIX_PATH}:/home/alejo/turtlebot3_ws/install/turtlebot3_teleop:/home/alejo/turtlebot3_ws/install/turtlebot3_example:/opt/ros/humble /usr/bin/cmake --install /home/alejo/turtlebot3_ws/build/turtlebot3_description
