[0.728s] Invoking command in '/home/alejo/turtlebot3_ws/build/dynamixel_sdk': CMAKE_PREFIX_PATH=${CMAKE_PREFIX_PATH}:/home/alejo/turtlebot3_ws/install/turtlebot3_teleop:/home/alejo/turtlebot3_ws/install/turtlebot3_example:/opt/ros/humble /usr/bin/cmake /home/alejo/turtlebot3_ws/src/DynamixelSDK/dynamixel_sdk -DCMAKE_INSTALL_PREFIX=/home/alejo/turtlebot3_ws/install/dynamixel_sdk
[0.960s] -- Found ament_cmake: 1.3.7 (/opt/ros/humble/share/ament_cmake/cmake)
[2.981s] -- Override CMake install command with custom implementation using symlinks instead of copying resources
[3.604s] -- Configuring done
[4.741s] -- Generating done
[4.805s] -- Build files have been written to: /home/alejo/turtlebot3_ws/build/dynamixel_sdk
[4.812s] Invoked command in '/home/alejo/turtlebot3_ws/build/dynamixel_sdk' returned '0': CMAKE_PREFIX_PATH=${CMAKE_PREFIX_PATH}:/home/alejo/turtlebot3_ws/install/turtlebot3_teleop:/home/alejo/turtlebot3_ws/install/turtlebot3_example:/opt/ros/humble /usr/bin/cmake /home/alejo/turtlebot3_ws/src/DynamixelSDK/dynamixel_sdk -DCMAKE_INSTALL_PREFIX=/home/alejo/turtlebot3_ws/install/dynamixel_sdk
[4.816s] Invoking command in '/home/alejo/turtlebot3_ws/build/dynamixel_sdk': CMAKE_PREFIX_PATH=${CMAKE_PREFIX_PATH}:/home/alejo/turtlebot3_ws/install/turtlebot3_teleop:/home/alejo/turtlebot3_ws/install/turtlebot3_example:/opt/ros/humble /usr/bin/cmake --build /home/alejo/turtlebot3_ws/build/dynamixel_sdk -- -j8 -l8
[5.211s] [35m[1mConsolidate compiler generated dependencies of target dynamixel_sdk[0m
[5.240s] [100%] Built target dynamixel_sdk
[5.556s] Invoked command in '/home/alejo/turtlebot3_ws/build/dynamixel_sdk' returned '0': CMAKE_PREFIX_PATH=${CMAKE_PREFIX_PATH}:/home/alejo/turtlebot3_ws/install/turtlebot3_teleop:/home/alejo/turtlebot3_ws/install/turtlebot3_example:/opt/ros/humble /usr/bin/cmake --build /home/alejo/turtlebot3_ws/build/dynamixel_sdk -- -j8 -l8
[5.849s] Invoking command in '/home/alejo/turtlebot3_ws/build/dynamixel_sdk': CMAKE_PREFIX_PATH=${CMAKE_PREFIX_PATH}:/home/alejo/turtlebot3_ws/install/turtlebot3_teleop:/home/alejo/turtlebot3_ws/install/turtlebot3_example:/opt/ros/humble /usr/bin/cmake --install /home/alejo/turtlebot3_ws/build/dynamixel_sdk
[5.862s] -- Install configuration: ""
[5.862s] -- Execute custom install script
[5.863s] -- Up-to-date symlink: /home/alejo/turtlebot3_ws/install/dynamixel_sdk/include//dynamixel_sdk/dynamixel_sdk.h
[5.863s] -- Up-to-date symlink: /home/alejo/turtlebot3_ws/install/dynamixel_sdk/include//dynamixel_sdk/group_bulk_read.h
[5.864s] -- Up-to-date symlink: /home/alejo/turtlebot3_ws/install/dynamixel_sdk/include//dynamixel_sdk/group_bulk_write.h
[5.864s] -- Up-to-date symlink: /home/alejo/turtlebot3_ws/install/dynamixel_sdk/include//dynamixel_sdk/group_sync_read.h
[5.864s] -- Up-to-date symlink: /home/alejo/turtlebot3_ws/install/dynamixel_sdk/include//dynamixel_sdk/group_sync_write.h
[5.864s] -- Up-to-date symlink: /home/alejo/turtlebot3_ws/install/dynamixel_sdk/include//dynamixel_sdk/packet_handler.h
[5.864s] -- Up-to-date symlink: /home/alejo/turtlebot3_ws/install/dynamixel_sdk/include//dynamixel_sdk/port_handler.h
[5.864s] -- Up-to-date symlink: /home/alejo/turtlebot3_ws/install/dynamixel_sdk/include//dynamixel_sdk/port_handler_arduino.h
[5.865s] -- Up-to-date symlink: /home/alejo/turtlebot3_ws/install/dynamixel_sdk/include//dynamixel_sdk/port_handler_linux.h
[5.865s] -- Up-to-date symlink: /home/alejo/turtlebot3_ws/install/dynamixel_sdk/include//dynamixel_sdk/port_handler_mac.h
[5.865s] -- Up-to-date symlink: /home/alejo/turtlebot3_ws/install/dynamixel_sdk/include//dynamixel_sdk/port_handler_windows.h
[5.865s] -- Up-to-date symlink: /home/alejo/turtlebot3_ws/install/dynamixel_sdk/include//dynamixel_sdk/protocol1_packet_handler.h
[5.865s] -- Up-to-date symlink: /home/alejo/turtlebot3_ws/install/dynamixel_sdk/include//dynamixel_sdk/protocol2_packet_handler.h
[5.866s] -- Up-to-date symlink: /home/alejo/turtlebot3_ws/install/dynamixel_sdk/lib/libdynamixel_sdk.so
[5.866s] -- Up-to-date symlink: /home/alejo/turtlebot3_ws/install/dynamixel_sdk/share/dynamixel_sdk/environment/library_path.sh
[5.866s] -- Up-to-date symlink: /home/alejo/turtlebot3_ws/install/dynamixel_sdk/share/dynamixel_sdk/environment/library_path.dsv
[5.867s] -- Up-to-date symlink: /home/alejo/turtlebot3_ws/install/dynamixel_sdk/share/ament_index/resource_index/package_run_dependencies/dynamixel_sdk
[5.867s] -- Up-to-date symlink: /home/alejo/turtlebot3_ws/install/dynamixel_sdk/share/ament_index/resource_index/parent_prefix_path/dynamixel_sdk
[5.867s] -- Up-to-date symlink: /home/alejo/turtlebot3_ws/install/dynamixel_sdk/share/dynamixel_sdk/environment/ament_prefix_path.sh
[5.867s] -- Up-to-date symlink: /home/alejo/turtlebot3_ws/install/dynamixel_sdk/share/dynamixel_sdk/environment/ament_prefix_path.dsv
[5.868s] -- Up-to-date symlink: /home/alejo/turtlebot3_ws/install/dynamixel_sdk/share/dynamixel_sdk/environment/path.sh
[5.868s] -- Up-to-date symlink: /home/alejo/turtlebot3_ws/install/dynamixel_sdk/share/dynamixel_sdk/environment/path.dsv
[5.868s] -- Up-to-date symlink: /home/alejo/turtlebot3_ws/install/dynamixel_sdk/share/dynamixel_sdk/local_setup.bash
[5.869s] -- Up-to-date symlink: /home/alejo/turtlebot3_ws/install/dynamixel_sdk/share/dynamixel_sdk/local_setup.sh
[5.869s] -- Up-to-date symlink: /home/alejo/turtlebot3_ws/install/dynamixel_sdk/share/dynamixel_sdk/local_setup.zsh
[5.869s] -- Up-to-date symlink: /home/alejo/turtlebot3_ws/install/dynamixel_sdk/share/dynamixel_sdk/local_setup.dsv
[5.869s] -- Symlinking: /home/alejo/turtlebot3_ws/install/dynamixel_sdk/share/dynamixel_sdk/package.dsv
[5.931s] -- Up-to-date symlink: /home/alejo/turtlebot3_ws/install/dynamixel_sdk/share/ament_index/resource_index/packages/dynamixel_sdk
[5.931s] -- Up-to-date symlink: /home/alejo/turtlebot3_ws/install/dynamixel_sdk/share/dynamixel_sdk/cmake/ament_cmake_export_include_directories-extras.cmake
[5.932s] -- Up-to-date symlink: /home/alejo/turtlebot3_ws/install/dynamixel_sdk/share/dynamixel_sdk/cmake/ament_cmake_export_libraries-extras.cmake
[5.933s] -- Up-to-date symlink: /home/alejo/turtlebot3_ws/install/dynamixel_sdk/share/dynamixel_sdk/cmake/dynamixel_sdkConfig.cmake
[5.933s] -- Up-to-date symlink: /home/alejo/turtlebot3_ws/install/dynamixel_sdk/share/dynamixel_sdk/cmake/dynamixel_sdkConfig-version.cmake
[5.933s] -- Up-to-date symlink: /home/alejo/turtlebot3_ws/install/dynamixel_sdk/share/dynamixel_sdk/package.xml
[5.938s] Invoked command in '/home/alejo/turtlebot3_ws/build/dynamixel_sdk' returned '0': CMAKE_PREFIX_PATH=${CMAKE_PREFIX_PATH}:/home/alejo/turtlebot3_ws/install/turtlebot3_teleop:/home/alejo/turtlebot3_ws/install/turtlebot3_example:/opt/ros/humble /usr/bin/cmake --install /home/alejo/turtlebot3_ws/build/dynamixel_sdk
