[0.401s] Invoking command in '/home/alejo/turtlebot3_ws/build/turtlebot3_gazebo': CMAKE_PREFIX_PATH=${CMAKE_PREFIX_PATH}:/home/alejo/turtlebot3_ws/install/turtlebot3_teleop:/home/alejo/turtlebot3_ws/install/turtlebot3_example:/opt/ros/humble /usr/bin/cmake /home/alejo/turtlebot3_ws/src/turtlebot3_simulations/turtlebot3_gazebo -DCMAKE_INSTALL_PREFIX=/home/alejo/turtlebot3_ws/install/turtlebot3_gazebo
[0.486s] -- Found ament_cmake: 1.3.7 (/opt/ros/humble/share/ament_cmake/cmake)
[0.988s] -- Override CMake install command with custom implementation using symlinks instead of copying resources
[1.032s] [33mCMake Warning (dev) at /usr/share/cmake-3.22/Modules/FindPackageHandleStandardArgs.cmake:438 (message):
[1.032s]   The package name passed to `find_package_handle_standard_args` (PkgConfig)
[1.032s]   does not match the name of the calling package (gazebo).  This can lead to
[1.032s]   problems in calling code that expects `find_package` result variables
[1.033s]   (e.g., `_FOUND`) to follow a certain pattern.
[1.033s] Call Stack (most recent call first):
[1.033s]   /usr/share/cmake-3.22/Modules/FindPkgConfig.cmake:99 (find_package_handle_standard_args)
[1.033s]   /usr/lib/x86_64-linux-gnu/cmake/gazebo/gazebo-config.cmake:72 (include)
[1.033s]   CMakeLists.txt:23 (find_package)
[1.033s] This warning is for project developers.  Use -Wno-dev to suppress it.
[1.034s] [0m
[1.106s] -- Found DART: /usr/include (Required is at least version "6.6") found components: dart 
[1.181s] -- Found Protobuf: /usr/lib/x86_64-linux-gnu/libprotobuf.so (found version "3.12.4") 
[1.183s] -- Looking for ignition-math6 -- found version 6.15.1
[1.192s] -- Searching for dependencies of ignition-math6
[1.195s] -- Looking for OGRE...
[1.208s] -- Found Ogre Ghadamon (1.9.0)
[1.208s] -- Found OGRE: optimized;/usr/lib/x86_64-linux-gnu/libOgreMain.so;debug;/usr/lib/x86_64-linux-gnu/libOgreMain.so
[1.229s] -- Looking for OGRE_Paging...
[1.230s] -- Found OGRE_Paging: optimized;/usr/lib/x86_64-linux-gnu/libOgrePaging.so;debug;/usr/lib/x86_64-linux-gnu/libOgrePaging.so
[1.230s] -- Looking for OGRE_Terrain...
[1.230s] -- Found OGRE_Terrain: optimized;/usr/lib/x86_64-linux-gnu/libOgreTerrain.so;debug;/usr/lib/x86_64-linux-gnu/libOgreTerrain.so
[1.231s] -- Looking for OGRE_Property...
[1.231s] -- Found OGRE_Property: optimized;/usr/lib/x86_64-linux-gnu/libOgreProperty.so;debug;/usr/lib/x86_64-linux-gnu/libOgreProperty.so
[1.231s] -- Looking for OGRE_RTShaderSystem...
[1.231s] -- Found OGRE_RTShaderSystem: optimized;/usr/lib/x86_64-linux-gnu/libOgreRTShaderSystem.so;debug;/usr/lib/x86_64-linux-gnu/libOgreRTShaderSystem.so
[1.232s] -- Looking for OGRE_Volume...
[1.232s] -- Found OGRE_Volume: optimized;/usr/lib/x86_64-linux-gnu/libOgreVolume.so;debug;/usr/lib/x86_64-linux-gnu/libOgreVolume.so
[1.232s] -- Looking for OGRE_Overlay...
[1.232s] -- Found OGRE_Overlay: optimized;/usr/lib/x86_64-linux-gnu/libOgreOverlay.so;debug;/usr/lib/x86_64-linux-gnu/libOgreOverlay.so
[1.691s] -- Looking for ignition-math6 -- found version 6.15.1
[1.693s] -- Looking for ignition-transport8 -- found version 8.2.1
[1.695s] -- Searching for dependencies of ignition-transport8
[1.753s] -- Found Protobuf: /usr/lib/x86_64-linux-gnu/libprotobuf.so (found suitable version "3.12.4", minimum required is "3") 
[1.790s] -- Config-file not installed for ZeroMQ -- checking for pkg-config
[1.816s] -- Checking for module 'libzmq >= 4'
[1.903s] --   Found libzmq , version 4.3.4
[2.064s] -- Checking for module 'uuid'
[2.128s] --   Found uuid, version 2.37.2
[2.235s] -- Looking for ignition-msgs5 -- found version 5.8.1
[2.240s] -- Searching for dependencies of ignition-msgs5
[2.289s] -- Looking for ignition-math6 -- found version 6.15.1
[2.298s] -- Checking for module 'tinyxml2'
[2.334s] --   Found tinyxml2, version 9.0.0
[2.464s] -- Looking for ignition-msgs5 -- found version 5.8.1
[2.466s] -- Looking for ignition-common3 -- found version 3.14.0
[2.469s] -- Searching for dependencies of ignition-common3
[2.469s] -- Looking for dlfcn.h - found
[2.469s] -- Looking for libdl - found
[2.503s] -- Searching for <ignition-common3> component [graphics]
[2.504s] -- Looking for ignition-common3-graphics -- found version 3.14.0
[2.505s] -- Searching for dependencies of ignition-common3-graphics
[2.506s] -- Looking for ignition-math6 -- found version 6.15.1
[2.510s] -- Looking for ignition-fuel_tools4 -- found version 4.4.0
[2.511s] -- Searching for dependencies of ignition-fuel_tools4
[2.599s] -- Checking for module 'jsoncpp'
[2.633s] --   Found jsoncpp, version 1.9.5
[2.737s] -- Checking for module 'libzip'
[2.779s] --   Found libzip, version 1.7.3
[2.877s] -- Looking for ignition-common3 -- found version 3.14.0
[2.878s] -- Looking for ignition-math6 -- found version 6.15.1
[2.879s] -- Looking for ignition-msgs5 -- found version 5.8.1
[2.883s] -- Found gazebo_ros_pkgs: 3.7.0 (/opt/ros/humble/share/gazebo_ros_pkgs/cmake)
[2.883s] -- Found geometry_msgs: 4.2.3 (/opt/ros/humble/share/geometry_msgs/cmake)
[2.920s] -- Found rosidl_generator_c: 3.1.5 (/opt/ros/humble/share/rosidl_generator_c/cmake)
[2.924s] -- Found rosidl_adapter: 3.1.5 (/opt/ros/humble/share/rosidl_adapter/cmake)
[2.936s] -- Found rosidl_generator_cpp: 3.1.5 (/opt/ros/humble/share/rosidl_generator_cpp/cmake)
[2.955s] -- Using all available rosidl_typesupport_c: rosidl_typesupport_fastrtps_c;rosidl_typesupport_introspection_c
[2.988s] -- Using all available rosidl_typesupport_cpp: rosidl_typesupport_fastrtps_cpp;rosidl_typesupport_introspection_cpp
[3.238s] -- Found nav_msgs: 4.2.3 (/opt/ros/humble/share/nav_msgs/cmake)
[3.468s] -- Found rclcpp: 16.0.8 (/opt/ros/humble/share/rclcpp/cmake)
[3.637s] -- Found rmw_implementation_cmake: 6.1.1 (/opt/ros/humble/share/rmw_implementation_cmake/cmake)
[3.644s] -- Found rmw_fastrtps_cpp: 6.2.6 (/opt/ros/humble/share/rmw_fastrtps_cpp/cmake)
[4.146s] -- Using RMW implementation 'rmw_fastrtps_cpp' as default
[4.659s] -- Found sensor_msgs: 4.2.3 (/opt/ros/humble/share/sensor_msgs/cmake)
[4.976s] -- Found tf2: 0.25.5 (/opt/ros/humble/share/tf2/cmake)
[5.372s] -- Configuring done
[5.478s] -- Generating done
[5.494s] -- Build files have been written to: /home/alejo/turtlebot3_ws/build/turtlebot3_gazebo
[5.530s] Invoked command in '/home/alejo/turtlebot3_ws/build/turtlebot3_gazebo' returned '0': CMAKE_PREFIX_PATH=${CMAKE_PREFIX_PATH}:/home/alejo/turtlebot3_ws/install/turtlebot3_teleop:/home/alejo/turtlebot3_ws/install/turtlebot3_example:/opt/ros/humble /usr/bin/cmake /home/alejo/turtlebot3_ws/src/turtlebot3_simulations/turtlebot3_gazebo -DCMAKE_INSTALL_PREFIX=/home/alejo/turtlebot3_ws/install/turtlebot3_gazebo
[5.541s] Invoking command in '/home/alejo/turtlebot3_ws/build/turtlebot3_gazebo': CMAKE_PREFIX_PATH=${CMAKE_PREFIX_PATH}:/home/alejo/turtlebot3_ws/install/turtlebot3_teleop:/home/alejo/turtlebot3_ws/install/turtlebot3_example:/opt/ros/humble /usr/bin/cmake --build /home/alejo/turtlebot3_ws/build/turtlebot3_gazebo -- -j8 -l8
[5.732s] [35m[1mConsolidate compiler generated dependencies of target turtlebot3_drive[0m
[5.732s] [35m[1mConsolidate compiler generated dependencies of target obstacle1[0m
[5.737s] [35m[1mConsolidate compiler generated dependencies of target obstacles[0m
[5.809s] [35m[1mConsolidate compiler generated dependencies of target obstacle2[0m
[5.851s] [ 25%] Built target turtlebot3_drive
[5.914s] [ 50%] Built target obstacle1
[5.924s] [ 75%] Built target obstacles
[5.992s] [100%] Built target obstacle2
[6.036s] Invoked command in '/home/alejo/turtlebot3_ws/build/turtlebot3_gazebo' returned '0': CMAKE_PREFIX_PATH=${CMAKE_PREFIX_PATH}:/home/alejo/turtlebot3_ws/install/turtlebot3_teleop:/home/alejo/turtlebot3_ws/install/turtlebot3_example:/opt/ros/humble /usr/bin/cmake --build /home/alejo/turtlebot3_ws/build/turtlebot3_gazebo -- -j8 -l8
[6.400s] Invoking command in '/home/alejo/turtlebot3_ws/build/turtlebot3_gazebo': CMAKE_PREFIX_PATH=${CMAKE_PREFIX_PATH}:/home/alejo/turtlebot3_ws/install/turtlebot3_teleop:/home/alejo/turtlebot3_ws/install/turtlebot3_example:/opt/ros/humble /usr/bin/cmake --install /home/alejo/turtlebot3_ws/build/turtlebot3_gazebo
[6.416s] -- Install configuration: ""
[6.418s] -- Execute custom install script
[6.419s] -- Up-to-date symlink: /home/alejo/turtlebot3_ws/install/turtlebot3_gazebo/lib/turtlebot3_gazebo/turtlebot3_drive
[6.421s] -- Up-to-date symlink: /home/alejo/turtlebot3_ws/install/turtlebot3_gazebo/share/turtlebot3_gazebo//launch/empty_world.launch.py
[6.421s] -- Up-to-date symlink: /home/alejo/turtlebot3_ws/install/turtlebot3_gazebo/share/turtlebot3_gazebo//launch/robot_state_publisher.launch.py
[6.422s] -- Up-to-date symlink: /home/alejo/turtlebot3_ws/install/turtlebot3_gazebo/share/turtlebot3_gazebo//launch/spawn_turtlebot3.launch.py
[6.422s] -- Up-to-date symlink: /home/alejo/turtlebot3_ws/install/turtlebot3_gazebo/share/turtlebot3_gazebo//launch/turtlebot3_dqn_stage1.launch.py
[6.423s] -- Up-to-date symlink: /home/alejo/turtlebot3_ws/install/turtlebot3_gazebo/share/turtlebot3_gazebo//launch/turtlebot3_dqn_stage2.launch.py
[6.424s] -- Up-to-date symlink: /home/alejo/turtlebot3_ws/install/turtlebot3_gazebo/share/turtlebot3_gazebo//launch/turtlebot3_dqn_stage3.launch.py
[6.427s] -- Up-to-date symlink: /home/alejo/turtlebot3_ws/install/turtlebot3_gazebo/share/turtlebot3_gazebo//launch/turtlebot3_dqn_stage4.launch.py
[6.428s] -- Up-to-date symlink: /home/alejo/turtlebot3_ws/install/turtlebot3_gazebo/share/turtlebot3_gazebo//launch/turtlebot3_house.launch.py
[6.428s] -- Up-to-date symlink: /home/alejo/turtlebot3_ws/install/turtlebot3_gazebo/share/turtlebot3_gazebo//launch/turtlebot3_world.launch.py
[6.429s] -- Up-to-date symlink: /home/alejo/turtlebot3_ws/install/turtlebot3_gazebo/share/turtlebot3_gazebo//models/turtlebot3_burger/model-1_4.sdf
[6.430s] -- Up-to-date symlink: /home/alejo/turtlebot3_ws/install/turtlebot3_gazebo/share/turtlebot3_gazebo//models/turtlebot3_burger/model.config
[6.432s] -- Up-to-date symlink: /home/alejo/turtlebot3_ws/install/turtlebot3_gazebo/share/turtlebot3_gazebo//models/turtlebot3_burger/model.sdf
[6.433s] -- Up-to-date symlink: /home/alejo/turtlebot3_ws/install/turtlebot3_gazebo/share/turtlebot3_gazebo//models/turtlebot3_common/meshes/burger_base.dae
[6.433s] -- Up-to-date symlink: /home/alejo/turtlebot3_ws/install/turtlebot3_gazebo/share/turtlebot3_gazebo//models/turtlebot3_common/meshes/lds.dae
[6.433s] -- Up-to-date symlink: /home/alejo/turtlebot3_ws/install/turtlebot3_gazebo/share/turtlebot3_gazebo//models/turtlebot3_common/meshes/r200.dae
[6.434s] -- Up-to-date symlink: /home/alejo/turtlebot3_ws/install/turtlebot3_gazebo/share/turtlebot3_gazebo//models/turtlebot3_common/meshes/tire.dae
[6.434s] -- Up-to-date symlink: /home/alejo/turtlebot3_ws/install/turtlebot3_gazebo/share/turtlebot3_gazebo//models/turtlebot3_common/meshes/waffle_base.dae
[6.434s] -- Up-to-date symlink: /home/alejo/turtlebot3_ws/install/turtlebot3_gazebo/share/turtlebot3_gazebo//models/turtlebot3_common/meshes/waffle_pi_base.dae
[6.435s] -- Up-to-date symlink: /home/alejo/turtlebot3_ws/install/turtlebot3_gazebo/share/turtlebot3_gazebo//models/turtlebot3_common/model.config
[6.436s] -- Up-to-date symlink: /home/alejo/turtlebot3_ws/install/turtlebot3_gazebo/share/turtlebot3_gazebo//models/turtlebot3_dqn_world/goal_box/model.config
[6.436s] -- Up-to-date symlink: /home/alejo/turtlebot3_ws/install/turtlebot3_gazebo/share/turtlebot3_gazebo//models/turtlebot3_dqn_world/goal_box/model.sdf
[6.437s] -- Up-to-date symlink: /home/alejo/turtlebot3_ws/install/turtlebot3_gazebo/share/turtlebot3_gazebo//models/turtlebot3_dqn_world/inner_walls/model.config
[6.438s] -- Up-to-date symlink: /home/alejo/turtlebot3_ws/install/turtlebot3_gazebo/share/turtlebot3_gazebo//models/turtlebot3_dqn_world/inner_walls/model.sdf
[6.439s] -- Up-to-date symlink: /home/alejo/turtlebot3_ws/install/turtlebot3_gazebo/share/turtlebot3_gazebo//models/turtlebot3_dqn_world/model.config
[6.442s] -- Up-to-date symlink: /home/alejo/turtlebot3_ws/install/turtlebot3_gazebo/share/turtlebot3_gazebo//models/turtlebot3_dqn_world/model.sdf
[6.442s] -- Up-to-date symlink: /home/alejo/turtlebot3_ws/install/turtlebot3_gazebo/share/turtlebot3_gazebo//models/turtlebot3_dqn_world/obstacle1/model.config
[6.446s] -- Up-to-date symlink: /home/alejo/turtlebot3_ws/install/turtlebot3_gazebo/share/turtlebot3_gazebo//models/turtlebot3_dqn_world/obstacle1/model.sdf
[6.446s] -- Up-to-date symlink: /home/alejo/turtlebot3_ws/install/turtlebot3_gazebo/share/turtlebot3_gazebo//models/turtlebot3_dqn_world/obstacle2/model.config
[6.447s] -- Up-to-date symlink: /home/alejo/turtlebot3_ws/install/turtlebot3_gazebo/share/turtlebot3_gazebo//models/turtlebot3_dqn_world/obstacle2/model.sdf
[6.447s] -- Up-to-date symlink: /home/alejo/turtlebot3_ws/install/turtlebot3_gazebo/share/turtlebot3_gazebo//models/turtlebot3_dqn_world/obstacle_plugin/CMakeLists.txt
[6.450s] -- Up-to-date symlink: /home/alejo/turtlebot3_ws/install/turtlebot3_gazebo/share/turtlebot3_gazebo//models/turtlebot3_dqn_world/obstacle_plugin/obstacle1.cc
[6.450s] -- Up-to-date symlink: /home/alejo/turtlebot3_ws/install/turtlebot3_gazebo/share/turtlebot3_gazebo//models/turtlebot3_dqn_world/obstacle_plugin/obstacle2.cc
[6.451s] -- Up-to-date symlink: /home/alejo/turtlebot3_ws/install/turtlebot3_gazebo/share/turtlebot3_gazebo//models/turtlebot3_dqn_world/obstacle_plugin/obstacles.cc
[6.451s] -- Up-to-date symlink: /home/alejo/turtlebot3_ws/install/turtlebot3_gazebo/share/turtlebot3_gazebo//models/turtlebot3_dqn_world/obstacles/model.config
[6.451s] -- Up-to-date symlink: /home/alejo/turtlebot3_ws/install/turtlebot3_gazebo/share/turtlebot3_gazebo//models/turtlebot3_dqn_world/obstacles/model.sdf
[6.451s] -- Up-to-date symlink: /home/alejo/turtlebot3_ws/install/turtlebot3_gazebo/share/turtlebot3_gazebo//models/turtlebot3_house/model.config
[6.452s] -- Up-to-date symlink: /home/alejo/turtlebot3_ws/install/turtlebot3_gazebo/share/turtlebot3_gazebo//models/turtlebot3_house/model.sdf
[6.452s] -- Up-to-date symlink: /home/alejo/turtlebot3_ws/install/turtlebot3_gazebo/share/turtlebot3_gazebo//models/turtlebot3_waffle/model-1_4.sdf
[6.452s] -- Up-to-date symlink: /home/alejo/turtlebot3_ws/install/turtlebot3_gazebo/share/turtlebot3_gazebo//models/turtlebot3_waffle/model.config
[6.452s] -- Up-to-date symlink: /home/alejo/turtlebot3_ws/install/turtlebot3_gazebo/share/turtlebot3_gazebo//models/turtlebot3_waffle/model.sdf
[6.452s] -- Up-to-date symlink: /home/alejo/turtlebot3_ws/install/turtlebot3_gazebo/share/turtlebot3_gazebo//models/turtlebot3_waffle_pi/model-1_4_.sdf
[6.453s] -- Up-to-date symlink: /home/alejo/turtlebot3_ws/install/turtlebot3_gazebo/share/turtlebot3_gazebo//models/turtlebot3_waffle_pi/model.config
[6.453s] -- Up-to-date symlink: /home/alejo/turtlebot3_ws/install/turtlebot3_gazebo/share/turtlebot3_gazebo//models/turtlebot3_waffle_pi/model.sdf
[6.454s] -- Up-to-date symlink: /home/alejo/turtlebot3_ws/install/turtlebot3_gazebo/share/turtlebot3_gazebo//models/turtlebot3_world/meshes/hexagon.dae
[6.454s] -- Up-to-date symlink: /home/alejo/turtlebot3_ws/install/turtlebot3_gazebo/share/turtlebot3_gazebo//models/turtlebot3_world/meshes/wall.dae
[6.454s] -- Up-to-date symlink: /home/alejo/turtlebot3_ws/install/turtlebot3_gazebo/share/turtlebot3_gazebo//models/turtlebot3_world/model-1_4.sdf
[6.455s] -- Up-to-date symlink: /home/alejo/turtlebot3_ws/install/turtlebot3_gazebo/share/turtlebot3_gazebo//models/turtlebot3_world/model.config
[6.455s] -- Up-to-date symlink: /home/alejo/turtlebot3_ws/install/turtlebot3_gazebo/share/turtlebot3_gazebo//models/turtlebot3_world/model.sdf
[6.456s] -- Up-to-date symlink: /home/alejo/turtlebot3_ws/install/turtlebot3_gazebo/share/turtlebot3_gazebo//rviz/tb3_gazebo.rviz
[6.456s] -- Up-to-date symlink: /home/alejo/turtlebot3_ws/install/turtlebot3_gazebo/share/turtlebot3_gazebo//urdf/common_properties.urdf
[6.456s] -- Up-to-date symlink: /home/alejo/turtlebot3_ws/install/turtlebot3_gazebo/share/turtlebot3_gazebo//urdf/turtlebot3_burger.urdf
[6.456s] -- Up-to-date symlink: /home/alejo/turtlebot3_ws/install/turtlebot3_gazebo/share/turtlebot3_gazebo//urdf/turtlebot3_waffle.urdf
[6.457s] -- Up-to-date symlink: /home/alejo/turtlebot3_ws/install/turtlebot3_gazebo/share/turtlebot3_gazebo//urdf/turtlebot3_waffle_pi.urdf
[6.457s] -- Up-to-date symlink: /home/alejo/turtlebot3_ws/install/turtlebot3_gazebo/share/turtlebot3_gazebo//worlds/empty_world.world
[6.458s] -- Up-to-date symlink: /home/alejo/turtlebot3_ws/install/turtlebot3_gazebo/share/turtlebot3_gazebo//worlds/turtlebot3_dqn_stage1.world
[6.458s] -- Up-to-date symlink: /home/alejo/turtlebot3_ws/install/turtlebot3_gazebo/share/turtlebot3_gazebo//worlds/turtlebot3_dqn_stage2.world
[6.458s] -- Up-to-date symlink: /home/alejo/turtlebot3_ws/install/turtlebot3_gazebo/share/turtlebot3_gazebo//worlds/turtlebot3_dqn_stage3.world
[6.458s] -- Up-to-date symlink: /home/alejo/turtlebot3_ws/install/turtlebot3_gazebo/share/turtlebot3_gazebo//worlds/turtlebot3_dqn_stage4.world
[6.458s] -- Up-to-date symlink: /home/alejo/turtlebot3_ws/install/turtlebot3_gazebo/share/turtlebot3_gazebo//worlds/turtlebot3_house.world
[6.459s] -- Up-to-date symlink: /home/alejo/turtlebot3_ws/install/turtlebot3_gazebo/share/turtlebot3_gazebo//worlds/turtlebot3_world.world
[6.459s] -- Up-to-date symlink: /home/alejo/turtlebot3_ws/install/turtlebot3_gazebo/include//turtlebot3_gazebo/turtlebot3_drive.hpp
[6.459s] -- Up-to-date symlink: /home/alejo/turtlebot3_ws/install/turtlebot3_gazebo/share/ament_index/resource_index/package_run_dependencies/turtlebot3_gazebo
[6.460s] -- Up-to-date symlink: /home/alejo/turtlebot3_ws/install/turtlebot3_gazebo/share/ament_index/resource_index/parent_prefix_path/turtlebot3_gazebo
[6.460s] -- Up-to-date symlink: /home/alejo/turtlebot3_ws/install/turtlebot3_gazebo/share/turtlebot3_gazebo/environment/ament_prefix_path.sh
[6.460s] -- Up-to-date symlink: /home/alejo/turtlebot3_ws/install/turtlebot3_gazebo/share/turtlebot3_gazebo/environment/ament_prefix_path.dsv
[6.460s] -- Up-to-date symlink: /home/alejo/turtlebot3_ws/install/turtlebot3_gazebo/share/turtlebot3_gazebo/environment/path.sh
[6.461s] -- Up-to-date symlink: /home/alejo/turtlebot3_ws/install/turtlebot3_gazebo/share/turtlebot3_gazebo/environment/path.dsv
[6.461s] -- Up-to-date symlink: /home/alejo/turtlebot3_ws/install/turtlebot3_gazebo/share/turtlebot3_gazebo/local_setup.bash
[6.461s] -- Up-to-date symlink: /home/alejo/turtlebot3_ws/install/turtlebot3_gazebo/share/turtlebot3_gazebo/local_setup.sh
[6.461s] -- Up-to-date symlink: /home/alejo/turtlebot3_ws/install/turtlebot3_gazebo/share/turtlebot3_gazebo/local_setup.zsh
[6.462s] -- Up-to-date symlink: /home/alejo/turtlebot3_ws/install/turtlebot3_gazebo/share/turtlebot3_gazebo/local_setup.dsv
[6.462s] -- Symlinking: /home/alejo/turtlebot3_ws/install/turtlebot3_gazebo/share/turtlebot3_gazebo/package.dsv
[6.478s] -- Up-to-date symlink: /home/alejo/turtlebot3_ws/install/turtlebot3_gazebo/share/ament_index/resource_index/packages/turtlebot3_gazebo
[6.478s] -- Up-to-date symlink: /home/alejo/turtlebot3_ws/install/turtlebot3_gazebo/share/turtlebot3_gazebo/cmake/ament_cmake_export_include_directories-extras.cmake
[6.478s] -- Up-to-date symlink: /home/alejo/turtlebot3_ws/install/turtlebot3_gazebo/share/turtlebot3_gazebo/cmake/ament_cmake_export_dependencies-extras.cmake
[6.479s] -- Up-to-date symlink: /home/alejo/turtlebot3_ws/install/turtlebot3_gazebo/share/turtlebot3_gazebo/cmake/turtlebot3_gazeboConfig.cmake
[6.479s] -- Up-to-date symlink: /home/alejo/turtlebot3_ws/install/turtlebot3_gazebo/share/turtlebot3_gazebo/cmake/turtlebot3_gazeboConfig-version.cmake
[6.480s] -- Up-to-date symlink: /home/alejo/turtlebot3_ws/install/turtlebot3_gazebo/share/turtlebot3_gazebo/package.xml
[6.483s] Invoked command in '/home/alejo/turtlebot3_ws/build/turtlebot3_gazebo' returned '0': CMAKE_PREFIX_PATH=${CMAKE_PREFIX_PATH}:/home/alejo/turtlebot3_ws/install/turtlebot3_teleop:/home/alejo/turtlebot3_ws/install/turtlebot3_example:/opt/ros/humble /usr/bin/cmake --install /home/alejo/turtlebot3_ws/build/turtlebot3_gazebo
