-- Found rclpy: 3.3.11 (/opt/ros/humble/share/rclpy/cmake)
-- Found ament_lint_auto: 0.12.10 (/opt/ros/humble/share/ament_lint_auto/cmake)
-- Override CMake install command with custom implementation using symlinks instead of copying resources
-- Added test 'flake8' to check Python code syntax and style conventions
-- Added test 'lint_cmake' to check CMake code style
-- Added test 'pep257' to check Python code against some of the docstring style conventions in PEP 257
-- Added test 'xmllint' to check XML markup files
-- Configuring done
-- Generating done
-- Build files have been written to: /home/alejo/turtlebot3_ws/build/navegacion
-- Install configuration: ""
-- Up-to-date: /home/alejo/turtlebot3_ws/install/navegacion/lib/navegacion/odometry.py
-- Execute custom install script
-- Up-to-date symlink: /home/alejo/turtlebot3_ws/install/navegacion/share/navegacion/src/odometry.py
-- Up-to-date symlink: /home/alejo/turtlebot3_ws/install/navegacion/share/ament_index/resource_index/package_run_dependencies/navegacion
-- Up-to-date symlink: /home/alejo/turtlebot3_ws/install/navegacion/share/ament_index/resource_index/parent_prefix_path/navegacion
-- Up-to-date symlink: /home/alejo/turtlebot3_ws/install/navegacion/share/navegacion/environment/ament_prefix_path.sh
-- Up-to-date symlink: /home/alejo/turtlebot3_ws/install/navegacion/share/navegacion/environment/ament_prefix_path.dsv
-- Up-to-date symlink: /home/alejo/turtlebot3_ws/install/navegacion/share/navegacion/environment/path.sh
-- Up-to-date symlink: /home/alejo/turtlebot3_ws/install/navegacion/share/navegacion/environment/path.dsv
-- Up-to-date symlink: /home/alejo/turtlebot3_ws/install/navegacion/share/navegacion/local_setup.bash
-- Up-to-date symlink: /home/alejo/turtlebot3_ws/install/navegacion/share/navegacion/local_setup.sh
-- Up-to-date symlink: /home/alejo/turtlebot3_ws/install/navegacion/share/navegacion/local_setup.zsh
-- Up-to-date symlink: /home/alejo/turtlebot3_ws/install/navegacion/share/navegacion/local_setup.dsv
-- Symlinking: /home/alejo/turtlebot3_ws/install/navegacion/share/navegacion/package.dsv
-- Up-to-date symlink: /home/alejo/turtlebot3_ws/install/navegacion/share/ament_index/resource_index/packages/navegacion
-- Up-to-date symlink: /home/alejo/turtlebot3_ws/install/navegacion/share/navegacion/cmake/navegacionConfig.cmake
-- Up-to-date symlink: /home/alejo/turtlebot3_ws/install/navegacion/share/navegacion/cmake/navegacionConfig-version.cmake
-- Up-to-date symlink: /home/alejo/turtlebot3_ws/install/navegacion/share/navegacion/package.xml
