[0.764s] Invoking command in '/home/alejo/turtlebot3_ws/build/dynamixel_sdk': CMAKE_PREFIX_PATH=${CMAKE_PREFIX_PATH}:/home/alejo/turtlebot3_ws/install/turtlebot3_teleop:/home/alejo/turtlebot3_ws/install/turtlebot3_example:/opt/ros/humble /usr/bin/cmake --build /home/alejo/turtlebot3_ws/build/dynamixel_sdk -- -j8 -l8
[0.920s] [100%] Built target dynamixel_sdk
[1.739s] Invoked command in '/home/alejo/turtlebot3_ws/build/dynamixel_sdk' returned '0': CMAKE_PREFIX_PATH=${CMAKE_PREFIX_PATH}:/home/alejo/turtlebot3_ws/install/turtlebot3_teleop:/home/alejo/turtlebot3_ws/install/turtlebot3_example:/opt/ros/humble /usr/bin/cmake --build /home/alejo/turtlebot3_ws/build/dynamixel_sdk -- -j8 -l8
[2.374s] Invoking command in '/home/alejo/turtlebot3_ws/build/dynamixel_sdk': CMAKE_PREFIX_PATH=${CMAKE_PREFIX_PATH}:/home/alejo/turtlebot3_ws/install/turtlebot3_teleop:/home/alejo/turtlebot3_ws/install/turtlebot3_example:/opt/ros/humble /usr/bin/cmake --install /home/alejo/turtlebot3_ws/build/dynamixel_sdk
[2.390s] -- Install configuration: ""
[2.391s] -- Execute custom install script
[2.392s] -- Up-to-date symlink: /home/alejo/turtlebot3_ws/install/dynamixel_sdk/include//dynamixel_sdk/dynamixel_sdk.h
[2.392s] -- Up-to-date symlink: /home/alejo/turtlebot3_ws/install/dynamixel_sdk/include//dynamixel_sdk/group_bulk_read.h
[2.392s] -- Up-to-date symlink: /home/alejo/turtlebot3_ws/install/dynamixel_sdk/include//dynamixel_sdk/group_bulk_write.h
[2.393s] -- Up-to-date symlink: /home/alejo/turtlebot3_ws/install/dynamixel_sdk/include//dynamixel_sdk/group_sync_read.h
[2.393s] -- Up-to-date symlink: /home/alejo/turtlebot3_ws/install/dynamixel_sdk/include//dynamixel_sdk/group_sync_write.h
[2.393s] -- Up-to-date symlink: /home/alejo/turtlebot3_ws/install/dynamixel_sdk/include//dynamixel_sdk/packet_handler.h
[2.393s] -- Up-to-date symlink: /home/alejo/turtlebot3_ws/install/dynamixel_sdk/include//dynamixel_sdk/port_handler.h
[2.394s] -- Up-to-date symlink: /home/alejo/turtlebot3_ws/install/dynamixel_sdk/include//dynamixel_sdk/port_handler_arduino.h
[2.394s] -- Up-to-date symlink: /home/alejo/turtlebot3_ws/install/dynamixel_sdk/include//dynamixel_sdk/port_handler_linux.h
[2.394s] -- Up-to-date symlink: /home/alejo/turtlebot3_ws/install/dynamixel_sdk/include//dynamixel_sdk/port_handler_mac.h
[2.395s] -- Up-to-date symlink: /home/alejo/turtlebot3_ws/install/dynamixel_sdk/include//dynamixel_sdk/port_handler_windows.h
[2.395s] -- Up-to-date symlink: /home/alejo/turtlebot3_ws/install/dynamixel_sdk/include//dynamixel_sdk/protocol1_packet_handler.h
[2.395s] -- Up-to-date symlink: /home/alejo/turtlebot3_ws/install/dynamixel_sdk/include//dynamixel_sdk/protocol2_packet_handler.h
[2.398s] -- Up-to-date symlink: /home/alejo/turtlebot3_ws/install/dynamixel_sdk/lib/libdynamixel_sdk.so
[2.399s] -- Up-to-date symlink: /home/alejo/turtlebot3_ws/install/dynamixel_sdk/share/dynamixel_sdk/environment/library_path.sh
[2.399s] -- Up-to-date symlink: /home/alejo/turtlebot3_ws/install/dynamixel_sdk/share/dynamixel_sdk/environment/library_path.dsv
[2.399s] -- Up-to-date symlink: /home/alejo/turtlebot3_ws/install/dynamixel_sdk/share/ament_index/resource_index/package_run_dependencies/dynamixel_sdk
[2.401s] -- Up-to-date symlink: /home/alejo/turtlebot3_ws/install/dynamixel_sdk/share/ament_index/resource_index/parent_prefix_path/dynamixel_sdk
[2.404s] -- Up-to-date symlink: /home/alejo/turtlebot3_ws/install/dynamixel_sdk/share/dynamixel_sdk/environment/ament_prefix_path.sh
[2.404s] -- Up-to-date symlink: /home/alejo/turtlebot3_ws/install/dynamixel_sdk/share/dynamixel_sdk/environment/ament_prefix_path.dsv
[2.404s] -- Up-to-date symlink: /home/alejo/turtlebot3_ws/install/dynamixel_sdk/share/dynamixel_sdk/environment/path.sh
[2.404s] -- Up-to-date symlink: /home/alejo/turtlebot3_ws/install/dynamixel_sdk/share/dynamixel_sdk/environment/path.dsv
[2.406s] -- Up-to-date symlink: /home/alejo/turtlebot3_ws/install/dynamixel_sdk/share/dynamixel_sdk/local_setup.bash
[2.406s] -- Up-to-date symlink: /home/alejo/turtlebot3_ws/install/dynamixel_sdk/share/dynamixel_sdk/local_setup.sh
[2.406s] -- Up-to-date symlink: /home/alejo/turtlebot3_ws/install/dynamixel_sdk/share/dynamixel_sdk/local_setup.zsh
[2.406s] -- Up-to-date symlink: /home/alejo/turtlebot3_ws/install/dynamixel_sdk/share/dynamixel_sdk/local_setup.dsv
[2.406s] -- Symlinking: /home/alejo/turtlebot3_ws/install/dynamixel_sdk/share/dynamixel_sdk/package.dsv
[2.428s] -- Up-to-date symlink: /home/alejo/turtlebot3_ws/install/dynamixel_sdk/share/ament_index/resource_index/packages/dynamixel_sdk
[2.428s] -- Up-to-date symlink: /home/alejo/turtlebot3_ws/install/dynamixel_sdk/share/dynamixel_sdk/cmake/ament_cmake_export_include_directories-extras.cmake
[2.429s] -- Up-to-date symlink: /home/alejo/turtlebot3_ws/install/dynamixel_sdk/share/dynamixel_sdk/cmake/ament_cmake_export_libraries-extras.cmake
[2.430s] -- Up-to-date symlink: /home/alejo/turtlebot3_ws/install/dynamixel_sdk/share/dynamixel_sdk/cmake/dynamixel_sdkConfig.cmake
[2.431s] -- Up-to-date symlink: /home/alejo/turtlebot3_ws/install/dynamixel_sdk/share/dynamixel_sdk/cmake/dynamixel_sdkConfig-version.cmake
[2.432s] -- Up-to-date symlink: /home/alejo/turtlebot3_ws/install/dynamixel_sdk/share/dynamixel_sdk/package.xml
[3.120s] Invoked command in '/home/alejo/turtlebot3_ws/build/dynamixel_sdk' returned '0': CMAKE_PREFIX_PATH=${CMAKE_PREFIX_PATH}:/home/alejo/turtlebot3_ws/install/turtlebot3_teleop:/home/alejo/turtlebot3_ws/install/turtlebot3_example:/opt/ros/humble /usr/bin/cmake --install /home/alejo/turtlebot3_ws/build/dynamixel_sdk
