[7.400s] Invoking command in '/home/alejo/turtlebot3_ws/build/turtlebot3_example': PYTHONPATH=/home/alejo/turtlebot3_ws/build/turtlebot3_example/prefix_override:/home/alejo/turtlebot3_ws/install/turtlebot3_example/lib/python3.10/site-packages:${PYTHONPATH} /usr/bin/python3 setup.py develop --editable --build-directory /home/alejo/turtlebot3_ws/build/turtlebot3_example/build --no-deps install_data
[7.721s] running develop
[7.904s] running egg_info
[7.904s] creating turtlebot3_example.egg-info
[7.904s] writing turtlebot3_example.egg-info/PKG-INFO
[7.905s] writing dependency_links to turtlebot3_example.egg-info/dependency_links.txt
[7.906s] writing entry points to turtlebot3_example.egg-info/entry_points.txt
[7.906s] writing requirements to turtlebot3_example.egg-info/requires.txt
[7.906s] writing top-level names to turtlebot3_example.egg-info/top_level.txt
[7.906s] writing manifest file 'turtlebot3_example.egg-info/SOURCES.txt'
[7.909s] reading manifest file 'turtlebot3_example.egg-info/SOURCES.txt'
[7.910s] writing manifest file 'turtlebot3_example.egg-info/SOURCES.txt'
[7.911s] running build_ext
[7.911s] Creating /home/alejo/turtlebot3_ws/install/turtlebot3_example/lib/python3.10/site-packages/turtlebot3-example.egg-link (link to .)
[7.912s] Installing turtlebot3_obstacle_detection script to /home/alejo/turtlebot3_ws/install/turtlebot3_example/lib/turtlebot3_example
[7.912s] Installing turtlebot3_patrol_client script to /home/alejo/turtlebot3_ws/install/turtlebot3_example/lib/turtlebot3_example
[7.913s] Installing turtlebot3_patrol_server script to /home/alejo/turtlebot3_ws/install/turtlebot3_example/lib/turtlebot3_example
[7.913s] Installing turtlebot3_position_control script to /home/alejo/turtlebot3_ws/install/turtlebot3_example/lib/turtlebot3_example
[7.913s] 
[7.913s] Installed /home/alejo/turtlebot3_ws/build/turtlebot3_example
[7.913s] running install_data
[7.914s] creating /home/alejo/turtlebot3_ws/install/turtlebot3_example/share/ament_index
[7.914s] creating /home/alejo/turtlebot3_ws/install/turtlebot3_example/share/ament_index/resource_index
[7.914s] creating /home/alejo/turtlebot3_ws/install/turtlebot3_example/share/ament_index/resource_index/packages
[7.921s] copying resource/turtlebot3_example -> /home/alejo/turtlebot3_ws/install/turtlebot3_example/share/ament_index/resource_index/packages
[7.921s] copying package.xml -> /home/alejo/turtlebot3_ws/install/turtlebot3_example/share/turtlebot3_example
[7.977s] Invoked command in '/home/alejo/turtlebot3_ws/build/turtlebot3_example' returned '0': PYTHONPATH=/home/alejo/turtlebot3_ws/build/turtlebot3_example/prefix_override:/home/alejo/turtlebot3_ws/install/turtlebot3_example/lib/python3.10/site-packages:${PYTHONPATH} /usr/bin/python3 setup.py develop --editable --build-directory /home/alejo/turtlebot3_ws/build/turtlebot3_example/build --no-deps install_data
