[0.517s] Invoking command in '/home/alejo/turtlebot3_ws/build/turtlebot3_gazebo': CMAKE_PREFIX_PATH=${CMAKE_PREFIX_PATH}:/home/alejo/turtlebot3_ws/install/turtlebot3_teleop:/home/alejo/turtlebot3_ws/install/turtlebot3_example:/opt/ros/humble /usr/bin/cmake /home/alejo/turtlebot3_ws/src/turtlebot3_simulations/turtlebot3_gazebo -DCMAKE_INSTALL_PREFIX=/home/alejo/turtlebot3_ws/install/turtlebot3_gazebo
[0.622s] -- Found ament_cmake: 1.3.7 (/opt/ros/humble/share/ament_cmake/cmake)
[2.581s] -- Override CMake install command with custom implementation using symlinks instead of copying resources
[2.961s] [33mCMake Warning (dev) at /usr/share/cmake-3.22/Modules/FindPackageHandleStandardArgs.cmake:438 (message):
[2.961s]   The package name passed to `find_package_handle_standard_args` (PkgConfig)
[2.961s]   does not match the name of the calling package (gazebo).  This can lead to
[2.962s]   problems in calling code that expects `find_package` result variables
[2.962s]   (e.g., `_FOUND`) to follow a certain pattern.
[2.962s] Call Stack (most recent call first):
[2.962s]   /usr/share/cmake-3.22/Modules/FindPkgConfig.cmake:99 (find_package_handle_standard_args)
[2.963s]   /usr/lib/x86_64-linux-gnu/cmake/gazebo/gazebo-config.cmake:72 (include)
[2.963s]   CMakeLists.txt:23 (find_package)
[2.963s] This warning is for project developers.  Use -Wno-dev to suppress it.
[2.963s] [0m
[4.329s] -- Found DART: /usr/include (Required is at least version "6.6") found components: dart 
[7.316s] -- Found Protobuf: /usr/lib/x86_64-linux-gnu/libprotobuf.so (found version "3.12.4") 
[7.441s] -- Looking for ignition-math6 -- found version 6.15.1
[8.177s] -- Searching for dependencies of ignition-math6
[8.304s] -- Looking for OGRE...
[8.515s] -- Found Ogre Ghadamon (1.9.0)
[8.596s] -- Found OGRE: optimized;/usr/lib/x86_64-linux-gnu/libOgreMain.so;debug;/usr/lib/x86_64-linux-gnu/libOgreMain.so
[8.623s] -- Looking for OGRE_Paging...
[8.623s] -- Found OGRE_Paging: optimized;/usr/lib/x86_64-linux-gnu/libOgrePaging.so;debug;/usr/lib/x86_64-linux-gnu/libOgrePaging.so
[8.623s] -- Looking for OGRE_Terrain...
[8.624s] -- Found OGRE_Terrain: optimized;/usr/lib/x86_64-linux-gnu/libOgreTerrain.so;debug;/usr/lib/x86_64-linux-gnu/libOgreTerrain.so
[8.624s] -- Looking for OGRE_Property...
[8.624s] -- Found OGRE_Property: optimized;/usr/lib/x86_64-linux-gnu/libOgreProperty.so;debug;/usr/lib/x86_64-linux-gnu/libOgreProperty.so
[8.625s] -- Looking for OGRE_RTShaderSystem...
[8.625s] -- Found OGRE_RTShaderSystem: optimized;/usr/lib/x86_64-linux-gnu/libOgreRTShaderSystem.so;debug;/usr/lib/x86_64-linux-gnu/libOgreRTShaderSystem.so
[8.625s] -- Looking for OGRE_Volume...
[8.625s] -- Found OGRE_Volume: optimized;/usr/lib/x86_64-linux-gnu/libOgreVolume.so;debug;/usr/lib/x86_64-linux-gnu/libOgreVolume.so
[8.626s] -- Looking for OGRE_Overlay...
[8.626s] -- Found OGRE_Overlay: optimized;/usr/lib/x86_64-linux-gnu/libOgreOverlay.so;debug;/usr/lib/x86_64-linux-gnu/libOgreOverlay.so
[9.101s] -- Looking for ignition-math6 -- found version 6.15.1
[9.131s] -- Looking for ignition-transport8 -- found version 8.2.1
[9.132s] -- Searching for dependencies of ignition-transport8
[9.166s] -- Found Protobuf: /usr/lib/x86_64-linux-gnu/libprotobuf.so (found suitable version "3.12.4", minimum required is "3") 
[9.191s] -- Config-file not installed for ZeroMQ -- checking for pkg-config
[9.201s] -- Checking for module 'libzmq >= 4'
[9.462s] --   Found libzmq , version 4.3.4
[9.551s] -- Checking for module 'uuid'
[9.623s] --   Found uuid, version 2.37.2
[9.716s] -- Looking for ignition-msgs5 -- found version 5.8.1
[9.717s] -- Searching for dependencies of ignition-msgs5
[9.754s] -- Looking for ignition-math6 -- found version 6.15.1
[9.764s] -- Checking for module 'tinyxml2'
[9.826s] --   Found tinyxml2, version 9.0.0
[9.903s] -- Looking for ignition-msgs5 -- found version 5.8.1
[9.920s] -- Looking for ignition-common3 -- found version 3.14.0
[9.921s] -- Searching for dependencies of ignition-common3
[9.921s] -- Looking for dlfcn.h - found
[9.922s] -- Looking for libdl - found
[10.066s] -- Searching for <ignition-common3> component [graphics]
[10.078s] -- Looking for ignition-common3-graphics -- found version 3.14.0
[10.080s] -- Searching for dependencies of ignition-common3-graphics
[10.080s] -- Looking for ignition-math6 -- found version 6.15.1
[10.091s] -- Looking for ignition-fuel_tools4 -- found version 4.4.0
[10.093s] -- Searching for dependencies of ignition-fuel_tools4
[10.302s] -- Checking for module 'jsoncpp'
[10.335s] --   Found jsoncpp, version 1.9.5
[10.446s] -- Checking for module 'libzip'
[10.496s] --   Found libzip, version 1.7.3
[10.571s] -- Looking for ignition-common3 -- found version 3.14.0
[10.571s] -- Looking for ignition-math6 -- found version 6.15.1
[10.572s] -- Looking for ignition-msgs5 -- found version 5.8.1
[10.640s] -- Found gazebo_ros_pkgs: 3.7.0 (/opt/ros/humble/share/gazebo_ros_pkgs/cmake)
[10.951s] -- Found geometry_msgs: 4.2.3 (/opt/ros/humble/share/geometry_msgs/cmake)
[11.032s] -- Found rosidl_generator_c: 3.1.5 (/opt/ros/humble/share/rosidl_generator_c/cmake)
[11.036s] -- Found rosidl_adapter: 3.1.5 (/opt/ros/humble/share/rosidl_adapter/cmake)
[11.047s] -- Found rosidl_generator_cpp: 3.1.5 (/opt/ros/humble/share/rosidl_generator_cpp/cmake)
[11.064s] -- Using all available rosidl_typesupport_c: rosidl_typesupport_fastrtps_c;rosidl_typesupport_introspection_c
[11.087s] -- Using all available rosidl_typesupport_cpp: rosidl_typesupport_fastrtps_cpp;rosidl_typesupport_introspection_cpp
[11.388s] -- Found nav_msgs: 4.2.3 (/opt/ros/humble/share/nav_msgs/cmake)
[11.650s] -- Found rclcpp: 16.0.8 (/opt/ros/humble/share/rclcpp/cmake)
[11.846s] -- Found rmw_implementation_cmake: 6.1.1 (/opt/ros/humble/share/rmw_implementation_cmake/cmake)
[11.874s] -- Found rmw_fastrtps_cpp: 6.2.6 (/opt/ros/humble/share/rmw_fastrtps_cpp/cmake)
[12.504s] -- Using RMW implementation 'rmw_fastrtps_cpp' as default
[12.932s] -- Found sensor_msgs: 4.2.3 (/opt/ros/humble/share/sensor_msgs/cmake)
[13.185s] -- Found tf2: 0.25.5 (/opt/ros/humble/share/tf2/cmake)
[13.654s] -- Configuring done
[15.328s] -- Generating done
[15.338s] -- Build files have been written to: /home/alejo/turtlebot3_ws/build/turtlebot3_gazebo
