[2.826s] Invoking command in '/home/alejo/turtlebot3_ws/src/turtlebot3/turtlebot3_teleop': PYTHONPATH=/home/alejo/turtlebot3_ws/build/turtlebot3_teleop/prefix_override:/home/alejo/turtlebot3_ws/install/turtlebot3_teleop/lib/python3.10/site-packages:${PYTHONPATH} /usr/bin/python3 setup.py egg_info --egg-base ../../../build/turtlebot3_teleop build --build-base /home/alejo/turtlebot3_ws/build/turtlebot3_teleop/build install --record /home/alejo/turtlebot3_ws/build/turtlebot3_teleop/install.log --single-version-externally-managed
[3.391s] running egg_info
[3.393s] writing ../../../build/turtlebot3_teleop/turtlebot3_teleop.egg-info/PKG-INFO
[3.394s] writing dependency_links to ../../../build/turtlebot3_teleop/turtlebot3_teleop.egg-info/dependency_links.txt
[3.396s] writing entry points to ../../../build/turtlebot3_teleop/turtlebot3_teleop.egg-info/entry_points.txt
[3.396s] writing requirements to ../../../build/turtlebot3_teleop/turtlebot3_teleop.egg-info/requires.txt
[3.398s] writing top-level names to ../../../build/turtlebot3_teleop/turtlebot3_teleop.egg-info/top_level.txt
[3.400s] reading manifest file '../../../build/turtlebot3_teleop/turtlebot3_teleop.egg-info/SOURCES.txt'
[3.401s] writing manifest file '../../../build/turtlebot3_teleop/turtlebot3_teleop.egg-info/SOURCES.txt'
[3.402s] running build
[3.402s] running build_py
[3.402s] running install
[3.403s] running install_lib
[3.408s] running install_data
[3.408s] running install_egg_info
[3.412s] removing '/home/alejo/turtlebot3_ws/install/turtlebot3_teleop/lib/python3.10/site-packages/turtlebot3_teleop-2.1.5-py3.10.egg-info' (and everything under it)
[3.412s] Copying ../../../build/turtlebot3_teleop/turtlebot3_teleop.egg-info to /home/alejo/turtlebot3_ws/install/turtlebot3_teleop/lib/python3.10/site-packages/turtlebot3_teleop-2.1.5-py3.10.egg-info
[3.412s] running install_scripts
[3.459s] Installing teleop_keyboard script to /home/alejo/turtlebot3_ws/install/turtlebot3_teleop/lib/turtlebot3_teleop
[3.460s] writing list of installed files to '/home/alejo/turtlebot3_ws/build/turtlebot3_teleop/install.log'
[4.150s] Invoked command in '/home/alejo/turtlebot3_ws/src/turtlebot3/turtlebot3_teleop' returned '0': PYTHONPATH=/home/alejo/turtlebot3_ws/build/turtlebot3_teleop/prefix_override:/home/alejo/turtlebot3_ws/install/turtlebot3_teleop/lib/python3.10/site-packages:${PYTHONPATH} /usr/bin/python3 setup.py egg_info --egg-base ../../../build/turtlebot3_teleop build --build-base /home/alejo/turtlebot3_ws/build/turtlebot3_teleop/build install --record /home/alejo/turtlebot3_ws/build/turtlebot3_teleop/install.log --single-version-externally-managed
