[0.071s] Invoking command in '/home/alejo/turtlebot3_ws/build/turtlebot3_gazebo': CMAKE_PREFIX_PATH=/opt/ros/humble /usr/bin/cmake /home/alejo/turtlebot3_ws/src/turtlebot3_simulations/turtlebot3_gazebo -DAMENT_CMAKE_SYMLINK_INSTALL=1 -DCMAKE_INSTALL_PREFIX=/home/alejo/turtlebot3_ws/install/turtlebot3_gazebo
[0.248s] -- The C compiler identification is GNU 11.4.0
[0.383s] -- The CXX compiler identification is GNU 11.4.0
[0.403s] -- Detecting C compiler ABI info
[0.570s] -- Detecting C compiler ABI info - done
[0.581s] -- Check for working C compiler: /usr/bin/cc - skipped
[0.581s] -- Detecting C compile features
[0.581s] -- Detecting C compile features - done
[0.585s] -- Detecting CXX compiler ABI info
[0.734s] -- Detecting CXX compiler ABI info - done
[0.742s] -- Check for working CXX compiler: /usr/bin/c++ - skipped
[0.743s] -- Detecting CXX compile features
[0.743s] -- Detecting CXX compile features - done
[0.746s] -- Found ament_cmake: 1.3.7 (/opt/ros/humble/share/ament_cmake/cmake)
[1.052s] -- Found Python3: /usr/bin/python3.10 (found version "3.10.12") found components: Interpreter 
[1.123s] -- Override CMake install command with custom implementation using symlinks instead of copying resources
[1.391s] [33mCMake Warning (dev) at /usr/share/cmake-3.22/Modules/FindPackageHandleStandardArgs.cmake:438 (message):
[1.391s]   The package name passed to `find_package_handle_standard_args` (PkgConfig)
[1.391s]   does not match the name of the calling package (gazebo).  This can lead to
[1.391s]   problems in calling code that expects `find_package` result variables
[1.392s]   (e.g., `_FOUND`) to follow a certain pattern.
[1.392s] Call Stack (most recent call first):
[1.392s]   /usr/share/cmake-3.22/Modules/FindPkgConfig.cmake:99 (find_package_handle_standard_args)
[1.392s]   /usr/lib/x86_64-linux-gnu/cmake/gazebo/gazebo-config.cmake:72 (include)
[1.392s]   CMakeLists.txt:23 (find_package)
[1.393s] This warning is for project developers.  Use -Wno-dev to suppress it.
[1.393s] [0m
[1.393s] -- Found PkgConfig: /usr/bin/pkg-config (found version "0.29.2") 
[1.445s] -- Checking for module 'bullet>=2.82'
[1.531s] --   Found bullet, version 3.05
[2.269s] -- Found fcl: /usr/include (found suitable version "0.7.0", minimum required is "0.5.0") 
[2.633s] -- Found assimp: /usr/include (found version "5.2.0") 
[2.879s] -- Found DART: /usr/include (Required is at least version "6.6") found components: dart 
[3.425s] -- Found Boost: /usr/lib/x86_64-linux-gnu/cmake/Boost-1.74.0/BoostConfig.cmake (found suitable version "1.74.0", minimum required is "1.40.0") found components: thread system filesystem program_options regex iostreams date_time 
[3.576s] -- Found Protobuf: /usr/lib/x86_64-linux-gnu/libprotobuf.so (found version "3.12.4") 
[3.649s] -- Looking for ignition-math6 -- found version 6.15.1
[3.744s] -- Searching for dependencies of ignition-math6
[3.761s] -- Looking for OGRE...
[3.762s] -- OGRE_PREFIX_WATCH changed.
[3.777s] -- Checking for module 'OGRE'
[3.815s] --   Found OGRE, version 1.9.0
[3.946s] -- Found Ogre Ghadamon (1.9.0)
[3.987s] -- Found OGRE: optimized;/usr/lib/x86_64-linux-gnu/libOgreMain.so;debug;/usr/lib/x86_64-linux-gnu/libOgreMain.so
[4.017s] -- Looking for OGRE_Paging...
[4.025s] -- Found OGRE_Paging: optimized;/usr/lib/x86_64-linux-gnu/libOgrePaging.so;debug;/usr/lib/x86_64-linux-gnu/libOgrePaging.so
[4.025s] -- Looking for OGRE_Terrain...
[4.031s] -- Found OGRE_Terrain: optimized;/usr/lib/x86_64-linux-gnu/libOgreTerrain.so;debug;/usr/lib/x86_64-linux-gnu/libOgreTerrain.so
[4.031s] -- Looking for OGRE_Property...
[4.038s] -- Found OGRE_Property: optimized;/usr/lib/x86_64-linux-gnu/libOgreProperty.so;debug;/usr/lib/x86_64-linux-gnu/libOgreProperty.so
[4.038s] -- Looking for OGRE_RTShaderSystem...
[4.044s] -- Found OGRE_RTShaderSystem: optimized;/usr/lib/x86_64-linux-gnu/libOgreRTShaderSystem.so;debug;/usr/lib/x86_64-linux-gnu/libOgreRTShaderSystem.so
[4.044s] -- Looking for OGRE_Volume...
[4.050s] -- Found OGRE_Volume: optimized;/usr/lib/x86_64-linux-gnu/libOgreVolume.so;debug;/usr/lib/x86_64-linux-gnu/libOgreVolume.so
[4.051s] -- Looking for OGRE_Overlay...
[4.056s] -- Found OGRE_Overlay: optimized;/usr/lib/x86_64-linux-gnu/libOgreOverlay.so;debug;/usr/lib/x86_64-linux-gnu/libOgreOverlay.so
[4.186s] -- Looking for ignition-math6 -- found version 6.15.1
[4.223s] -- Looking for ignition-transport8 -- found version 8.2.1
[4.223s] -- Searching for dependencies of ignition-transport8
[4.251s] -- Found Protobuf: /usr/lib/x86_64-linux-gnu/libprotobuf.so (found suitable version "3.12.4", minimum required is "3") 
[4.266s] -- Config-file not installed for ZeroMQ -- checking for pkg-config
[4.274s] -- Checking for module 'libzmq >= 4'
[4.405s] --   Found libzmq , version 4.3.4
[4.525s] -- Found ZeroMQ: TRUE (Required is at least version "4") 
[4.558s] -- Checking for module 'uuid'
[4.603s] --   Found uuid, version 2.37.2
[4.691s] -- Found UUID: TRUE  
[4.710s] -- Looking for ignition-msgs5 -- found version 5.8.1
[4.711s] -- Searching for dependencies of ignition-msgs5
[4.768s] -- Looking for ignition-math6 -- found version 6.15.1
[4.777s] -- Checking for module 'tinyxml2'
[4.816s] --   Found tinyxml2, version 9.0.0
[4.939s] -- Looking for ignition-msgs5 -- found version 5.8.1
[4.970s] -- Looking for ignition-common3 -- found version 3.14.0
[4.971s] -- Searching for dependencies of ignition-common3
[4.972s] -- Looking for dlfcn.h - found
[4.973s] -- Looking for libdl - found
[4.975s] -- Found DL: TRUE  
[5.011s] -- Found tinyobjloader: /usr/lib/x86_64-linux-gnu/cmake/tinyobjloader/tinyobjloader-config.cmake (found version "2.0.0") 
[5.012s] -- Searching for <ignition-common3> component [graphics]
[5.021s] -- Looking for ignition-common3-graphics -- found version 3.14.0
[5.022s] -- Searching for dependencies of ignition-common3-graphics
[5.022s] -- Looking for ignition-math6 -- found version 6.15.1
[5.034s] -- Looking for ignition-fuel_tools4 -- found version 4.4.0
[5.034s] -- Searching for dependencies of ignition-fuel_tools4
[5.206s] -- Found CURL: /usr/lib/x86_64-linux-gnu/libcurl.so (found version "7.81.0")  
[5.414s] -- Checking for module 'jsoncpp'
[5.450s] --   Found jsoncpp, version 1.9.5
[5.529s] -- Found JSONCPP: TRUE  
[5.546s] -- Checking for module 'libzip'
[5.632s] --   Found libzip, version 1.7.3
[5.735s] -- Found ZIP: TRUE  
[5.736s] -- Looking for ignition-common3 -- found version 3.14.0
[5.737s] -- Looking for ignition-math6 -- found version 6.15.1
[5.738s] -- Looking for ignition-msgs5 -- found version 5.8.1
[5.834s] -- Found gazebo_ros_pkgs: 3.7.0 (/opt/ros/humble/share/gazebo_ros_pkgs/cmake)
[5.840s] -- Found geometry_msgs: 4.2.3 (/opt/ros/humble/share/geometry_msgs/cmake)
[5.920s] -- Found rosidl_generator_c: 3.1.5 (/opt/ros/humble/share/rosidl_generator_c/cmake)
[5.926s] -- Found rosidl_adapter: 3.1.5 (/opt/ros/humble/share/rosidl_adapter/cmake)
[5.936s] -- Found rosidl_generator_cpp: 3.1.5 (/opt/ros/humble/share/rosidl_generator_cpp/cmake)
[5.953s] -- Using all available rosidl_typesupport_c: rosidl_typesupport_fastrtps_c;rosidl_typesupport_introspection_c
[5.977s] -- Using all available rosidl_typesupport_cpp: rosidl_typesupport_fastrtps_cpp;rosidl_typesupport_introspection_cpp
[6.119s] -- Found nav_msgs: 4.2.3 (/opt/ros/humble/share/nav_msgs/cmake)
[6.217s] -- Found rclcpp: 16.0.8 (/opt/ros/humble/share/rclcpp/cmake)
[6.288s] -- Found rmw_implementation_cmake: 6.1.1 (/opt/ros/humble/share/rmw_implementation_cmake/cmake)
[6.291s] -- Found rmw_fastrtps_cpp: 6.2.6 (/opt/ros/humble/share/rmw_fastrtps_cpp/cmake)
[6.483s] -- Found OpenSSL: /usr/lib/x86_64-linux-gnu/libcrypto.so (found version "3.0.2")  
[6.518s] -- Found FastRTPS: /opt/ros/humble/include  
[6.584s] -- Using RMW implementation 'rmw_fastrtps_cpp' as default
[6.596s] -- Found Threads: TRUE  
[6.749s] -- Found sensor_msgs: 4.2.3 (/opt/ros/humble/share/sensor_msgs/cmake)
[6.847s] -- Found tf2: 0.25.5 (/opt/ros/humble/share/tf2/cmake)
[6.950s] -- Configuring done
[8.068s] -- Generating done
[8.076s] -- Build files have been written to: /home/alejo/turtlebot3_ws/build/turtlebot3_gazebo
[8.102s] Invoked command in '/home/alejo/turtlebot3_ws/build/turtlebot3_gazebo' returned '0': CMAKE_PREFIX_PATH=/opt/ros/humble /usr/bin/cmake /home/alejo/turtlebot3_ws/src/turtlebot3_simulations/turtlebot3_gazebo -DAMENT_CMAKE_SYMLINK_INSTALL=1 -DCMAKE_INSTALL_PREFIX=/home/alejo/turtlebot3_ws/install/turtlebot3_gazebo
[8.104s] Invoking command in '/home/alejo/turtlebot3_ws/build/turtlebot3_gazebo': CMAKE_PREFIX_PATH=/opt/ros/humble /usr/bin/cmake --build /home/alejo/turtlebot3_ws/build/turtlebot3_gazebo -- -j8 -l8
[8.219s] [ 12%] [32mBuilding CXX object CMakeFiles/obstacle1.dir/models/turtlebot3_dqn_world/obstacle_plugin/obstacle1.cc.o[0m
[8.227s] [ 25%] [32mBuilding CXX object CMakeFiles/obstacles.dir/models/turtlebot3_dqn_world/obstacle_plugin/obstacles.cc.o[0m
[8.227s] [ 37%] [32mBuilding CXX object CMakeFiles/turtlebot3_drive.dir/src/turtlebot3_drive.cpp.o[0m
[8.232s] [ 50%] [32mBuilding CXX object CMakeFiles/obstacle2.dir/models/turtlebot3_dqn_world/obstacle_plugin/obstacle2.cc.o[0m
[23.565s] [ 62%] [32m[1mLinking CXX executable turtlebot3_drive[0m
[24.569s] [ 62%] Built target turtlebot3_drive
[34.928s] [ 75%] [32m[1mLinking CXX shared library libobstacle2.so[0m
[34.968s] [ 87%] [32m[1mLinking CXX shared library libobstacles.so[0m
[34.983s] [100%] [32m[1mLinking CXX shared library libobstacle1.so[0m
[38.600s] [100%] Built target obstacle1
[38.619s] [100%] Built target obstacles
[38.623s] [100%] Built target obstacle2
[38.643s] Invoked command in '/home/alejo/turtlebot3_ws/build/turtlebot3_gazebo' returned '0': CMAKE_PREFIX_PATH=/opt/ros/humble /usr/bin/cmake --build /home/alejo/turtlebot3_ws/build/turtlebot3_gazebo -- -j8 -l8
[38.718s] Invoking command in '/home/alejo/turtlebot3_ws/build/turtlebot3_gazebo': CMAKE_PREFIX_PATH=/opt/ros/humble /usr/bin/cmake --install /home/alejo/turtlebot3_ws/build/turtlebot3_gazebo
[38.729s] -- Install configuration: ""
[38.729s] -- Execute custom install script
[38.730s] -- Symlinking: /home/alejo/turtlebot3_ws/install/turtlebot3_gazebo/lib/turtlebot3_gazebo/turtlebot3_drive
[38.963s] -- Symlinking: /home/alejo/turtlebot3_ws/install/turtlebot3_gazebo/share/turtlebot3_gazebo//launch/empty_world.launch.py
[38.989s] -- Symlinking: /home/alejo/turtlebot3_ws/install/turtlebot3_gazebo/share/turtlebot3_gazebo//launch/robot_state_publisher.launch.py
[39.014s] -- Symlinking: /home/alejo/turtlebot3_ws/install/turtlebot3_gazebo/share/turtlebot3_gazebo//launch/spawn_turtlebot3.launch.py
[39.038s] -- Symlinking: /home/alejo/turtlebot3_ws/install/turtlebot3_gazebo/share/turtlebot3_gazebo//launch/turtlebot3_dqn_stage1.launch.py
[39.063s] -- Symlinking: /home/alejo/turtlebot3_ws/install/turtlebot3_gazebo/share/turtlebot3_gazebo//launch/turtlebot3_dqn_stage2.launch.py
[39.075s] -- Symlinking: /home/alejo/turtlebot3_ws/install/turtlebot3_gazebo/share/turtlebot3_gazebo//launch/turtlebot3_dqn_stage3.launch.py
[39.087s] -- Symlinking: /home/alejo/turtlebot3_ws/install/turtlebot3_gazebo/share/turtlebot3_gazebo//launch/turtlebot3_dqn_stage4.launch.py
[39.112s] -- Symlinking: /home/alejo/turtlebot3_ws/install/turtlebot3_gazebo/share/turtlebot3_gazebo//launch/turtlebot3_house.launch.py
[39.127s] -- Symlinking: /home/alejo/turtlebot3_ws/install/turtlebot3_gazebo/share/turtlebot3_gazebo//launch/turtlebot3_world.launch.py
[39.179s] -- Symlinking: /home/alejo/turtlebot3_ws/install/turtlebot3_gazebo/share/turtlebot3_gazebo//models/turtlebot3_burger/model-1_4.sdf
[39.192s] -- Symlinking: /home/alejo/turtlebot3_ws/install/turtlebot3_gazebo/share/turtlebot3_gazebo//models/turtlebot3_burger/model.config
[39.204s] -- Symlinking: /home/alejo/turtlebot3_ws/install/turtlebot3_gazebo/share/turtlebot3_gazebo//models/turtlebot3_burger/model.sdf
[39.230s] -- Symlinking: /home/alejo/turtlebot3_ws/install/turtlebot3_gazebo/share/turtlebot3_gazebo//models/turtlebot3_common/meshes/burger_base.dae
[39.244s] -- Symlinking: /home/alejo/turtlebot3_ws/install/turtlebot3_gazebo/share/turtlebot3_gazebo//models/turtlebot3_common/meshes/lds.dae
[39.255s] -- Symlinking: /home/alejo/turtlebot3_ws/install/turtlebot3_gazebo/share/turtlebot3_gazebo//models/turtlebot3_common/meshes/r200.dae
[39.267s] -- Symlinking: /home/alejo/turtlebot3_ws/install/turtlebot3_gazebo/share/turtlebot3_gazebo//models/turtlebot3_common/meshes/tire.dae
[39.280s] -- Symlinking: /home/alejo/turtlebot3_ws/install/turtlebot3_gazebo/share/turtlebot3_gazebo//models/turtlebot3_common/meshes/waffle_base.dae
[39.292s] -- Symlinking: /home/alejo/turtlebot3_ws/install/turtlebot3_gazebo/share/turtlebot3_gazebo//models/turtlebot3_common/meshes/waffle_pi_base.dae
[39.304s] -- Symlinking: /home/alejo/turtlebot3_ws/install/turtlebot3_gazebo/share/turtlebot3_gazebo//models/turtlebot3_common/model.config
[39.316s] -- Symlinking: /home/alejo/turtlebot3_ws/install/turtlebot3_gazebo/share/turtlebot3_gazebo//models/turtlebot3_dqn_world/goal_box/model.config
[39.328s] -- Symlinking: /home/alejo/turtlebot3_ws/install/turtlebot3_gazebo/share/turtlebot3_gazebo//models/turtlebot3_dqn_world/goal_box/model.sdf
[39.354s] -- Symlinking: /home/alejo/turtlebot3_ws/install/turtlebot3_gazebo/share/turtlebot3_gazebo//models/turtlebot3_dqn_world/inner_walls/model.config
[39.368s] -- Symlinking: /home/alejo/turtlebot3_ws/install/turtlebot3_gazebo/share/turtlebot3_gazebo//models/turtlebot3_dqn_world/inner_walls/model.sdf
[39.380s] -- Symlinking: /home/alejo/turtlebot3_ws/install/turtlebot3_gazebo/share/turtlebot3_gazebo//models/turtlebot3_dqn_world/model.config
[39.392s] -- Symlinking: /home/alejo/turtlebot3_ws/install/turtlebot3_gazebo/share/turtlebot3_gazebo//models/turtlebot3_dqn_world/model.sdf
[39.403s] -- Symlinking: /home/alejo/turtlebot3_ws/install/turtlebot3_gazebo/share/turtlebot3_gazebo//models/turtlebot3_dqn_world/obstacle1/model.config
[39.416s] -- Symlinking: /home/alejo/turtlebot3_ws/install/turtlebot3_gazebo/share/turtlebot3_gazebo//models/turtlebot3_dqn_world/obstacle1/model.sdf
[39.428s] -- Symlinking: /home/alejo/turtlebot3_ws/install/turtlebot3_gazebo/share/turtlebot3_gazebo//models/turtlebot3_dqn_world/obstacle2/model.config
[39.454s] -- Symlinking: /home/alejo/turtlebot3_ws/install/turtlebot3_gazebo/share/turtlebot3_gazebo//models/turtlebot3_dqn_world/obstacle2/model.sdf
[39.480s] -- Symlinking: /home/alejo/turtlebot3_ws/install/turtlebot3_gazebo/share/turtlebot3_gazebo//models/turtlebot3_dqn_world/obstacle_plugin/CMakeLists.txt
[39.506s] -- Symlinking: /home/alejo/turtlebot3_ws/install/turtlebot3_gazebo/share/turtlebot3_gazebo//models/turtlebot3_dqn_world/obstacle_plugin/obstacle1.cc
[39.532s] -- Symlinking: /home/alejo/turtlebot3_ws/install/turtlebot3_gazebo/share/turtlebot3_gazebo//models/turtlebot3_dqn_world/obstacle_plugin/obstacle2.cc
[39.557s] -- Symlinking: /home/alejo/turtlebot3_ws/install/turtlebot3_gazebo/share/turtlebot3_gazebo//models/turtlebot3_dqn_world/obstacle_plugin/obstacles.cc
[39.573s] -- Symlinking: /home/alejo/turtlebot3_ws/install/turtlebot3_gazebo/share/turtlebot3_gazebo//models/turtlebot3_dqn_world/obstacles/model.config
[39.585s] -- Symlinking: /home/alejo/turtlebot3_ws/install/turtlebot3_gazebo/share/turtlebot3_gazebo//models/turtlebot3_dqn_world/obstacles/model.sdf
[39.597s] -- Symlinking: /home/alejo/turtlebot3_ws/install/turtlebot3_gazebo/share/turtlebot3_gazebo//models/turtlebot3_house/model.config
[39.609s] -- Symlinking: /home/alejo/turtlebot3_ws/install/turtlebot3_gazebo/share/turtlebot3_gazebo//models/turtlebot3_house/model.sdf
[39.621s] -- Symlinking: /home/alejo/turtlebot3_ws/install/turtlebot3_gazebo/share/turtlebot3_gazebo//models/turtlebot3_waffle/model-1_4.sdf
[39.633s] -- Symlinking: /home/alejo/turtlebot3_ws/install/turtlebot3_gazebo/share/turtlebot3_gazebo//models/turtlebot3_waffle/model.config
[39.646s] -- Symlinking: /home/alejo/turtlebot3_ws/install/turtlebot3_gazebo/share/turtlebot3_gazebo//models/turtlebot3_waffle/model.sdf
[39.674s] -- Symlinking: /home/alejo/turtlebot3_ws/install/turtlebot3_gazebo/share/turtlebot3_gazebo//models/turtlebot3_waffle_pi/model-1_4_.sdf
[39.700s] -- Symlinking: /home/alejo/turtlebot3_ws/install/turtlebot3_gazebo/share/turtlebot3_gazebo//models/turtlebot3_waffle_pi/model.config
[39.726s] -- Symlinking: /home/alejo/turtlebot3_ws/install/turtlebot3_gazebo/share/turtlebot3_gazebo//models/turtlebot3_waffle_pi/model.sdf
[39.751s] -- Symlinking: /home/alejo/turtlebot3_ws/install/turtlebot3_gazebo/share/turtlebot3_gazebo//models/turtlebot3_world/meshes/hexagon.dae
[39.770s] -- Symlinking: /home/alejo/turtlebot3_ws/install/turtlebot3_gazebo/share/turtlebot3_gazebo//models/turtlebot3_world/meshes/wall.dae
[39.796s] -- Symlinking: /home/alejo/turtlebot3_ws/install/turtlebot3_gazebo/share/turtlebot3_gazebo//models/turtlebot3_world/model-1_4.sdf
[39.823s] -- Symlinking: /home/alejo/turtlebot3_ws/install/turtlebot3_gazebo/share/turtlebot3_gazebo//models/turtlebot3_world/model.config
[39.848s] -- Symlinking: /home/alejo/turtlebot3_ws/install/turtlebot3_gazebo/share/turtlebot3_gazebo//models/turtlebot3_world/model.sdf
[39.876s] -- Symlinking: /home/alejo/turtlebot3_ws/install/turtlebot3_gazebo/share/turtlebot3_gazebo//rviz/tb3_gazebo.rviz
[39.902s] -- Symlinking: /home/alejo/turtlebot3_ws/install/turtlebot3_gazebo/share/turtlebot3_gazebo//urdf/common_properties.urdf
[39.927s] -- Symlinking: /home/alejo/turtlebot3_ws/install/turtlebot3_gazebo/share/turtlebot3_gazebo//urdf/turtlebot3_burger.urdf
[39.951s] -- Symlinking: /home/alejo/turtlebot3_ws/install/turtlebot3_gazebo/share/turtlebot3_gazebo//urdf/turtlebot3_waffle.urdf
[39.971s] -- Symlinking: /home/alejo/turtlebot3_ws/install/turtlebot3_gazebo/share/turtlebot3_gazebo//urdf/turtlebot3_waffle_pi.urdf
[39.984s] -- Symlinking: /home/alejo/turtlebot3_ws/install/turtlebot3_gazebo/share/turtlebot3_gazebo//worlds/empty_world.world
[39.996s] -- Symlinking: /home/alejo/turtlebot3_ws/install/turtlebot3_gazebo/share/turtlebot3_gazebo//worlds/turtlebot3_dqn_stage1.world
[40.008s] -- Symlinking: /home/alejo/turtlebot3_ws/install/turtlebot3_gazebo/share/turtlebot3_gazebo//worlds/turtlebot3_dqn_stage2.world
[40.020s] -- Symlinking: /home/alejo/turtlebot3_ws/install/turtlebot3_gazebo/share/turtlebot3_gazebo//worlds/turtlebot3_dqn_stage3.world
[40.047s] -- Symlinking: /home/alejo/turtlebot3_ws/install/turtlebot3_gazebo/share/turtlebot3_gazebo//worlds/turtlebot3_dqn_stage4.world
[40.074s] -- Symlinking: /home/alejo/turtlebot3_ws/install/turtlebot3_gazebo/share/turtlebot3_gazebo//worlds/turtlebot3_house.world
[40.087s] -- Symlinking: /home/alejo/turtlebot3_ws/install/turtlebot3_gazebo/share/turtlebot3_gazebo//worlds/turtlebot3_world.world
[40.099s] -- Symlinking: /home/alejo/turtlebot3_ws/install/turtlebot3_gazebo/include//turtlebot3_gazebo/turtlebot3_drive.hpp
[40.111s] -- Symlinking: /home/alejo/turtlebot3_ws/install/turtlebot3_gazebo/share/ament_index/resource_index/package_run_dependencies/turtlebot3_gazebo
[40.137s] -- Symlinking: /home/alejo/turtlebot3_ws/install/turtlebot3_gazebo/share/ament_index/resource_index/parent_prefix_path/turtlebot3_gazebo
[40.166s] -- Symlinking: /home/alejo/turtlebot3_ws/install/turtlebot3_gazebo/share/turtlebot3_gazebo/environment/ament_prefix_path.sh
[40.181s] -- Symlinking: /home/alejo/turtlebot3_ws/install/turtlebot3_gazebo/share/turtlebot3_gazebo/environment/ament_prefix_path.dsv
[40.193s] -- Symlinking: /home/alejo/turtlebot3_ws/install/turtlebot3_gazebo/share/turtlebot3_gazebo/environment/path.sh
[40.205s] -- Symlinking: /home/alejo/turtlebot3_ws/install/turtlebot3_gazebo/share/turtlebot3_gazebo/environment/path.dsv
[40.217s] -- Symlinking: /home/alejo/turtlebot3_ws/install/turtlebot3_gazebo/share/turtlebot3_gazebo/local_setup.bash
[40.229s] -- Symlinking: /home/alejo/turtlebot3_ws/install/turtlebot3_gazebo/share/turtlebot3_gazebo/local_setup.sh
[40.242s] -- Symlinking: /home/alejo/turtlebot3_ws/install/turtlebot3_gazebo/share/turtlebot3_gazebo/local_setup.zsh
[40.254s] -- Symlinking: /home/alejo/turtlebot3_ws/install/turtlebot3_gazebo/share/turtlebot3_gazebo/local_setup.dsv
[40.267s] -- Symlinking: /home/alejo/turtlebot3_ws/install/turtlebot3_gazebo/share/turtlebot3_gazebo/package.dsv
[40.279s] -- Symlinking: /home/alejo/turtlebot3_ws/install/turtlebot3_gazebo/share/ament_index/resource_index/packages/turtlebot3_gazebo
[40.291s] -- Symlinking: /home/alejo/turtlebot3_ws/install/turtlebot3_gazebo/share/turtlebot3_gazebo/cmake/ament_cmake_export_include_directories-extras.cmake
[40.304s] -- Symlinking: /home/alejo/turtlebot3_ws/install/turtlebot3_gazebo/share/turtlebot3_gazebo/cmake/ament_cmake_export_dependencies-extras.cmake
[40.317s] -- Symlinking: /home/alejo/turtlebot3_ws/install/turtlebot3_gazebo/share/turtlebot3_gazebo/cmake/turtlebot3_gazeboConfig.cmake
[40.342s] -- Symlinking: /home/alejo/turtlebot3_ws/install/turtlebot3_gazebo/share/turtlebot3_gazebo/cmake/turtlebot3_gazeboConfig-version.cmake
[40.356s] -- Symlinking: /home/alejo/turtlebot3_ws/install/turtlebot3_gazebo/share/turtlebot3_gazebo/package.xml
[40.388s] Invoked command in '/home/alejo/turtlebot3_ws/build/turtlebot3_gazebo' returned '0': CMAKE_PREFIX_PATH=/opt/ros/humble /usr/bin/cmake --install /home/alejo/turtlebot3_ws/build/turtlebot3_gazebo
