[0.632s] Invoking command in '/home/alejo/turtlebot3_ws/build/turtlebot3_fake_node': CMAKE_PREFIX_PATH=/home/alejo/turtlebot3_ws/install/turtlebot3_msgs:/home/alejo/turtlebot3_ws/install/turtlebot3:/home/alejo/turtlebot3_ws/install/turtlebot3_simulations:/home/alejo/turtlebot3_ws/install/turtlebot3_bringup:/home/alejo/turtlebot3_ws/install/turtlebot3_node:/home/alejo/turtlebot3_ws/install/turtlebot3_navigation2:/home/alejo/turtlebot3_ws/install/turtlebot3_fake_node:/home/alejo/turtlebot3_ws/install/turtlebot3_gazebo:/home/alejo/turtlebot3_ws/install/turtlebot3_description:/home/alejo/turtlebot3_ws/install/turtlebot3_cartographer:/home/alejo/turtlebot3_ws/install/dynamixel_sdk_examples:/home/alejo/turtlebot3_ws/install/dynamixel_sdk_custom_interfaces:/home/alejo/turtlebot3_ws/install/dynamixel_sdk:/home/alejo/turtlebot3_ws/install/turtlebot3_teleop:/home/alejo/turtlebot3_ws/install/turtlebot3_example:/opt/ros/humble /usr/bin/cmake --build /home/alejo/turtlebot3_ws/build/turtlebot3_fake_node -- -j8 -l8
[0.734s] [100%] Built target turtlebot3_fake_node
[0.803s] Invoked command in '/home/alejo/turtlebot3_ws/build/turtlebot3_fake_node' returned '0': CMAKE_PREFIX_PATH=/home/alejo/turtlebot3_ws/install/turtlebot3_msgs:/home/alejo/turtlebot3_ws/install/turtlebot3:/home/alejo/turtlebot3_ws/install/turtlebot3_simulations:/home/alejo/turtlebot3_ws/install/turtlebot3_bringup:/home/alejo/turtlebot3_ws/install/turtlebot3_node:/home/alejo/turtlebot3_ws/install/turtlebot3_navigation2:/home/alejo/turtlebot3_ws/install/turtlebot3_fake_node:/home/alejo/turtlebot3_ws/install/turtlebot3_gazebo:/home/alejo/turtlebot3_ws/install/turtlebot3_description:/home/alejo/turtlebot3_ws/install/turtlebot3_cartographer:/home/alejo/turtlebot3_ws/install/dynamixel_sdk_examples:/home/alejo/turtlebot3_ws/install/dynamixel_sdk_custom_interfaces:/home/alejo/turtlebot3_ws/install/dynamixel_sdk:/home/alejo/turtlebot3_ws/install/turtlebot3_teleop:/home/alejo/turtlebot3_ws/install/turtlebot3_example:/opt/ros/humble /usr/bin/cmake --build /home/alejo/turtlebot3_ws/build/turtlebot3_fake_node -- -j8 -l8
[1.092s] Invoking command in '/home/alejo/turtlebot3_ws/build/turtlebot3_fake_node': CMAKE_PREFIX_PATH=/home/alejo/turtlebot3_ws/install/turtlebot3_msgs:/home/alejo/turtlebot3_ws/install/turtlebot3:/home/alejo/turtlebot3_ws/install/turtlebot3_simulations:/home/alejo/turtlebot3_ws/install/turtlebot3_bringup:/home/alejo/turtlebot3_ws/install/turtlebot3_node:/home/alejo/turtlebot3_ws/install/turtlebot3_navigation2:/home/alejo/turtlebot3_ws/install/turtlebot3_fake_node:/home/alejo/turtlebot3_ws/install/turtlebot3_gazebo:/home/alejo/turtlebot3_ws/install/turtlebot3_description:/home/alejo/turtlebot3_ws/install/turtlebot3_cartographer:/home/alejo/turtlebot3_ws/install/dynamixel_sdk_examples:/home/alejo/turtlebot3_ws/install/dynamixel_sdk_custom_interfaces:/home/alejo/turtlebot3_ws/install/dynamixel_sdk:/home/alejo/turtlebot3_ws/install/turtlebot3_teleop:/home/alejo/turtlebot3_ws/install/turtlebot3_example:/opt/ros/humble /usr/bin/cmake --install /home/alejo/turtlebot3_ws/build/turtlebot3_fake_node
[1.105s] -- Install configuration: ""
[1.106s] -- Execute custom install script
[1.107s] -- Up-to-date symlink: /home/alejo/turtlebot3_ws/install/turtlebot3_fake_node/lib/turtlebot3_fake_node/turtlebot3_fake_node
[1.107s] -- Up-to-date symlink: /home/alejo/turtlebot3_ws/install/turtlebot3_fake_node/share/turtlebot3_fake_node/launch/rviz2.launch.py
[1.108s] -- Up-to-date symlink: /home/alejo/turtlebot3_ws/install/turtlebot3_fake_node/share/turtlebot3_fake_node/launch/turtlebot3_fake_node.launch.py
[1.108s] -- Up-to-date symlink: /home/alejo/turtlebot3_ws/install/turtlebot3_fake_node/share/turtlebot3_fake_node/param/burger.yaml
[1.109s] -- Up-to-date symlink: /home/alejo/turtlebot3_ws/install/turtlebot3_fake_node/share/turtlebot3_fake_node/param/waffle.yaml
[1.110s] -- Up-to-date symlink: /home/alejo/turtlebot3_ws/install/turtlebot3_fake_node/share/turtlebot3_fake_node/param/waffle_pi.yaml
[1.111s] -- Up-to-date symlink: /home/alejo/turtlebot3_ws/install/turtlebot3_fake_node/include//turtlebot3_fake_node/turtlebot3_fake_node.hpp
[1.111s] -- Up-to-date symlink: /home/alejo/turtlebot3_ws/install/turtlebot3_fake_node/share/ament_index/resource_index/package_run_dependencies/turtlebot3_fake_node
[1.112s] -- Up-to-date symlink: /home/alejo/turtlebot3_ws/install/turtlebot3_fake_node/share/ament_index/resource_index/parent_prefix_path/turtlebot3_fake_node
[1.112s] -- Up-to-date symlink: /home/alejo/turtlebot3_ws/install/turtlebot3_fake_node/share/turtlebot3_fake_node/environment/ament_prefix_path.sh
[1.113s] -- Up-to-date symlink: /home/alejo/turtlebot3_ws/install/turtlebot3_fake_node/share/turtlebot3_fake_node/environment/ament_prefix_path.dsv
[1.113s] -- Up-to-date symlink: /home/alejo/turtlebot3_ws/install/turtlebot3_fake_node/share/turtlebot3_fake_node/environment/path.sh
[1.114s] -- Up-to-date symlink: /home/alejo/turtlebot3_ws/install/turtlebot3_fake_node/share/turtlebot3_fake_node/environment/path.dsv
[1.114s] -- Up-to-date symlink: /home/alejo/turtlebot3_ws/install/turtlebot3_fake_node/share/turtlebot3_fake_node/local_setup.bash
[1.114s] -- Up-to-date symlink: /home/alejo/turtlebot3_ws/install/turtlebot3_fake_node/share/turtlebot3_fake_node/local_setup.sh
[1.115s] -- Up-to-date symlink: /home/alejo/turtlebot3_ws/install/turtlebot3_fake_node/share/turtlebot3_fake_node/local_setup.zsh
[1.115s] -- Up-to-date symlink: /home/alejo/turtlebot3_ws/install/turtlebot3_fake_node/share/turtlebot3_fake_node/local_setup.dsv
[1.116s] -- Symlinking: /home/alejo/turtlebot3_ws/install/turtlebot3_fake_node/share/turtlebot3_fake_node/package.dsv
[1.130s] -- Up-to-date symlink: /home/alejo/turtlebot3_ws/install/turtlebot3_fake_node/share/ament_index/resource_index/packages/turtlebot3_fake_node
[1.131s] -- Up-to-date symlink: /home/alejo/turtlebot3_ws/install/turtlebot3_fake_node/share/turtlebot3_fake_node/cmake/ament_cmake_export_include_directories-extras.cmake
[1.131s] -- Up-to-date symlink: /home/alejo/turtlebot3_ws/install/turtlebot3_fake_node/share/turtlebot3_fake_node/cmake/ament_cmake_export_dependencies-extras.cmake
[1.132s] -- Up-to-date symlink: /home/alejo/turtlebot3_ws/install/turtlebot3_fake_node/share/turtlebot3_fake_node/cmake/turtlebot3_fake_nodeConfig.cmake
[1.132s] -- Up-to-date symlink: /home/alejo/turtlebot3_ws/install/turtlebot3_fake_node/share/turtlebot3_fake_node/cmake/turtlebot3_fake_nodeConfig-version.cmake
[1.132s] -- Up-to-date symlink: /home/alejo/turtlebot3_ws/install/turtlebot3_fake_node/share/turtlebot3_fake_node/package.xml
[1.397s] Invoked command in '/home/alejo/turtlebot3_ws/build/turtlebot3_fake_node' returned '0': CMAKE_PREFIX_PATH=/home/alejo/turtlebot3_ws/install/turtlebot3_msgs:/home/alejo/turtlebot3_ws/install/turtlebot3:/home/alejo/turtlebot3_ws/install/turtlebot3_simulations:/home/alejo/turtlebot3_ws/install/turtlebot3_bringup:/home/alejo/turtlebot3_ws/install/turtlebot3_node:/home/alejo/turtlebot3_ws/install/turtlebot3_navigation2:/home/alejo/turtlebot3_ws/install/turtlebot3_fake_node:/home/alejo/turtlebot3_ws/install/turtlebot3_gazebo:/home/alejo/turtlebot3_ws/install/turtlebot3_description:/home/alejo/turtlebot3_ws/install/turtlebot3_cartographer:/home/alejo/turtlebot3_ws/install/dynamixel_sdk_examples:/home/alejo/turtlebot3_ws/install/dynamixel_sdk_custom_interfaces:/home/alejo/turtlebot3_ws/install/dynamixel_sdk:/home/alejo/turtlebot3_ws/install/turtlebot3_teleop:/home/alejo/turtlebot3_ws/install/turtlebot3_example:/opt/ros/humble /usr/bin/cmake --install /home/alejo/turtlebot3_ws/build/turtlebot3_fake_node
