[2.928s] Invoking command in '/home/alejo/turtlebot3_ws/src/turtlebot3/turtlebot3_teleop': PYTHONPATH=/home/alejo/turtlebot3_ws/build/turtlebot3_teleop/prefix_override:/home/alejo/turtlebot3_ws/install/turtlebot3_teleop/lib/python3.10/site-packages:${PYTHONPATH} /usr/bin/python3 setup.py egg_info --egg-base ../../../build/turtlebot3_teleop build --build-base /home/alejo/turtlebot3_ws/build/turtlebot3_teleop/build install --record /home/alejo/turtlebot3_ws/build/turtlebot3_teleop/install.log --single-version-externally-managed
[3.461s] running egg_info
[3.463s] writing ../../../build/turtlebot3_teleop/turtlebot3_teleop.egg-info/PKG-INFO
[3.463s] writing dependency_links to ../../../build/turtlebot3_teleop/turtlebot3_teleop.egg-info/dependency_links.txt
[3.464s] writing entry points to ../../../build/turtlebot3_teleop/turtlebot3_teleop.egg-info/entry_points.txt
[3.464s] writing requirements to ../../../build/turtlebot3_teleop/turtlebot3_teleop.egg-info/requires.txt
[3.464s] writing top-level names to ../../../build/turtlebot3_teleop/turtlebot3_teleop.egg-info/top_level.txt
[3.469s] reading manifest file '../../../build/turtlebot3_teleop/turtlebot3_teleop.egg-info/SOURCES.txt'
[3.471s] writing manifest file '../../../build/turtlebot3_teleop/turtlebot3_teleop.egg-info/SOURCES.txt'
[3.472s] running build
[3.472s] running build_py
[3.472s] running install
[3.473s] running install_lib
[3.480s] running install_data
[3.481s] running install_egg_info
[3.484s] removing '/home/alejo/turtlebot3_ws/install/turtlebot3_teleop/lib/python3.10/site-packages/turtlebot3_teleop-2.1.5-py3.10.egg-info' (and everything under it)
[3.487s] Copying ../../../build/turtlebot3_teleop/turtlebot3_teleop.egg-info to /home/alejo/turtlebot3_ws/install/turtlebot3_teleop/lib/python3.10/site-packages/turtlebot3_teleop-2.1.5-py3.10.egg-info
[3.488s] running install_scripts
[3.536s] Installing teleop_keyboard script to /home/alejo/turtlebot3_ws/install/turtlebot3_teleop/lib/turtlebot3_teleop
[3.538s] writing list of installed files to '/home/alejo/turtlebot3_ws/build/turtlebot3_teleop/install.log'
[3.955s] Invoked command in '/home/alejo/turtlebot3_ws/src/turtlebot3/turtlebot3_teleop' returned '0': PYTHONPATH=/home/alejo/turtlebot3_ws/build/turtlebot3_teleop/prefix_override:/home/alejo/turtlebot3_ws/install/turtlebot3_teleop/lib/python3.10/site-packages:${PYTHONPATH} /usr/bin/python3 setup.py egg_info --egg-base ../../../build/turtlebot3_teleop build --build-base /home/alejo/turtlebot3_ws/build/turtlebot3_teleop/build install --record /home/alejo/turtlebot3_ws/build/turtlebot3_teleop/install.log --single-version-externally-managed
