[0.987s] Invoking command in '/home/alejo/turtlebot3_ws/build/turtlebot3_teleop': PYTHONPATH=/home/alejo/turtlebot3_ws/build/turtlebot3_teleop/prefix_override:/home/alejo/turtlebot3_ws/install/turtlebot3_teleop/lib/python3.10/site-packages:${PYTHONPATH} /usr/bin/python3 setup.py develop --editable --build-directory /home/alejo/turtlebot3_ws/build/turtlebot3_teleop/build --no-deps install_data
[1.285s] running develop
[1.472s] running egg_info
[1.472s] creating turtlebot3_teleop.egg-info
[1.472s] writing turtlebot3_teleop.egg-info/PKG-INFO
[1.473s] writing dependency_links to turtlebot3_teleop.egg-info/dependency_links.txt
[1.473s] writing entry points to turtlebot3_teleop.egg-info/entry_points.txt
[1.473s] writing requirements to turtlebot3_teleop.egg-info/requires.txt
[1.473s] writing top-level names to turtlebot3_teleop.egg-info/top_level.txt
[1.473s] writing manifest file 'turtlebot3_teleop.egg-info/SOURCES.txt'
[1.475s] reading manifest file 'turtlebot3_teleop.egg-info/SOURCES.txt'
[1.475s] writing manifest file 'turtlebot3_teleop.egg-info/SOURCES.txt'
[1.477s] running build_ext
[1.477s] Creating /home/alejo/turtlebot3_ws/install/turtlebot3_teleop/lib/python3.10/site-packages/turtlebot3-teleop.egg-link (link to .)
[1.478s] Installing teleop_keyboard script to /home/alejo/turtlebot3_ws/install/turtlebot3_teleop/lib/turtlebot3_teleop
[1.478s] 
[1.479s] Installed /home/alejo/turtlebot3_ws/build/turtlebot3_teleop
[1.479s] running install_data
[1.479s] creating /home/alejo/turtlebot3_ws/install/turtlebot3_teleop/share/ament_index
[1.479s] creating /home/alejo/turtlebot3_ws/install/turtlebot3_teleop/share/ament_index/resource_index
[1.479s] creating /home/alejo/turtlebot3_ws/install/turtlebot3_teleop/share/ament_index/resource_index/packages
[1.480s] copying resource/turtlebot3_teleop -> /home/alejo/turtlebot3_ws/install/turtlebot3_teleop/share/ament_index/resource_index/packages
[1.480s] copying package.xml -> /home/alejo/turtlebot3_ws/install/turtlebot3_teleop/share/turtlebot3_teleop
[1.525s] Invoked command in '/home/alejo/turtlebot3_ws/build/turtlebot3_teleop' returned '0': PYTHONPATH=/home/alejo/turtlebot3_ws/build/turtlebot3_teleop/prefix_override:/home/alejo/turtlebot3_ws/install/turtlebot3_teleop/lib/python3.10/site-packages:${PYTHONPATH} /usr/bin/python3 setup.py develop --editable --build-directory /home/alejo/turtlebot3_ws/build/turtlebot3_teleop/build --no-deps install_data
