[0.685s] Invoking command in '/home/alejo/turtlebot3_ws/build/turtlebot3_description': CMAKE_PREFIX_PATH=${CMAKE_PREFIX_PATH}:/home/alejo/turtlebot3_ws/install/turtlebot3_teleop:/home/alejo/turtlebot3_ws/install/turtlebot3_example:/opt/ros/humble /usr/bin/cmake --build /home/alejo/turtlebot3_ws/build/turtlebot3_description -- -j8 -l8
[1.721s] Invoked command in '/home/alejo/turtlebot3_ws/build/turtlebot3_description' returned '0': CMAKE_PREFIX_PATH=${CMAKE_PREFIX_PATH}:/home/alejo/turtlebot3_ws/install/turtlebot3_teleop:/home/alejo/turtlebot3_ws/install/turtlebot3_example:/opt/ros/humble /usr/bin/cmake --build /home/alejo/turtlebot3_ws/build/turtlebot3_description -- -j8 -l8
[1.853s] Invoking command in '/home/alejo/turtlebot3_ws/build/turtlebot3_description': CMAKE_PREFIX_PATH=${CMAKE_PREFIX_PATH}:/home/alejo/turtlebot3_ws/install/turtlebot3_teleop:/home/alejo/turtlebot3_ws/install/turtlebot3_example:/opt/ros/humble /usr/bin/cmake --install /home/alejo/turtlebot3_ws/build/turtlebot3_description
[1.900s] -- Install configuration: ""
[1.901s] -- Execute custom install script
[1.902s] -- Up-to-date symlink: /home/alejo/turtlebot3_ws/install/turtlebot3_description/share/turtlebot3_description/meshes/bases/burger_base.stl
[1.903s] -- Up-to-date symlink: /home/alejo/turtlebot3_ws/install/turtlebot3_description/share/turtlebot3_description/meshes/bases/waffle_base.stl
[1.905s] -- Up-to-date symlink: /home/alejo/turtlebot3_ws/install/turtlebot3_description/share/turtlebot3_description/meshes/bases/waffle_pi_base.stl
[1.907s] -- Up-to-date symlink: /home/alejo/turtlebot3_ws/install/turtlebot3_description/share/turtlebot3_description/meshes/sensors/astra.dae
[1.911s] -- Up-to-date symlink: /home/alejo/turtlebot3_ws/install/turtlebot3_description/share/turtlebot3_description/meshes/sensors/astra.jpg
[1.911s] -- Up-to-date symlink: /home/alejo/turtlebot3_ws/install/turtlebot3_description/share/turtlebot3_description/meshes/sensors/lds.stl
[1.912s] -- Up-to-date symlink: /home/alejo/turtlebot3_ws/install/turtlebot3_description/share/turtlebot3_description/meshes/sensors/r200.dae
[1.913s] -- Up-to-date symlink: /home/alejo/turtlebot3_ws/install/turtlebot3_description/share/turtlebot3_description/meshes/sensors/r200.jpg
[1.913s] -- Up-to-date symlink: /home/alejo/turtlebot3_ws/install/turtlebot3_description/share/turtlebot3_description/meshes/wheels/left_tire.stl
[1.913s] -- Up-to-date symlink: /home/alejo/turtlebot3_ws/install/turtlebot3_description/share/turtlebot3_description/meshes/wheels/right_tire.stl
[1.914s] -- Up-to-date symlink: /home/alejo/turtlebot3_ws/install/turtlebot3_description/share/turtlebot3_description/rviz/model.rviz
[1.914s] -- Up-to-date symlink: /home/alejo/turtlebot3_ws/install/turtlebot3_description/share/turtlebot3_description/urdf/common_properties.urdf
[1.915s] -- Up-to-date symlink: /home/alejo/turtlebot3_ws/install/turtlebot3_description/share/turtlebot3_description/urdf/turtlebot3_burger.urdf
[1.915s] -- Up-to-date symlink: /home/alejo/turtlebot3_ws/install/turtlebot3_description/share/turtlebot3_description/urdf/turtlebot3_waffle.urdf
[1.915s] -- Up-to-date symlink: /home/alejo/turtlebot3_ws/install/turtlebot3_description/share/turtlebot3_description/urdf/turtlebot3_waffle_pi.urdf
[1.915s] -- Up-to-date symlink: /home/alejo/turtlebot3_ws/install/turtlebot3_description/share/ament_index/resource_index/package_run_dependencies/turtlebot3_description
[1.916s] -- Up-to-date symlink: /home/alejo/turtlebot3_ws/install/turtlebot3_description/share/ament_index/resource_index/parent_prefix_path/turtlebot3_description
[1.916s] -- Up-to-date symlink: /home/alejo/turtlebot3_ws/install/turtlebot3_description/share/turtlebot3_description/environment/ament_prefix_path.sh
[1.916s] -- Up-to-date symlink: /home/alejo/turtlebot3_ws/install/turtlebot3_description/share/turtlebot3_description/environment/ament_prefix_path.dsv
[1.916s] -- Up-to-date symlink: /home/alejo/turtlebot3_ws/install/turtlebot3_description/share/turtlebot3_description/environment/path.sh
[1.916s] -- Up-to-date symlink: /home/alejo/turtlebot3_ws/install/turtlebot3_description/share/turtlebot3_description/environment/path.dsv
[1.917s] -- Up-to-date symlink: /home/alejo/turtlebot3_ws/install/turtlebot3_description/share/turtlebot3_description/local_setup.bash
[1.917s] -- Up-to-date symlink: /home/alejo/turtlebot3_ws/install/turtlebot3_description/share/turtlebot3_description/local_setup.sh
[1.917s] -- Up-to-date symlink: /home/alejo/turtlebot3_ws/install/turtlebot3_description/share/turtlebot3_description/local_setup.zsh
[1.918s] -- Up-to-date symlink: /home/alejo/turtlebot3_ws/install/turtlebot3_description/share/turtlebot3_description/local_setup.dsv
[1.925s] -- Symlinking: /home/alejo/turtlebot3_ws/install/turtlebot3_description/share/turtlebot3_description/package.dsv
[1.977s] -- Up-to-date symlink: /home/alejo/turtlebot3_ws/install/turtlebot3_description/share/ament_index/resource_index/packages/turtlebot3_description
[1.977s] -- Up-to-date symlink: /home/alejo/turtlebot3_ws/install/turtlebot3_description/share/turtlebot3_description/cmake/turtlebot3_descriptionConfig.cmake
[1.980s] -- Up-to-date symlink: /home/alejo/turtlebot3_ws/install/turtlebot3_description/share/turtlebot3_description/cmake/turtlebot3_descriptionConfig-version.cmake
[1.981s] -- Up-to-date symlink: /home/alejo/turtlebot3_ws/install/turtlebot3_description/share/turtlebot3_description/package.xml
[1.996s] Invoked command in '/home/alejo/turtlebot3_ws/build/turtlebot3_description' returned '0': CMAKE_PREFIX_PATH=${CMAKE_PREFIX_PATH}:/home/alejo/turtlebot3_ws/install/turtlebot3_teleop:/home/alejo/turtlebot3_ws/install/turtlebot3_example:/opt/ros/humble /usr/bin/cmake --install /home/alejo/turtlebot3_ws/build/turtlebot3_description
