[0.291s] Invoking command in '/home/alejo/turtlebot3_ws/build/turtlebot3_navigation2': CMAKE_PREFIX_PATH=${CMAKE_PREFIX_PATH}:/home/alejo/turtlebot3_ws/install/turtlebot3_teleop:/home/alejo/turtlebot3_ws/install/turtlebot3_example:/opt/ros/humble /usr/bin/cmake --build /home/alejo/turtlebot3_ws/build/turtlebot3_navigation2 -- -j8 -l8
[1.235s] Invoked command in '/home/alejo/turtlebot3_ws/build/turtlebot3_navigation2' returned '0': CMAKE_PREFIX_PATH=${CMAKE_PREFIX_PATH}:/home/alejo/turtlebot3_ws/install/turtlebot3_teleop:/home/alejo/turtlebot3_ws/install/turtlebot3_example:/opt/ros/humble /usr/bin/cmake --build /home/alejo/turtlebot3_ws/build/turtlebot3_navigation2 -- -j8 -l8
[1.339s] Invoking command in '/home/alejo/turtlebot3_ws/build/turtlebot3_navigation2': CMAKE_PREFIX_PATH=${CMAKE_PREFIX_PATH}:/home/alejo/turtlebot3_ws/install/turtlebot3_teleop:/home/alejo/turtlebot3_ws/install/turtlebot3_example:/opt/ros/humble /usr/bin/cmake --install /home/alejo/turtlebot3_ws/build/turtlebot3_navigation2
[1.374s] -- Install configuration: ""
[1.374s] -- Execute custom install script
[1.377s] -- Up-to-date symlink: /home/alejo/turtlebot3_ws/install/turtlebot3_navigation2/share/turtlebot3_navigation2/launch/navigation2.launch.py
[1.378s] -- Up-to-date symlink: /home/alejo/turtlebot3_ws/install/turtlebot3_navigation2/share/turtlebot3_navigation2/map/map.pgm
[1.379s] -- Up-to-date symlink: /home/alejo/turtlebot3_ws/install/turtlebot3_navigation2/share/turtlebot3_navigation2/map/map.yaml
[1.380s] -- Up-to-date symlink: /home/alejo/turtlebot3_ws/install/turtlebot3_navigation2/share/turtlebot3_navigation2/param/burger.yaml
[1.381s] -- Up-to-date symlink: /home/alejo/turtlebot3_ws/install/turtlebot3_navigation2/share/turtlebot3_navigation2/param/waffle.yaml
[1.382s] -- Up-to-date symlink: /home/alejo/turtlebot3_ws/install/turtlebot3_navigation2/share/turtlebot3_navigation2/param/waffle_pi.yaml
[1.382s] -- Up-to-date symlink: /home/alejo/turtlebot3_ws/install/turtlebot3_navigation2/share/turtlebot3_navigation2/rviz/tb3_navigation2.rviz
[1.383s] -- Up-to-date symlink: /home/alejo/turtlebot3_ws/install/turtlebot3_navigation2/share/ament_index/resource_index/package_run_dependencies/turtlebot3_navigation2
[1.383s] -- Up-to-date symlink: /home/alejo/turtlebot3_ws/install/turtlebot3_navigation2/share/ament_index/resource_index/parent_prefix_path/turtlebot3_navigation2
[1.383s] -- Up-to-date symlink: /home/alejo/turtlebot3_ws/install/turtlebot3_navigation2/share/turtlebot3_navigation2/environment/ament_prefix_path.sh
[1.386s] -- Up-to-date symlink: /home/alejo/turtlebot3_ws/install/turtlebot3_navigation2/share/turtlebot3_navigation2/environment/ament_prefix_path.dsv
[1.386s] -- Up-to-date symlink: /home/alejo/turtlebot3_ws/install/turtlebot3_navigation2/share/turtlebot3_navigation2/environment/path.sh
[1.386s] -- Up-to-date symlink: /home/alejo/turtlebot3_ws/install/turtlebot3_navigation2/share/turtlebot3_navigation2/environment/path.dsv
[1.386s] -- Up-to-date symlink: /home/alejo/turtlebot3_ws/install/turtlebot3_navigation2/share/turtlebot3_navigation2/local_setup.bash
[1.386s] -- Up-to-date symlink: /home/alejo/turtlebot3_ws/install/turtlebot3_navigation2/share/turtlebot3_navigation2/local_setup.sh
[1.386s] -- Up-to-date symlink: /home/alejo/turtlebot3_ws/install/turtlebot3_navigation2/share/turtlebot3_navigation2/local_setup.zsh
[1.387s] -- Up-to-date symlink: /home/alejo/turtlebot3_ws/install/turtlebot3_navigation2/share/turtlebot3_navigation2/local_setup.dsv
[1.387s] -- Symlinking: /home/alejo/turtlebot3_ws/install/turtlebot3_navigation2/share/turtlebot3_navigation2/package.dsv
[1.419s] -- Up-to-date symlink: /home/alejo/turtlebot3_ws/install/turtlebot3_navigation2/share/ament_index/resource_index/packages/turtlebot3_navigation2
[1.419s] -- Up-to-date symlink: /home/alejo/turtlebot3_ws/install/turtlebot3_navigation2/share/turtlebot3_navigation2/cmake/turtlebot3_navigation2Config.cmake
[1.420s] -- Up-to-date symlink: /home/alejo/turtlebot3_ws/install/turtlebot3_navigation2/share/turtlebot3_navigation2/cmake/turtlebot3_navigation2Config-version.cmake
[1.420s] -- Up-to-date symlink: /home/alejo/turtlebot3_ws/install/turtlebot3_navigation2/share/turtlebot3_navigation2/package.xml
[1.643s] Invoked command in '/home/alejo/turtlebot3_ws/build/turtlebot3_navigation2' returned '0': CMAKE_PREFIX_PATH=${CMAKE_PREFIX_PATH}:/home/alejo/turtlebot3_ws/install/turtlebot3_teleop:/home/alejo/turtlebot3_ws/install/turtlebot3_example:/opt/ros/humble /usr/bin/cmake --install /home/alejo/turtlebot3_ws/build/turtlebot3_navigation2
