[0.229s] Invoking command in '/home/alejo/turtlebot3_ws/build/turtlebot3_node': AMENT_PREFIX_PATH=/home/alejo/turtlebot3_ws/install/turtlebot3_msgs:/home/alejo/turtlebot3_ws/install/dynamixel_sdk:${AMENT_PREFIX_PATH} CMAKE_PREFIX_PATH=/home/alejo/turtlebot3_ws/install/turtlebot3_msgs:/home/alejo/turtlebot3_ws/install/dynamixel_sdk:/opt/ros/humble LD_LIBRARY_PATH=/home/alejo/turtlebot3_ws/install/turtlebot3_msgs/lib:/home/alejo/turtlebot3_ws/install/dynamixel_sdk/lib:${LD_LIBRARY_PATH} PYTHONPATH=/home/alejo/turtlebot3_ws/install/turtlebot3_msgs/local/lib/python3.10/dist-packages:${PYTHONPATH} /usr/bin/cmake --build /home/alejo/turtlebot3_ws/build/turtlebot3_node -- -j8 -l8
[0.730s] [ 85%] Built target turtlebot3_node_lib
[0.730s] [100%] Built target turtlebot3_ros
[0.739s] Invoked command in '/home/alejo/turtlebot3_ws/build/turtlebot3_node' returned '0': AMENT_PREFIX_PATH=/home/alejo/turtlebot3_ws/install/turtlebot3_msgs:/home/alejo/turtlebot3_ws/install/dynamixel_sdk:${AMENT_PREFIX_PATH} CMAKE_PREFIX_PATH=/home/alejo/turtlebot3_ws/install/turtlebot3_msgs:/home/alejo/turtlebot3_ws/install/dynamixel_sdk:/opt/ros/humble LD_LIBRARY_PATH=/home/alejo/turtlebot3_ws/install/turtlebot3_msgs/lib:/home/alejo/turtlebot3_ws/install/dynamixel_sdk/lib:${LD_LIBRARY_PATH} PYTHONPATH=/home/alejo/turtlebot3_ws/install/turtlebot3_msgs/local/lib/python3.10/dist-packages:${PYTHONPATH} /usr/bin/cmake --build /home/alejo/turtlebot3_ws/build/turtlebot3_node -- -j8 -l8
[0.832s] Invoking command in '/home/alejo/turtlebot3_ws/build/turtlebot3_node': AMENT_PREFIX_PATH=/home/alejo/turtlebot3_ws/install/turtlebot3_msgs:/home/alejo/turtlebot3_ws/install/dynamixel_sdk:${AMENT_PREFIX_PATH} CMAKE_PREFIX_PATH=/home/alejo/turtlebot3_ws/install/turtlebot3_msgs:/home/alejo/turtlebot3_ws/install/dynamixel_sdk:/opt/ros/humble LD_LIBRARY_PATH=/home/alejo/turtlebot3_ws/install/turtlebot3_msgs/lib:/home/alejo/turtlebot3_ws/install/dynamixel_sdk/lib:${LD_LIBRARY_PATH} PYTHONPATH=/home/alejo/turtlebot3_ws/install/turtlebot3_msgs/local/lib/python3.10/dist-packages:${PYTHONPATH} /usr/bin/cmake --install /home/alejo/turtlebot3_ws/build/turtlebot3_node
[0.846s] -- Install configuration: ""
[0.847s] -- Execute custom install script
[0.848s] -- Up-to-date symlink: /home/alejo/turtlebot3_ws/install/turtlebot3_node/share/turtlebot3_node/param/burger.yaml
[0.848s] -- Up-to-date symlink: /home/alejo/turtlebot3_ws/install/turtlebot3_node/share/turtlebot3_node/param/waffle.yaml
[0.848s] -- Up-to-date symlink: /home/alejo/turtlebot3_ws/install/turtlebot3_node/share/turtlebot3_node/param/waffle_pi.yaml
[0.848s] -- Up-to-date symlink: /home/alejo/turtlebot3_ws/install/turtlebot3_node/lib/turtlebot3_node/turtlebot3_ros
[0.849s] -- Up-to-date symlink: /home/alejo/turtlebot3_ws/install/turtlebot3_node/share/ament_index/resource_index/package_run_dependencies/turtlebot3_node
[0.849s] -- Up-to-date symlink: /home/alejo/turtlebot3_ws/install/turtlebot3_node/share/ament_index/resource_index/parent_prefix_path/turtlebot3_node
[0.849s] -- Up-to-date symlink: /home/alejo/turtlebot3_ws/install/turtlebot3_node/share/turtlebot3_node/environment/ament_prefix_path.sh
[0.849s] -- Up-to-date symlink: /home/alejo/turtlebot3_ws/install/turtlebot3_node/share/turtlebot3_node/environment/ament_prefix_path.dsv
[0.849s] -- Up-to-date symlink: /home/alejo/turtlebot3_ws/install/turtlebot3_node/share/turtlebot3_node/environment/path.sh
[0.850s] -- Up-to-date symlink: /home/alejo/turtlebot3_ws/install/turtlebot3_node/share/turtlebot3_node/environment/path.dsv
[0.850s] -- Up-to-date symlink: /home/alejo/turtlebot3_ws/install/turtlebot3_node/share/turtlebot3_node/local_setup.bash
[0.850s] -- Up-to-date symlink: /home/alejo/turtlebot3_ws/install/turtlebot3_node/share/turtlebot3_node/local_setup.sh
[0.850s] -- Up-to-date symlink: /home/alejo/turtlebot3_ws/install/turtlebot3_node/share/turtlebot3_node/local_setup.zsh
[0.850s] -- Up-to-date symlink: /home/alejo/turtlebot3_ws/install/turtlebot3_node/share/turtlebot3_node/local_setup.dsv
[0.851s] -- Symlinking: /home/alejo/turtlebot3_ws/install/turtlebot3_node/share/turtlebot3_node/package.dsv
[0.866s] -- Up-to-date symlink: /home/alejo/turtlebot3_ws/install/turtlebot3_node/share/ament_index/resource_index/packages/turtlebot3_node
[0.866s] -- Up-to-date symlink: /home/alejo/turtlebot3_ws/install/turtlebot3_node/share/turtlebot3_node/cmake/ament_cmake_export_include_directories-extras.cmake
[0.866s] -- Up-to-date symlink: /home/alejo/turtlebot3_ws/install/turtlebot3_node/share/turtlebot3_node/cmake/turtlebot3_nodeConfig.cmake
[0.866s] -- Up-to-date symlink: /home/alejo/turtlebot3_ws/install/turtlebot3_node/share/turtlebot3_node/cmake/turtlebot3_nodeConfig-version.cmake
[0.866s] -- Up-to-date symlink: /home/alejo/turtlebot3_ws/install/turtlebot3_node/share/turtlebot3_node/package.xml
[0.870s] Invoked command in '/home/alejo/turtlebot3_ws/build/turtlebot3_node' returned '0': AMENT_PREFIX_PATH=/home/alejo/turtlebot3_ws/install/turtlebot3_msgs:/home/alejo/turtlebot3_ws/install/dynamixel_sdk:${AMENT_PREFIX_PATH} CMAKE_PREFIX_PATH=/home/alejo/turtlebot3_ws/install/turtlebot3_msgs:/home/alejo/turtlebot3_ws/install/dynamixel_sdk:/opt/ros/humble LD_LIBRARY_PATH=/home/alejo/turtlebot3_ws/install/turtlebot3_msgs/lib:/home/alejo/turtlebot3_ws/install/dynamixel_sdk/lib:${LD_LIBRARY_PATH} PYTHONPATH=/home/alejo/turtlebot3_ws/install/turtlebot3_msgs/local/lib/python3.10/dist-packages:${PYTHONPATH} /usr/bin/cmake --install /home/alejo/turtlebot3_ws/build/turtlebot3_node
